Sender: LSF System <lsf@node1967>
Subject: Job 6209726: <python -u ../../scripts/find_optimal_params.py -i ./ --max_probe_count 300000 -o ../2015-10_params/count_300000.params> in cluster <cromwell> Done

Job <python -u ../../scripts/find_optimal_params.py -i ./ --max_probe_count 300000 -o ../2015-10_params/count_300000.params> was submitted from host <silver> by user <hmetsky> in cluster <cromwell>.
Job was executed on host(s) <node1967>, in queue <week>, as user <hmetsky> in cluster <cromwell>.
</home/unix/hmetsky> was used as the home directory.
</home/unix/hmetsky/viral/viral-work/results/hybsel_design/viral-probe-set_all-human-host-viruses/2015-10> was used as the working directory.
Started at Thu Jan  7 16:16:02 2016
Results reported on Thu Jan  7 18:43:26 2016

Your job looked like:

------------------------------------------------------------
# LSBATCH: User input
python -u ../../scripts/find_optimal_params.py -i ./ --max_probe_count 300000 -o ../2015-10_params/count_300000.params
------------------------------------------------------------

Successfully completed.

Resource usage summary:

    CPU time :               8679.89 sec.
    Max Memory :             1154 MB
    Average Memory :         1112.57 MB
    Total Requested Memory : 8592.00 MB
    Delta Memory :           7438.00 MB
    (Delta: the difference between Total Requested Memory and Max Memory.)
    Max Processes :          6
    Max Threads :            7

The output (if any) follows:

WARNING: Initial guess is beyond the probe barrier (373342, but the max is 300000)
         ...continuing anyway
Starting an iteration with eps=10.000000, with x0 yielding 373342.500000 probes
  NIT   NF   F                       GTG
    0    1  1.368885684338408E+05   1.17392205E+06
    1    2  1.368885684338408E+05   1.15469309E+06
    2    4  1.293604858891923E+05   2.71323950E+06
    3    6  1.123378739977439E+05   6.70401956E+07
    4    8  1.504086673541182E+04   3.65590025E+04
    5   12  1.487031013024687E+04   3.56473108E+04
    6   15  1.456022601780422E+04   3.71569092E+04
    7   24  1.424417137759223E+04   2.58773462E+05
    8   27  1.397467744634277E+04   1.80284227E+05
    9   31  1.387639383419769E+04   1.74646748E+05
   10   37  1.383598580553006E+04   6.69165045E+06
   11  123  1.220319352169474E+04   3.10716239E+15
   11  209  1.220319352169474E+04   3.10716239E+15
  Iteration failed to converge!
Starting an iteration with eps=1.000000, with x0 yielding 300000.000000 probes
  NIT   NF   F                       GTG
    0    1  1.220319352183514E+04   3.10716174E+15
    1   51  1.220319352183514E+04   3.10716174E+15
    1   90  1.220319352183514E+04   3.10716174E+15
  Iteration failed to converge!
Starting an iteration with eps=0.100000, with x0 yielding 300000.000000 probes
  NIT   NF   F                       GTG
    0    1  1.220319352184918E+04   3.10716173E+15
    1   51  1.220319352184918E+04   3.10716173E+15
    1   89  1.220319352184918E+04   3.10716173E+15
  Iteration failed to converge!
Starting an iteration with eps=0.010000, with x0 yielding 300000.000000 probes
  NIT   NF   F                       GTG
    0    1  1.220319352185058E+04   3.10716173E+15
    1   51  1.220319352185058E+04   3.10716173E+15
    1   89  1.220319352185058E+04   3.10716173E+15
  Iteration failed to converge!
##############################
Continuous parameter values:
ablv: (5.012459, 38.754039)
achimota: (4.986045, 40.793557)
aedes: (5.127775, 38.059963)
aguacate: (5.047363, 41.345779)
akabane: (5.258183, 40.795249)
alethinophid_reptarenavirus: (4.986045, 38.558186)
allpahuayo: (4.986045, 38.230685)
amapari: (4.986045, 38.449232)
ampv: (4.999730, 41.042724)
andes: (5.163076, 40.724142)
apmv: (5.303186, 45.419915)
apoi: (4.986045, 38.111537)
aravan: (4.986042, 38.159739)
aroa: (4.986045, 41.212372)
arumowot: (4.986045, 38.171091)
aspv: (4.986045, 38.423083)
avian_vornavirus: (4.986045, 38.085601)
b19: (5.081912, 38.244436)
bagaza: (5.287514, 38.282901)
banna: (5.112048, 41.100748)
bat_hepevirus: (4.986017, 38.202706)
bat_sapovirus_tlc58: (4.986017, 38.023248)
bear_canyon: (4.986042, 38.445113)
beilong: (4.986042, 38.511644)
betapapillomavirus_1: (5.344705, 43.121005)
betapapillomavirus_2: (5.171917, 42.790713)
betapapillomavirus_3: (5.054361, 38.839204)
betapapillomavirus_4: (4.986045, 38.019310)
betapapillomavirus_5: (4.987714, 38.243615)
betapapillomavirus_6: (4.986015, 38.023248)
bhanja: (4.994324, 40.873794)
bk: (5.037195, 38.044148)
bokeloh_bat: (4.986042, 38.160004)
borna_disease: (5.055174, 38.826655)
bovine_hepacivirus: (5.185100, 38.455284)
bpv_3: (5.474186, 41.005146)
brazoran: (4.986015, 38.185433)
brsv: (4.986042, 38.391182)
bunyamwera: (5.191422, 41.703165)
california_encephalitis: (5.493716, 43.514924)
candiru: (5.204319, 43.849556)
canine_distemper: (5.313253, 38.454638)
canine_pneumovirus: (4.986015, 38.359221)
cedar: (4.986015, 38.479653)
cell_fusing_agent: (4.978325, 38.128323)
cetacean_morbillivirus: (4.986042, 38.388243)
chandipura: (5.010581, 40.854036)
chaoyang: (4.986042, 38.111466)
chapare: (4.986042, 38.126230)
chikungunya: (5.117468, 38.793514)
colobus_monkey_papillomavirus: (4.986042, 38.023248)
crimean_congo: (5.840455, 43.345047)
ctfv: (4.986042, 40.697093)
cupixi: (4.986042, 38.143045)
cxfv: (5.148440, 38.052227)
dengue: (5.891253, 41.622192)
dobrava_belgrade: (5.221103, 41.163581)
donggang: (4.986042, 38.137647)
dugbe: (5.019923, 38.508482)
duvenhage: (5.188768, 38.075548)
eblv_1: (4.980342, 38.094667)
eblv_2: (4.969353, 38.138013)
ebola_nonzaire: (5.134271, 45.511434)
ebola_zaire_with_2014: (5.061264, 38.993838)
eee: (5.019659, 41.217361)
entebbe_bat: (4.986042, 38.083689)
enterovirus_a: (6.044004, 46.306322)
enterovirus_b: (6.273309, 49.999000)
enterovirus_c: (5.867701, 49.999000)
enterovirus_d: (5.336790, 40.665203)
eyach: (4.986014, 40.696030)
feline_morbillivirus: (5.338671, 38.468007)
fer_de_lance: (4.981080, 40.712266)
fitzroy_river: (4.986019, 38.136302)
flexal: (4.986016, 38.119306)
gairo: (4.986016, 38.131293)
gbv_c: (6.197400, 42.117782)
gemycircularvirus_sl1: (4.986016, 37.880567)
goose_paramyxovirus_sf02: (4.986019, 38.381874)
great_island: (5.190768, 41.411748)
guanarito: (5.155997, 38.501872)
hantaan: (5.425573, 41.850936)
hantavirus_z10: (4.986015, 38.171385)
hbov: (4.963240, 38.454812)
heartland: (4.977478, 38.147596)
hecv_4408: (4.986012, 40.793035)
hendra: (4.986049, 38.478900)
hepatitis_a: (5.472478, 38.873077)
hepatitis_b: (4.999000, 41.989202)
hepatitis_c: (8.343385, 49.999000)
hepatitis_delta: (5.550878, 41.226932)
hepatitis_e: (6.513459, 45.823216)
herpesvirus_1: (5.093888, 43.851161)
herpesvirus_2: (5.259874, 43.311066)
herpesvirus_3: (4.996666, 43.206329)
herpesvirus_4: (5.570733, 43.165653)
herpesvirus_5: (5.840187, 49.999000)
herpesvirus_6: (5.035721, 43.825945)
herpesvirus_7: (4.996045, 43.663192)
herpesvirus_8: (5.002138, 46.686525)
hervk: (4.986031, 38.026677)
hiv1_without_ltr: (7.999000, 47.208828)
hiv2_without_ltr: (5.708580, 41.809480)
hpiv_1: (5.000811, 38.318388)
hpiv_2: (5.038357, 38.100757)
hpiv_3: (5.265093, 38.790474)
hpiv_4: (5.203889, 38.663130)
hpv: (5.023234, 41.771538)
human_coronavirus_229e: (5.157095, 38.974897)
human_coronavirus_hku1: (5.063972, 39.021702)
human_coronavirus_nl63: (4.949293, 38.798127)
human_coronavirus_oc43: (5.174251, 40.736172)
human_genital_associated_circular_dna: (4.986012, 37.885549)
human_picobirnavirus: (4.986040, 37.900666)
human_smacovirus_1: (5.006432, 37.919209)
ikoma: (4.986015, 38.160004)
ilheus: (5.005456, 38.513954)
influenza_a: (6.042468, 43.548051)
influenza_b: (5.281179, 38.550056)
influenza_c: (4.986049, 38.229740)
ippy: (4.986049, 38.131222)
irkut: (5.110177, 38.208874)
j_virus: (4.986049, 38.505657)
jc: (5.010949, 38.238177)
jev: (5.374982, 41.337303)
junin: (5.070714, 38.641003)
kadipiro: (4.986449, 38.553352)
kamiti_river: (4.986014, 38.147570)
kedougou: (4.986049, 38.131222)
kfd: (5.122706, 38.282412)
khujand: (4.986015, 38.160004)
ki_polyomavirus: (4.986049, 37.924192)
kokobera: (5.017738, 41.190110)
lagos_bat: (4.986016, 41.003771)
langat: (4.986020, 38.137470)
lassa: (6.004722, 44.479100)
latino: (4.986049, 38.222107)
lcmv: (5.455057, 45.513091)
leopards_hill: (4.986013, 38.520968)
liao_ning: (5.002087, 38.549048)
lloviu_cuevavirus: (4.986049, 38.501162)
louping_ill: (5.005702, 38.137479)
lujo: (4.986012, 38.177149)
luna: (5.146152, 41.327780)
lunk_nks1: (4.986042, 38.135885)
lyssavirus_ozernoe: (4.986016, 38.163986)
machupo: (5.129481, 38.192532)
mamastrovirus: (5.527011, 39.262800)
manzanilla: (4.969663, 38.206301)
mapuera: (4.986013, 38.384386)
marburg: (5.355582, 40.862200)
mastadenovirus_a: (5.399066, 41.823759)
mastadenovirus_b: (5.603955, 41.726257)
mastadenovirus_c: (5.517277, 41.928096)
mastadenovirus_d: (5.557363, 41.224194)
mayaro: (5.110366, 38.561905)
mcv: (4.979055, 38.165913)
measles: (5.324347, 38.319221)
menangle: (5.028167, 38.209588)
mercadeo: (4.986032, 38.156085)
mers: (5.242441, 41.480746)
metapneumovirus: (5.307964, 39.245565)
mobala: (4.986049, 38.128578)
modoc: (4.986055, 38.135763)
mojiang: (4.986013, 38.485296)
mokola: (5.336110, 41.508973)
montana_myotis_leukoencephalitis: (4.986051, 38.128772)
mopeia: (4.986015, 38.592214)
mopeia_lassa_reassortant_29: (4.986039, 38.279390)
morogoro: (4.986042, 38.152386)
mossman: (4.986045, 38.429132)
mssi2_225: (4.986051, 37.886254)
mumps: (5.277568, 40.620826)
murine_pneumonia: (4.994232, 38.355785)
mvev: (5.266957, 40.809171)
nariva: (4.986035, 38.375350)
ndv: (6.280951, 43.853142)
nipah: (5.168688, 38.112388)
norwalk: (5.769673, 46.718653)
norway_rat_hepacivirus: (4.986059, 38.462007)
ntaya: (4.986042, 38.139081)
o_nyong_nyong: (4.976457, 38.142416)
oliveros: (4.986016, 38.267092)
omsk_hemorrhagiv_fever: (5.077988, 38.457355)
oropouche: (5.263963, 38.192639)
parana: (4.986468, 38.126244)
parramatta_river: (4.986013, 38.132955)
pichinde: (5.027458, 38.734826)
pirital: (4.986788, 40.763144)
piscihepevirus_a: (4.986045, 38.014768)
piv_5: (4.986293, 38.379120)
porcine: (4.986053, 38.383043)
powassan: (5.195750, 38.388769)
ppiv_1: (5.126584, 38.344491)
pprv: (5.522221, 38.678273)
ptlv_1: (5.152039, 38.817101)
ptlv_2: (5.147619, 38.333396)
punta_toro: (5.213223, 40.679414)
puumala: (5.706708, 42.148124)
quang_binh: (4.988146, 38.720686)
razdan: (4.986017, 38.139039)
reptile_bornavirus_1: (4.986008, 38.079669)
rhabdovirus: (6.372214, 44.565720)
rhinovirus_a: (5.700606, 49.999000)
rhinovirus_b: (5.635636, 44.505620)
rift_valley_fever: (5.130769, 38.184848)
rinderpest: (5.235909, 38.423377)
rio_bravo: (4.986039, 38.092883)
rodent_hepacivirus: (4.986015, 38.085750)
rodent_torque_teno: (4.977905, 37.889036)
ross_river: (4.964019, 38.612882)
rotavirus_a: (7.204935, 49.999000)
rotavirus_b: (5.289741, 42.059482)
rotavirus_c: (5.771381, 43.497643)
rotavirus_f: (4.986013, 38.491762)
rotavirus_g: (5.140245, 38.479036)
rotavirus_h: (5.060760, 38.533585)
rotavirus_i: (5.191476, 38.567130)
royal_farm: (4.983713, 40.760923)
rsv: (5.218120, 40.705510)
rubella: (5.412299, 38.374845)
sabia: (4.986043, 38.491192)
salem: (4.986018, 38.422542)
sapporo: (5.383333, 42.619782)
sars: (5.629343, 41.237480)
sathuperi: (5.054233, 38.554847)
seal_anellovirus: (4.986058, 38.025009)
sendai: (5.406068, 38.761046)
seoul: (5.164881, 38.184192)
sepik: (4.986009, 38.145117)
sfnv: (5.071021, 42.253960)
sfsv: (5.083567, 38.445322)
sfts: (5.237400, 39.108523)
shamonda: (5.102507, 40.997665)
shimoni_bat: (4.986040, 38.161358)
shuni: (4.973664, 40.522522)
simbu: (4.986040, 38.161358)
simian_41: (4.986047, 38.384074)
simian_torque_teno: (5.002134, 38.407384)
sin_nombre: (5.285582, 39.043642)
slev: (5.253499, 38.746514)
small_anellovirus: (4.986048, 37.886340)
sosuga: (4.986047, 38.384074)
spanish_goat_encephalitis: (4.986052, 38.135642)
sunshine: (4.986035, 38.466073)
sv40: (5.048515, 38.117652)
tacaribe: (4.986031, 38.213066)
tailam: (4.986029, 38.517085)
tamana_bat: (4.986025, 38.157835)
tamiami: (4.986041, 38.217512)
tbev: (5.554964, 39.582855)
tembusu: (5.168302, 38.236933)
thogoto: (4.988549, 38.617233)
thottapalayam: (5.112801, 38.624310)
tioman: (4.986043, 38.377714)
tlmv: (4.986437, 38.394809)
torque_teno: (5.450377, 43.295302)
torque_teno_canis: (5.011629, 37.875988)
torque_teno_douroucouli: (4.986038, 37.892930)
torque_teno_felis: (5.027394, 37.944883)
torque_teno_midi: (5.019952, 38.004004)
torque_teno_mini: (4.988678, 40.752458)
torque_teno_sus: (5.428845, 41.165979)
torque_teno_tamarin: (4.986017, 37.888682)
torque_teno_zalophus: (4.986018, 37.900533)
tuhoko: (4.986031, 41.342367)
tula: (5.064104, 38.430846)
tupaia: (4.986036, 38.458259)
usutu: (4.977539, 38.509088)
uukuniemi: (5.093732, 42.013421)
vaccinia: (5.320231, 44.681671)
variola: (4.990895, 44.451050)
vee: (5.393389, 42.582421)
vsiv: (5.010259, 38.162010)
wee: (4.971265, 38.136727)
wesselsbron: (5.069338, 38.114001)
west_caucasion_bat: (4.986033, 38.168612)
west_nile: (5.564415, 42.024015)
whitewater_arroyo: (4.997013, 41.095400)
wu_polyomavirus: (4.986036, 37.896219)
yellow_fever: (5.513579, 41.101789)
yokose: (4.986046, 38.135744)
ypv: (4.986035, 38.142121)
zika: (4.986015, 38.136342)
zygosaccharomyces_bailii_z: (4.986046, 37.890631)
TOTAL INTERPOLATED PROBE COUNT: 300000.000000
##############################

##############################
Rounded parameter values:
ablv: (3, 40)
achimota: (0, 30)
aedes: (4, 30)
aguacate: (4, 30)
akabane: (4, 40)
alethinophid_reptarenavirus: (0, 30)
allpahuayo: (2, 30)
amapari: (0, 30)
ampv: (4, 40)
andes: (4, 40)
apmv: (4, 30)
apoi: (0, 30)
aravan: (0, 30)
aroa: (0, 30)
arumowot: (0, 30)
aspv: (0, 30)
avian_vornavirus: (0, 30)
b19: (4, 40)
bagaza: (4, 40)
banna: (4, 30)
bat_hepevirus: (0, 30)
bat_sapovirus_tlc58: (0, 30)
bear_canyon: (4, 30)
beilong: (0, 30)
betapapillomavirus_1: (4, 40)
betapapillomavirus_2: (4, 40)
betapapillomavirus_3: (4, 30)
betapapillomavirus_4: (0, 30)
betapapillomavirus_5: (0, 30)
betapapillomavirus_6: (0, 30)
bhanja: (2, 30)
bk: (4, 40)
bokeloh_bat: (0, 30)
borna_disease: (4, 30)
bovine_hepacivirus: (4, 30)
bpv_3: (4, 50)
brazoran: (0, 30)
brsv: (1, 30)
bunyamwera: (5, 50)
california_encephalitis: (5, 50)
candiru: (4, 50)
canine_distemper: (5, 40)
canine_pneumovirus: (0, 30)
cedar: (0, 30)
cell_fusing_agent: (4, 30)
cetacean_morbillivirus: (0, 30)
chandipura: (3, 50)
chaoyang: (3, 30)
chapare: (0, 30)
chikungunya: (5, 40)
colobus_monkey_papillomavirus: (0, 30)
crimean_congo: (5, 50)
ctfv: (0, 50)
cupixi: (0, 30)
cxfv: (5, 30)
dengue: (5, 50)
dobrava_belgrade: (5, 50)
donggang: (0, 30)
dugbe: (3, 30)
duvenhage: (5, 30)
eblv_1: (4, 30)
eblv_2: (3, 30)
ebola_nonzaire: (5, 50)
ebola_zaire_with_2014: (5, 40)
eee: (4, 50)
entebbe_bat: (0, 30)
enterovirus_a: (5, 50)
enterovirus_b: (5, 50)
enterovirus_c: (5, 50)
enterovirus_d: (5, 50)
eyach: (0, 50)
feline_morbillivirus: (5, 40)
fer_de_lance: (1, 50)
fitzroy_river: (0, 30)
flexal: (0, 30)
gairo: (0, 30)
gbv_c: (5, 50)
gemycircularvirus_sl1: (2, 30)
goose_paramyxovirus_sf02: (0, 30)
great_island: (5, 50)
guanarito: (5, 30)
hantaan: (5, 50)
hantavirus_z10: (2, 30)
hbov: (5, 40)
heartland: (4, 40)
hecv_4408: (0, 50)
hendra: (3, 30)
hepatitis_a: (5, 40)
hepatitis_b: (5, 50)
hepatitis_c: (5, 50)
hepatitis_delta: (5, 50)
hepatitis_e: (5, 50)
herpesvirus_1: (5, 50)
herpesvirus_2: (5, 50)
herpesvirus_3: (3, 50)
herpesvirus_4: (5, 50)
herpesvirus_5: (5, 50)
herpesvirus_6: (4, 50)
herpesvirus_7: (3, 50)
herpesvirus_8: (4, 50)
hervk: (2, 30)
hiv1_without_ltr: (5, 50)
hiv2_without_ltr: (5, 50)
hpiv_1: (4, 40)
hpiv_2: (5, 30)
hpiv_3: (5, 40)
hpiv_4: (5, 30)
hpv: (1, 50)
human_coronavirus_229e: (5, 40)
human_coronavirus_hku1: (5, 40)
human_coronavirus_nl63: (3, 40)
human_coronavirus_oc43: (5, 50)
human_genital_associated_circular_dna: (0, 30)
human_picobirnavirus: (0, 30)
human_smacovirus_1: (5, 30)
ikoma: (0, 30)
ilheus: (5, 30)
influenza_a: (5, 50)
influenza_b: (5, 40)
influenza_c: (0, 30)
ippy: (0, 30)
irkut: (5, 30)
j_virus: (0, 30)
jc: (5, 40)
jev: (5, 50)
junin: (5, 30)
kadipiro: (2, 30)
kamiti_river: (0, 30)
kedougou: (0, 30)
kfd: (5, 40)
khujand: (0, 30)
ki_polyomavirus: (1, 30)
kokobera: (1, 50)
lagos_bat: (4, 50)
langat: (0, 30)
lassa: (5, 50)
latino: (0, 30)
lcmv: (5, 50)
leopards_hill: (2, 30)
liao_ning: (3, 30)
lloviu_cuevavirus: (0, 30)
louping_ill: (5, 40)
lujo: (0, 40)
luna: (0, 50)
lunk_nks1: (0, 30)
lyssavirus_ozernoe: (0, 30)
machupo: (5, 40)
mamastrovirus: (5, 40)
manzanilla: (4, 30)
mapuera: (0, 30)
marburg: (5, 50)
mastadenovirus_a: (5, 50)
mastadenovirus_b: (5, 50)
mastadenovirus_c: (5, 50)
mastadenovirus_d: (5, 50)
mayaro: (3, 40)
mcv: (4, 40)
measles: (5, 30)
menangle: (5, 30)
mercadeo: (3, 30)
mers: (5, 50)
metapneumovirus: (5, 40)
mobala: (0, 30)
modoc: (0, 30)
mojiang: (0, 30)
mokola: (1, 50)
montana_myotis_leukoencephalitis: (0, 30)
mopeia: (2, 40)
mopeia_lassa_reassortant_29: (4, 40)
morogoro: (0, 30)
mossman: (0, 30)
mssi2_225: (0, 30)
mumps: (5, 50)
murine_pneumonia: (4, 30)
mvev: (5, 50)
nariva: (0, 30)
ndv: (5, 50)
nipah: (5, 30)
norwalk: (5, 50)
norway_rat_hepacivirus: (0, 30)
ntaya: (0, 30)
o_nyong_nyong: (4, 30)
oliveros: (0, 40)
omsk_hemorrhagiv_fever: (5, 40)
oropouche: (5, 40)
parana: (0, 30)
parramatta_river: (0, 30)
pichinde: (4, 30)
pirital: (2, 50)
piscihepevirus_a: (0, 30)
piv_5: (4, 30)
porcine: (0, 30)
powassan: (5, 40)
ppiv_1: (5, 40)
pprv: (5, 30)
ptlv_1: (5, 40)
ptlv_2: (5, 40)
punta_toro: (5, 50)
puumala: (5, 50)
quang_binh: (3, 30)
razdan: (0, 30)
reptile_bornavirus_1: (0, 30)
rhabdovirus: (5, 50)
rhinovirus_a: (5, 50)
rhinovirus_b: (5, 50)
rift_valley_fever: (5, 40)
rinderpest: (5, 30)
rio_bravo: (0, 30)
rodent_hepacivirus: (0, 30)
rodent_torque_teno: (4, 30)
ross_river: (4, 40)
rotavirus_a: (5, 50)
rotavirus_b: (5, 50)
rotavirus_c: (5, 50)
rotavirus_f: (0, 30)
rotavirus_g: (5, 30)
rotavirus_h: (5, 30)
rotavirus_i: (5, 40)
royal_farm: (1, 50)
rsv: (5, 50)
rubella: (5, 30)
sabia: (3, 40)
salem: (0, 30)
sapporo: (5, 50)
sars: (5, 50)
sathuperi: (5, 40)
seal_anellovirus: (3, 30)
sendai: (5, 30)
seoul: (5, 30)
sepik: (0, 30)
sfnv: (5, 50)
sfsv: (5, 40)
sfts: (5, 40)
shamonda: (3, 50)
shimoni_bat: (0, 30)
shuni: (4, 50)
simbu: (0, 30)
simian_41: (0, 30)
simian_torque_teno: (4, 30)
sin_nombre: (5, 40)
slev: (5, 40)
small_anellovirus: (0, 30)
sosuga: (0, 30)
spanish_goat_encephalitis: (0, 30)
sunshine: (0, 30)
sv40: (5, 40)
tacaribe: (0, 40)
tailam: (0, 30)
tamana_bat: (0, 40)
tamiami: (4, 30)
tbev: (5, 40)
tembusu: (5, 40)
thogoto: (3, 40)
thottapalayam: (5, 40)
tioman: (0, 30)
tlmv: (4, 30)
torque_teno: (5, 50)
torque_teno_canis: (3, 30)
torque_teno_douroucouli: (0, 30)
torque_teno_felis: (5, 40)
torque_teno_midi: (2, 40)
torque_teno_mini: (4, 50)
torque_teno_sus: (5, 50)
torque_teno_tamarin: (0, 30)
torque_teno_zalophus: (0, 40)
tuhoko: (0, 50)
tula: (5, 30)
tupaia: (0, 30)
usutu: (5, 40)
uukuniemi: (5, 50)
vaccinia: (5, 50)
variola: (5, 50)
vee: (5, 50)
vsiv: (5, 40)
wee: (3, 40)
wesselsbron: (5, 30)
west_caucasion_bat: (0, 30)
west_nile: (5, 50)
whitewater_arroyo: (3, 50)
wu_polyomavirus: (4, 30)
yellow_fever: (5, 50)
yokose: (0, 30)
ypv: (0, 30)
zika: (1, 40)
zygosaccharomyces_bailii_z: (0, 30)
TOTAL PROBE COUNT: 299998
##############################
