Sender: LSF System <lsf@node1695>
Subject: Job 6209720: <python -u ../../scripts/find_optimal_params.py -i ./ --max_probe_count 2100000 -o ../2015-10_params/count_2100000.params> in cluster <cromwell> Done

Job <python -u ../../scripts/find_optimal_params.py -i ./ --max_probe_count 2100000 -o ../2015-10_params/count_2100000.params> was submitted from host <silver> by user <hmetsky> in cluster <cromwell>.
Job was executed on host(s) <node1695>, in queue <week>, as user <hmetsky> in cluster <cromwell>.
</home/unix/hmetsky> was used as the home directory.
</home/unix/hmetsky/viral/viral-work/results/hybsel_design/viral-probe-set_all-human-host-viruses/2015-10> was used as the working directory.
Started at Thu Jan  7 16:15:59 2016
Results reported on Fri Jan  8 00:51:38 2016

Your job looked like:

------------------------------------------------------------
# LSBATCH: User input
python -u ../../scripts/find_optimal_params.py -i ./ --max_probe_count 2100000 -o ../2015-10_params/count_2100000.params
------------------------------------------------------------

Successfully completed.

Resource usage summary:

    CPU time :               31625.21 sec.
    Max Memory :             2923 MB
    Average Memory :         446.92 MB
    Total Requested Memory : 8592.00 MB
    Delta Memory :           5669.00 MB
    (Delta: the difference between Total Requested Memory and Max Memory.)
    Max Processes :          6
    Max Threads :            7

The output (if any) follows:

Starting an iteration with eps=10.000000, with x0 yielding 373342.500000 probes
  NIT   NF   F                       GTG
    0    1  1.466537520793345E+04   4.11808659E+04
    1   52  1.201259839869396E+04   3.20852516E+04
    2   55  3.698223538427277E+03   8.97164471E+03
    3   58  3.695053936192612E+03   8.96365794E+03
    4   61  3.690398659598864E+03   8.95123160E+03
    5   64  3.686573241114107E+03   8.94224053E+03
    6   67  3.670893811119867E+03   8.90183086E+03
    7   70  8.791397928551588E+02   2.54863268E+03
    8   73  2.785827203994299E+01   3.63162093E+02
    9   76  3.019337893143273E+00   2.99077851E+02
   10   81 -6.034810161633582E+01   1.41401327E+02
   11   85 -6.310968669961002E+01   1.34502772E+02
   12   88 -7.141618198248403E+01   1.03495242E+02
   13   91 -7.374185022490727E+01   9.51733053E+01
   14   94 -7.602313893076706E+01   8.71175502E+01
   15   97 -7.618038342866885E+01   8.65640352E+01
   16  100 -8.296820794408396E+01   6.25534746E+01
   17  103 -9.607051733192542E+01   1.68543889E+01
   18  106 -9.715558241871349E+01   1.30921589E+01
   19  109 -9.965325624791802E+01   5.72961656E+00
   20  112 -9.994776321889351E+01   4.87601372E+00
   21  115 -1.000506681688697E+02   4.57902564E+00
   22  118 -1.000873164009296E+02   4.47341885E+00
   23  121 -1.001014441291408E+02   4.43277695E+00
   24  124 -1.001043431832727E+02   4.42441938E+00
   25  127 -1.001214942958736E+02   4.37507856E+00
   26  130 -1.005098982903115E+02   2.27749140E+00
   27  133 -1.005912889413779E+02   2.06800656E+00
   28  136 -1.008219884112040E+02   1.47784689E+00
   29  139 -1.008390805359358E+02   1.43442807E+00
   30  142 -1.008815589099636E+02   1.32629400E+00
   31  145 -1.008901216221978E+02   1.30456276E+00
   32  148 -1.008998254899801E+02   1.27995864E+00
   33  151 -1.009153966664674E+02   1.24040818E+00
   34  154 -1.009406253184287E+02   1.17651173E+00
   35  157 -1.009519650818397E+02   1.14784581E+00
   36  160 -1.009869996626290E+02   1.05897240E+00
   37  163 -1.010315219502331E+02   9.46264379E-01
   38  166 -1.010529492525750E+02   8.92202150E-01
   39  169 -1.010968121072678E+02   7.82178107E-01
   40  172 -1.011072579508418E+02   7.55923173E-01
   41  175 -1.011135996921663E+02   7.39976348E-01
   42  178 -1.011149645899772E+02   7.36536841E-01
   43  181 -1.011160582993945E+02   7.33786520E-01
   44  184 -1.011174962590422E+02   7.29922002E-01
   45  187 -1.011293525919583E+02   6.99278535E-01
   46  190 -1.011564997472953E+02   6.29355441E-01
   47  193 -1.011705216921685E+02   5.93063240E-01
   48  196 -1.011715425322556E+02   5.90443641E-01
   49  199 -1.011783913788994E+02   5.70272720E-01
   50  202 -1.012255550638867E+02   3.92850742E-01
   51  205 -1.012282663606955E+02   3.82769458E-01
   52  208 -1.012326542118779E+02   3.66500617E-01
   53  211 -1.012448379642223E+02   3.20998012E-01
   54  214 -1.012516893666396E+02   2.94966784E-01
   55  220 -1.012534740833276E+02   2.88513560E-01
   56  226 -1.012547565939631E+02   2.83871972E-01
   57  232 -1.012583482258489E+02   2.70805211E-01
   58  237 -1.012603506695858E+02   2.63658291E-01
   59  242 -1.012640262236544E+02   2.50421769E-01
   60  247 -1.012718442028467E+02   2.22303766E-01
   61  252 -1.012793739918013E+02   1.94968171E-01
   62  257 -1.012819501352332E+02   1.85638558E-01
   63  262 -1.012828605263270E+02   1.82295560E-01
   64  267 -1.012831854489259E+02   1.81113540E-01
   65  272 -1.012834682300279E+02   1.80072837E-01
   66  276 -1.012864453126733E+02   1.69239079E-01
   67  280 -1.012903087986066E+02   1.55375130E-01
   68  284 -1.012931729508213E+02   1.45008934E-01
   69  288 -1.012933687883355E+02   1.44296349E-01
   70  292 -1.012951237874260E+02   1.37895850E-01
   71  296 -1.012965299916697E+02   1.32764260E-01
   72  300 -1.012965947553701E+02   1.32527424E-01
   73  304 -1.012969450450350E+02   1.31255813E-01
   74  308 -1.012995368176727E+02   1.21645260E-01
   75  312 -1.012995531641571E+02   1.21586128E-01
   76  316 -1.013006515113081E+02   1.17530810E-01
   77  320 -1.013008597301553E+02   1.16774847E-01
   78  324 -1.013023650513317E+02   1.11287304E-01
   79  328 -1.013034251973231E+02   1.07384695E-01
   80  332 -1.013042210760695E+02   1.04433284E-01
   81  336 -1.013046519807430E+02   1.02846747E-01
   82  340 -1.013053726549827E+02   1.00230745E-01
   83  344 -1.013058070050859E+02   9.86210246E-02
   84  348 -1.013059959329505E+02   9.79159007E-02
   85  352 -1.013077152735825E+02   9.15770637E-02
   86  356 -1.013078170934687E+02   9.12005243E-02
   87  360 -1.013093378297489E+02   8.56053772E-02
   88  364 -1.013100351285662E+02   8.29812080E-02
   89  368 -1.013103524628001E+02   8.17901395E-02
   90  372 -1.013118730440384E+02   7.61341135E-02
   91  376 -1.013129257880580E+02   7.22858791E-02
   92  380 -1.013131359936274E+02   7.14984615E-02
   93  384 -1.013145788663683E+02   6.60490206E-02
   94  388 -1.013156852113437E+02   6.19633761E-02
   95  392 -1.013176292389167E+02   5.46350056E-02
   96  396 -1.013178251124930E+02   5.38946668E-02
   97  400 -1.013186259286349E+02   5.08643949E-02
   98  404 -1.013187701731977E+02   5.03261502E-02
   99  408 -1.013190593237967E+02   4.92393793E-02
  100  412 -1.013195309042703E+02   4.74351580E-02
  101  416 -1.013195560911303E+02   4.73409247E-02
  102  420 -1.013196234549581E+02   4.70859645E-02
  103  424 -1.013200047301443E+02   4.56584196E-02
  104  428 -1.013208586461607E+02   4.24149914E-02
  105  432 -1.013210140861398E+02   4.18317942E-02
  106  436 -1.013211230286705E+02   4.14212796E-02
  107  440 -1.013215219137218E+02   3.98830763E-02
  108  444 -1.013219413999518E+02   3.82578743E-02
  109  448 -1.013220250335136E+02   3.79447771E-02
  110  452 -1.013220599443669E+02   3.78143267E-02
  111  456 -1.013221531857093E+02   3.74624277E-02
  112  460 -1.013221696462123E+02   3.74008248E-02
  113  464 -1.013221738983111E+02   3.73843405E-02
  114  468 -1.013223716510911E+02   3.66262098E-02
  115  472 -1.013228920302787E+02   3.46336741E-02
  116  476 -1.013231164845820E+02   3.37686695E-02
  117  480 -1.013231743420028E+02   3.35465039E-02
  118  484 -1.013232432677064E+02   3.32801941E-02
  119  488 -1.013234335847331E+02   3.25526164E-02
  120  492 -1.013235328583994E+02   3.21651734E-02
  121  496 -1.013235782651763E+02   3.19936307E-02
  122  500 -1.013237714883324E+02   3.12368329E-02
  123  504 -1.013238113077228E+02   3.10828199E-02
  124  508 -1.013245117498925E+02   2.83678772E-02
  125  512 -1.013247991512659E+02   2.72561021E-02
  126  516 -1.013248394096051E+02   2.70994561E-02
  127  519 -1.013248419491681E+02   2.70898464E-02
  128  522 -1.013253452303871E+02   2.51726032E-02
  129  525 -1.013254107872146E+02   2.49222086E-02
  130  528 -1.013255335534347E+02   2.44570214E-02
  131  531 -1.013255678473115E+02   2.43288041E-02
  132  534 -1.013255682817290E+02   2.43269824E-02
  133  537 -1.013257977595730E+02   2.34478473E-02
  134  540 -1.013258738433681E+02   2.31586578E-02
  135  543 -1.013260095633668E+02   2.26372781E-02
  136  547 -1.013260479772142E+02   2.24832248E-02
  137  550 -1.013260899137051E+02   2.23262693E-02
  138  553 -1.013261228568046E+02   2.22017030E-02
  139  556 -1.013263018491577E+02   2.15193303E-02
  140  559 -1.013263272871342E+02   2.14203772E-02
  141  562 -1.013267541356686E+02   1.97698239E-02
  142  565 -1.013269444772339E+02   1.90390522E-02
  143  568 -1.013270143512365E+02   1.87692566E-02
  144  571 -1.013271106589918E+02   1.84006205E-02
  145  574 -1.013273710953999E+02   1.74022599E-02
  146  577 -1.013274006347264E+02   1.72854732E-02
  147  580 -1.013275218281549E+02   1.68173531E-02
  148  583 -1.013276402715976E+02   1.63556437E-02
  149  586 -1.013276480643352E+02   1.63258442E-02
  150  589 -1.013276695191250E+02   1.62426762E-02
  151  592 -1.013276715000273E+02   1.62349061E-02
  152  595 -1.013277011693026E+02   1.61182294E-02
  153  598 -1.013277750283040E+02   1.58245308E-02
  154  601 -1.013277789631810E+02   1.58096286E-02
  155  604 -1.013277836145169E+02   1.57912850E-02
  156  607 -1.013278915754386E+02   1.53651965E-02
  157  610 -1.013278942984970E+02   1.53546887E-02
  158  613 -1.013279816489897E+02   1.50093455E-02
  159  616 -1.013281411937811E+02   1.43761879E-02
  160  619 -1.013281835754667E+02   1.42111092E-02
  161  622 -1.013282626929150E+02   1.38962125E-02
  162  625 -1.013283444362543E+02   1.35744973E-02
  163  628 -1.013283584814019E+02   1.35189251E-02
  164  631 -1.013284213108022E+02   1.32644394E-02
  165  634 -1.013284500416560E+02   1.31498147E-02
  166  638 -1.013288142606034E+02   1.16381157E-02
  167  641 -1.013289383413004E+02   1.11417603E-02
  168  644 -1.013290104970819E+02   1.08637010E-02
  169  647 -1.013290143699773E+02   1.08483760E-02
  170  650 -1.013290440617433E+02   1.07314117E-02
  171  653 -1.013290821804981E+02   1.05797223E-02
  172  656 -1.013291118859460E+02   1.04575431E-02
  173  659 -1.013291833881454E+02   1.01744870E-02
  174  663 -1.013292280905929E+02   9.98307299E-03
  175  666 -1.013292425882089E+02   9.92414454E-03
  176  669 -1.013292777355312E+02   9.78280394E-03
  177  672 -1.013293132295526E+02   9.63877164E-03
  178  675 -1.013293557765752E+02   9.46993029E-03
  179  678 -1.013293616306862E+02   9.44700419E-03
  180  681 -1.013294584077258E+02   9.05885727E-03
  181  684 -1.013294623909703E+02   9.04316698E-03
  182  688 -1.013294636531153E+02   9.03673502E-03
  183  691 -1.013294976900685E+02   8.89854277E-03
  184  694 -1.013295109190311E+02   8.84645205E-03
  185  697 -1.013295288545719E+02   8.77205480E-03
  186  700 -1.013295637094707E+02   8.62878766E-03
  187  703 -1.013296022364464E+02   8.47538166E-03
  188  706 -1.013296088854111E+02   8.44791998E-03
  189  709 -1.013297063744197E+02   8.04636620E-03
  190  712 -1.013297095057991E+02   8.03306110E-03
  191  715 -1.013297248109585E+02   7.96914721E-03
  192  718 -1.013297269102441E+02   7.95981796E-03
  193  721 -1.013297324132414E+02   7.93826307E-03
  194  724 -1.013297587397490E+02   7.83069844E-03
  195  727 -1.013297630077552E+02   7.81332646E-03
  196  730 -1.013297701370348E+02   7.78533741E-03
  197  733 -1.013298036946505E+02   7.65014154E-03
  198  737 -1.013298080764339E+02   7.63042117E-03
  199  740 -1.013298287779190E+02   7.54702765E-03
  200  743 -1.013298447280683E+02   7.48224080E-03
  201  746 -1.013298504122985E+02   7.45938100E-03
  202  749 -1.013298900007669E+02   7.30413938E-03
  203  752 -1.013299049093952E+02   7.24299859E-03
  204  755 -1.013299215981216E+02   7.17496354E-03
  205  758 -1.013299243469597E+02   7.16389291E-03
  206  761 -1.013299345725482E+02   7.12106328E-03
  207  764 -1.013299432887826E+02   7.08571081E-03
  208  767 -1.013299637473465E+02   7.00282011E-03
  209  770 -1.013299853656437E+02   6.91324424E-03
  210  773 -1.013300041737143E+02   6.83746717E-03
  211  776 -1.013300363604607E+02   6.70371945E-03
  212  779 -1.013300366254133E+02   6.70163397E-03
  213  783 -1.013300631861955E+02   6.58249341E-03
  214  786 -1.013300635073266E+02   6.58017946E-03
  215  789 -1.013300883416992E+02   6.47934997E-03
  216  792 -1.013301054180232E+02   6.41091118E-03
  217  795 -1.013301131344685E+02   6.37713799E-03
  218  799 -1.013301167276509E+02   6.36068400E-03
  219  802 -1.013301308214361E+02   6.30368518E-03
  220  805 -1.013301837093617E+02   6.08395501E-03
  221  808 -1.013302051814594E+02   5.99532221E-03
  222  811 -1.013302866457015E+02   5.65497295E-03
  223  814 -1.013302951612643E+02   5.61917770E-03
  224  817 -1.013303162741592E+02   5.53215697E-03
  225  821 -1.013303226851949E+02   5.50288468E-03
  226  824 -1.013303316595470E+02   5.46675187E-03
  227  827 -1.013303437801314E+02   5.41644444E-03
  228  830 -1.013303635970473E+02   5.33315791E-03
  229  833 -1.013303682997975E+02   5.31400984E-03
  230  836 -1.013303699013959E+02   5.30746839E-03
  231  839 -1.013303792271479E+02   5.26933728E-03
  232  842 -1.013303910378653E+02   5.21999566E-03
  233  845 -1.013303913343769E+02   5.21774995E-03
  234  849 -1.013303955208839E+02   5.19787572E-03
  235  852 -1.013303967683608E+02   5.19166501E-03
  236  855 -1.013304003598719E+02   5.17598598E-03
  237  858 -1.013304030275013E+02   5.16324494E-03
  238  862 -1.013304057272395E+02   5.15049635E-03
  239  865 -1.013304094404002E+02   5.13522901E-03
  240  868 -1.013304169172035E+02   5.10375194E-03
  241  871 -1.013304198894904E+02   5.09013483E-03
  242  874 -1.013304206275432E+02   5.08614927E-03
  243  877 -1.013304248820142E+02   5.06731551E-03
  244  880 -1.013304261079647E+02   5.06123852E-03
  245  883 -1.013304305135101E+02   5.04242299E-03
  246  886 -1.013304320409715E+02   5.03525405E-03
  247  889 -1.013304357560460E+02   5.02033230E-03
  248  892 -1.013304384766205E+02   5.00819478E-03
  249  895 -1.013304468389676E+02   4.97232778E-03
  250  898 -1.013304699868786E+02   4.87596495E-03
  251  901 -1.013304731793897E+02   4.86171299E-03
  252  904 -1.013304847771796E+02   4.81353756E-03
  253  907 -1.013304868897008E+02   4.80381258E-03
  254  910 -1.013304925313103E+02   4.77939730E-03
  255  913 -1.013305099993672E+02   4.70769649E-03
  256  916 -1.013305279784066E+02   4.63334046E-03
  257  919 -1.013305359132214E+02   4.59933510E-03
  258  922 -1.013305409582859E+02   4.57762152E-03
  259  925 -1.013305514397883E+02   4.53253258E-03
  260  928 -1.013305525699647E+02   4.52676652E-03
  261  931 -1.013305570192485E+02   4.50857228E-03
  262  934 -1.013305660205765E+02   4.46992636E-03
  263  937 -1.013305737001089E+02   4.43815643E-03
  264  940 -1.013305868172651E+02   4.38463667E-03
  265  943 -1.013305897721890E+02   4.37148402E-03
  266  946 -1.013305956626985E+02   4.34514607E-03
  267  949 -1.013306141265616E+02   4.26618188E-03
  268  952 -1.013306250968518E+02   4.22071157E-03
  269  955 -1.013306403757771E+02   4.15760815E-03
  270  958 -1.013306533607869E+02   4.10294815E-03
  271  961 -1.013306650089475E+02   4.05592294E-03
  272  964 -1.013306887640223E+02   3.95683869E-03
  273  967 -1.013307018860617E+02   3.90083811E-03
  274  970 -1.013307094755081E+02   3.86773816E-03
  275  973 -1.013307123112335E+02   3.85626620E-03
  276  976 -1.013307315170559E+02   3.77567298E-03
  277  979 -1.013307323434127E+02   3.77114315E-03
  278  982 -1.013307413726640E+02   3.73236843E-03
  279  985 -1.013307498327450E+02   3.69712275E-03
  280  988 -1.013307601837607E+02   3.65364030E-03
  281  991 -1.013307656150695E+02   3.62975295E-03
  282  994 -1.013307659347427E+02   3.62740870E-03
  283  998 -1.013307956085530E+02   3.48966136E-03
  284 1001 -1.013308043364116E+02   3.45179263E-03
  285 1004 -1.013308090100353E+02   3.43167156E-03
  286 1007 -1.013308189142927E+02   3.38919237E-03
  287 1010 -1.013308206654885E+02   3.38072115E-03
  288 1013 -1.013308330730162E+02   3.32777904E-03
  289 1016 -1.013308396813455E+02   3.29882196E-03
  290 1019 -1.013308433319124E+02   3.28262562E-03
  291 1022 -1.013308451318072E+02   3.27424612E-03
  292 1025 -1.013308562038963E+02   3.22652477E-03
  293 1028 -1.013308617652723E+02   3.20262736E-03
  294 1031 -1.013308724744070E+02   3.15579297E-03
  295 1035 -1.013308935937491E+02   3.05712578E-03
  296 1038 -1.013309003044729E+02   3.02808267E-03
  297 1041 -1.013309027347905E+02   3.01711418E-03
  298 1044 -1.013309041350472E+02   3.01037052E-03
  299 1047 -1.013309065436912E+02   2.99926491E-03
  300 1050 -1.013309148208228E+02   2.96447595E-03
  301 1054 -1.013309245907847E+02   2.91831599E-03
  302 1057 -1.013309322774246E+02   2.88574183E-03
  303 1060 -1.013309490148366E+02   2.81140768E-03
  304 1063 -1.013309531711326E+02   2.79305814E-03
  305 1066 -1.013309669738233E+02   2.73800357E-03
  306 1069 -1.013309960469669E+02   2.62328775E-03
  307 1072 -1.013310112543602E+02   2.56098989E-03
  308 1075 -1.013310114348982E+02   2.55956290E-03
  309 1078 -1.013310290384696E+02   2.48596943E-03
  310 1081 -1.013310350393072E+02   2.46102112E-03
  311 1084 -1.013310358771150E+02   2.45763575E-03
  312 1088 -1.013310599754158E+02   2.34781541E-03
  313 1091 -1.013311090892787E+02   2.13574831E-03
  314 1094 -1.013311236136859E+02   2.07415248E-03
  315 1097 -1.013311362120089E+02   2.02298306E-03
  316 1101 -1.013311625547294E+02   1.90286965E-03
  317 1104 -1.013311730649185E+02   1.85700738E-03
  318 1108 -1.013312105839182E+02   1.68840782E-03
  319 1112 -1.013312122483082E+02   1.68152525E-03
  320 1115 -1.013312252356654E+02   1.63148775E-03
  321 1119 -1.013312422134395E+02   1.55123776E-03
  322 1122 -1.013312596003643E+02   1.47899848E-03
  323 1126 -1.013312985732853E+02   1.29744998E-03
  324 1130 -1.013313054077918E+02   1.26894185E-03
  325 1133 -1.013313393707092E+02   1.13018621E-03
  326 1136 -1.013313446513315E+02   1.10857385E-03
  327 1139 -1.013313703536340E+02   1.00130227E-03
  328 1142 -1.013313926843454E+02   9.00341732E-04
  329 1146 -1.013314009746069E+02   8.59384339E-04
  330 1150 -1.013314084618157E+02   8.30725242E-04
  331 1153 -1.013314121503531E+02   8.14551486E-04
  332 1156 -1.013314203178497E+02   7.76063515E-04
  333 1159 -1.013314218711343E+02   7.57797836E-04
  334 1166 -1.013314223911406E+02   7.55068625E-04
  335 1172 -1.013314357064239E+02   6.94427735E-04
  336 1178 -1.013314384104650E+02   6.81919436E-04
  337 1184 -1.013314479460100E+02   6.35812459E-04
  338 1189 -1.013314512399069E+02   6.20831978E-04
  339 1194 -1.013314524965751E+02   6.14986555E-04
  340 1199 -1.013314587771576E+02   5.85505572E-04
  341 1204 -1.013314633974093E+02   5.63567386E-04
  342 1209 -1.013314683376369E+02   5.41327677E-04
  343 1213 -1.013315111741324E+02   3.57113131E-04
  344 1218 -1.013315180766409E+02   3.24782555E-04
  345 1223 -1.013315240641105E+02   2.93928483E-04
  346 1227 -1.013315244622752E+02   2.92178529E-04
  347 1231 -1.013315297743387E+02   2.65527185E-04
  348 1237 -1.013315297932285E+02   2.65439489E-04
  349 1241 -1.013315473306534E+02   1.86738368E-04
  350 1245 -1.013315503451585E+02   1.69357336E-04
  351 1250 -1.013315530387950E+02   1.55343591E-04
  352 1255 -1.013315583347645E+02   1.24486877E-04
  353 1260 -1.013315603182536E+02   1.12579776E-04
  354 1264 -1.013315629553498E+02   9.69816405E-05
  355 1270 -1.013315654191464E+02   7.60616708E-05
  356 1278 -1.013315712072118E+02   2.88897898E-05
  357 1282 -1.013315720122907E+02   1.12752509E-05
  358 1288 -1.013315724367968E+02   9.50935569E-06
  358 1318 -1.013315724367968E+02   9.50935569E-06
  Iteration failed to converge!
Starting an iteration with eps=1.000000, with x0 yielding 1680484.575340 probes
  NIT   NF   F                       GTG
    0    1  1.519014917681393E+01   1.09508007E+01
    1    4  1.478226453731570E+01   1.07835299E+01
    2    7  1.148794857285245E+01   9.39065182E+00
    3   10  1.118030570735563E+01   9.26150046E+00
    4   13  9.394324114325622E+00   8.51055444E+00
    5   16 -2.867717528540599E+00   3.37066097E+00
    6   19 -3.419405668288462E+00   3.15120660E+00
    7   22 -7.365825856317957E+00   1.57975612E+00
    8   25 -8.289899716586206E+00   1.22903004E+00
    9   28 -1.046362648903458E+01   4.08672831E-01
   10   31 -1.047004313350271E+01   4.06524775E-01
   11   34 -1.063354218021173E+01   3.51766542E-01
   12   37 -1.107850277894130E+01   1.94629393E-01
   13   40 -1.122498657633569E+01   1.45711477E-01
   14   43 -1.133873079729366E+01   1.08486693E-01
   15   46 -1.154824100060551E+01   4.16625598E-02
   16   49 -1.158709930858818E+01   3.03128530E-02
   17   52 -1.160265231077466E+01   2.58681189E-02
   18   55 -1.165033243399884E+01   1.24827877E-02
   19   58 -1.165811379214014E+01   1.03933633E-02
   20   65 -1.169930476428539E+01   2.05672360E-03
   21   70 -1.169964837737479E+01   7.10449779E-04
   22   74 -1.169965850274895E+01   6.69123304E-04
   23   78 -1.169968205555587E+01   5.73593786E-04
   24   82 -1.169968592745911E+01   5.57637901E-04
   25   86 -1.169969028748182E+01   5.39612305E-04
   26   90 -1.169970755618184E+01   4.68491587E-04
   27   94 -1.169971305272399E+01   4.45787272E-04
   28   98 -1.169971326977461E+01   4.44846752E-04
   29  102 -1.169971406033098E+01   4.41549227E-04
   30  106 -1.169972451430913E+01   3.98352786E-04
   31  110 -1.169974382714558E+01   3.18503812E-04
   32  114 -1.169975366488872E+01   2.77903475E-04
   33  118 -1.169975436161886E+01   2.74777551E-04
   34  122 -1.169975564225143E+01   2.69248003E-04
   35  126 -1.169976000446989E+01   2.50949282E-04
   36  130 -1.169976070657094E+01   2.47831890E-04
   37  134 -1.169976508606797E+01   2.29824549E-04
   38  138 -1.169976584116688E+01   2.26684947E-04
   39  142 -1.169976619513064E+01   2.24984666E-04
   40  146 -1.169979074843950E+01   1.23660899E-04
   41  149 -1.169979719401545E+01   9.53898248E-05
   42  153 -1.169980456870428E+01   7.16238807E-05
   43  156 -1.169980708535063E+01   5.58042736E-05
   44  161 -1.169981158059208E+01   3.59266284E-05
   45  164 -1.169981688567429E+01   1.01940630E-05
   46  167 -1.169981820588204E+01   5.77917981E-06
   47  170 -1.169981998886182E+01   3.64329772E-07
   48  175 -1.169981998886182E+01   3.64084397E-07
   49  189 -1.169982063103314E+01   5.99376414E-08
   49  218 -1.169982063103314E+01   5.99376414E-08
  Iteration failed to converge!
Starting an iteration with eps=0.100000, with x0 yielding 1945075.953804 probes
  NIT   NF   F                       GTG
    0    1 -9.441935956195218E-01   7.55512832E-01
    1    4 -9.572400934327018E-01   7.04333666E-01
    2   11 -1.075006724277062E+00   2.49378257E-01
    3   16 -1.085955980065531E+00   2.04132619E-01
    4   20 -1.086793754504385E+00   2.00640909E-01
    5   24 -1.087119178652455E+00   1.99262616E-01
    6   28 -1.087172940104814E+00   1.99033818E-01
    7   32 -1.087239287413917E+00   1.98751513E-01
    8   36 -1.087773536911942E+00   1.96482667E-01
    9   39 -1.117052276347886E+00   7.16136908E-02
   10   43 -1.121310938874672E+00   5.29821989E-02
   11   47 -1.122984449789546E+00   4.56354301E-02
   12   51 -1.125616710648078E+00   3.40510245E-02
   13   55 -1.126420181790280E+00   3.05059517E-02
   14   59 -1.128469937967873E+00   2.14338629E-02
   15   63 -1.128664169281672E+00   2.05716684E-02
   16   67 -1.129039606372635E+00   1.89043785E-02
   17   70 -1.133081639147646E+00   4.34286877E-04
   18   74 -1.133083251388935E+00   4.27987592E-04
   19   78 -1.133088680298337E+00   4.06351524E-04
   20   82 -1.133090139481093E+00   4.00002017E-04
   21   86 -1.133092912499218E+00   3.88888227E-04
   22   90 -1.133095216292108E+00   3.79679786E-04
   23   93 -1.133095540348483E+00   3.77927815E-04
   24   96 -1.133097322407488E+00   3.70583415E-04
   25   99 -1.133097538860178E+00   3.69227710E-04
   26  102 -1.133098766889230E+00   3.63981441E-04
   27  105 -1.133099191867738E+00   3.61802391E-04
   28  108 -1.133099778646639E+00   3.58997760E-04
   29  111 -1.133103340187152E+00   3.44903308E-04
   30  114 -1.133108717867578E+00   3.23811309E-04
   31  117 -1.133120928534922E+00   2.76229814E-04
   32  120 -1.133131734225485E+00   2.33899122E-04
   33  123 -1.133131901035751E+00   2.32911791E-04
   34  126 -1.133132937425895E+00   2.28537337E-04
   35  129 -1.133143608411452E+00   1.86542882E-04
   36  132 -1.133143746321610E+00   1.85736393E-04
   37  135 -1.133145404144089E+00   1.79001257E-04
   38  138 -1.133146002738111E+00   1.76413821E-04
   39  141 -1.133147980619253E+00   1.68666660E-04
   40  144 -1.133148584090803E+00   1.66079291E-04
   41  147 -1.133148819816611E+00   1.64938834E-04
   42  150 -1.133149669892676E+00   1.61415423E-04
   43  153 -1.133150263921962E+00   1.58909213E-04
   44  156 -1.133151409616370E+00   1.54271808E-04
   45  159 -1.133152417575031E+00   1.50191046E-04
   46  162 -1.133153297491081E+00   1.46745352E-04
   47  165 -1.133154018353768E+00   1.43792941E-04
   48  168 -1.133154770125067E+00   1.40851511E-04
   49  171 -1.133155179367627E+00   1.39224529E-04
   50  174 -1.133155733334350E+00   1.37032050E-04
   51  177 -1.133158749757424E+00   1.25323709E-04
   52  180 -1.133159733588559E+00   1.21434253E-04
   53  183 -1.133159788648909E+00   1.21131617E-04
   54  186 -1.133159792198212E+00   1.21043125E-04
   55  189 -1.133190508576595E+00   1.19066088E-07
   56  220 -1.133190508576595E+00   1.19066087E-07
  Iteration was successful
Starting an iteration with eps=0.010000, with x0 yielding 2010171.043329 probes
  NIT   NF   F                       GTG
    0    1 -1.066798673070582E-01   2.27911614E-02
    1    4 -1.075386126538266E-01   1.95016272E-02
    2   11 -1.104609792132159E-01   8.66591990E-03
    3   15 -1.104793531126630E-01   8.59234036E-03
    4   18 -1.118721441311815E-01   2.88970131E-03
    5   22 -1.118861560432802E-01   2.82878652E-03
    6   26 -1.118989815635858E-01   2.77418315E-03
    7   30 -1.119695682529571E-01   2.47257559E-03
    8   34 -1.120391776744795E-01   2.17400803E-03
    9   38 -1.120451638606849E-01   2.14798133E-03
   10   41 -1.122750870724710E-01   1.15153936E-03
   11   44 -1.122760940012796E-01   1.14641081E-03
   12   47 -1.122770906588932E-01   1.14133631E-03
   13   50 -1.122775420550476E-01   1.13903934E-03
   14   53 -1.122783854927612E-01   1.13461666E-03
   15   56 -1.122784110162911E-01   1.13421971E-03
   16   59 -1.122787555264521E-01   1.13204837E-03
   17   62 -1.122788336100027E-01   1.13101563E-03
   18   65 -1.122798756093388E-01   1.12572537E-03
   19   68 -1.122799820966729E-01   1.12499942E-03
   20   71 -1.122802502457161E-01   1.12312408E-03
   21   74 -1.122803987261173E-01   1.12177759E-03
   22   77 -1.122843987697201E-01   1.10339463E-03
   23   80 -1.122886609674736E-01   1.08438169E-03
   24   83 -1.122929869464334E-01   1.06511501E-03
   25   86 -1.122974476561058E-01   1.04475770E-03
   26   89 -1.122976390400912E-01   1.04359569E-03
   27   92 -1.122990565545852E-01   1.03663658E-03
   28   95 -1.123060637538751E-01   1.00509497E-03
   29   98 -1.123073194541529E-01   9.98816300E-04
   30  101 -1.123082595732167E-01   9.94082499E-04
   31  104 -1.123083689171759E-01   9.92854206E-04
   32  107 -1.123260885041591E-01   9.14719827E-04
   33  110 -1.123358124112444E-01   8.71776639E-04
   34  113 -1.123402763140579E-01   8.51532798E-04
   35  116 -1.123428322855173E-01   8.40119471E-04
   36  119 -1.123478445474468E-01   8.17869874E-04
   37  122 -1.123505386162387E-01   8.05427866E-04
   38  125 -1.123593575716989E-01   7.66162894E-04
   39  128 -1.123610032924441E-01   7.58540362E-04
   40  131 -1.123725686326273E-01   7.07067931E-04
   41  134 -1.123732216815904E-01   7.03650428E-04
   42  137 -1.123737119561290E-01   7.00979457E-04
   43  140 -1.123741193949489E-01   6.98692889E-04
   44  143 -1.123765774725727E-01   6.87478394E-04
   45  146 -1.123816623310379E-01   6.64586403E-04
   46  149 -1.123958284827589E-01   6.01565700E-04
   47  152 -1.124014682245062E-01   5.76168662E-04
   48  155 -1.124034557573262E-01   5.66933886E-04
   49  158 -1.124038037873322E-01   5.64984482E-04
   50  161 -1.125119577529965E-01   6.02067902E-05
   51  164 -1.125135275174440E-01   5.13096617E-05
   52  167 -1.125162998810015E-01   3.47127789E-05
   53  170 -1.125187368096884E-01   1.77527697E-05
   54  185 -1.125188245626770E-01   1.66776642E-05
   55  189 -1.125188468900388E-01   1.64882508E-05
   56  192 -1.125191711281682E-01   1.34027110E-05
   57  195 -1.125193262014643E-01   1.17667198E-05
   58  198 -1.125195124695443E-01   9.49513730E-06
   59  201 -1.125196208758344E-01   7.86815496E-06
   60  204 -1.125196589886237E-01   7.18634241E-06
   61  207 -1.125196844308285E-01   6.67086045E-06
   62  210 -1.125197432361598E-01   4.01221899E-06
   63  244 -1.125197432361598E-01   4.01221898E-06
  Iteration was successful
##############################
Continuous parameter values:
ablv: (0.000000, 0.000000)
achimota: (0.000000, 0.000000)
aedes: (0.000000, 0.000000)
aguacate: (0.000000, 0.000000)
akabane: (0.000000, 0.000000)
alethinophid_reptarenavirus: (0.000000, 0.000000)
allpahuayo: (0.000000, 0.000000)
amapari: (0.000000, 0.000000)
ampv: (0.000000, 0.000000)
andes: (0.000000, 0.000000)
apmv: (0.000000, 0.000000)
apoi: (0.000000, 0.000000)
aravan: (0.000000, 0.000000)
aroa: (0.000000, 0.000000)
arumowot: (0.000000, 0.000000)
aspv: (0.000000, 0.000000)
avian_vornavirus: (0.000000, 0.000000)
b19: (0.000000, 0.000000)
bagaza: (0.000000, 0.000000)
banna: (0.000000, 0.000000)
bat_hepevirus: (0.000000, 0.000000)
bat_sapovirus_tlc58: (0.000000, 0.000000)
bear_canyon: (0.000000, 0.000000)
beilong: (0.000000, 0.000000)
betapapillomavirus_1: (0.000000, 0.000000)
betapapillomavirus_2: (0.000000, 0.000000)
betapapillomavirus_3: (0.000000, 0.000000)
betapapillomavirus_4: (0.000000, 0.000000)
betapapillomavirus_5: (0.000000, 0.000000)
betapapillomavirus_6: (0.000000, 0.000000)
bhanja: (0.000000, 0.000000)
bk: (0.000000, 0.000008)
bokeloh_bat: (0.000000, 0.000000)
borna_disease: (0.000000, 0.000000)
bovine_hepacivirus: (0.000000, 0.000000)
bpv_3: (0.000000, 0.000000)
brazoran: (0.000000, 0.000000)
brsv: (0.000000, 0.000000)
bunyamwera: (0.000000, 0.000000)
california_encephalitis: (0.000000, 0.000000)
candiru: (0.000000, 0.000000)
canine_distemper: (0.000000, 0.000000)
canine_pneumovirus: (0.000000, 0.000000)
cedar: (0.000000, 0.000000)
cell_fusing_agent: (0.000000, 0.000000)
cetacean_morbillivirus: (0.000000, 0.000000)
chandipura: (0.000000, 0.000000)
chaoyang: (0.000000, 0.000000)
chapare: (0.000000, 0.000000)
chikungunya: (0.000000, 0.000920)
colobus_monkey_papillomavirus: (0.000000, 0.000000)
crimean_congo: (0.000000, 0.000000)
ctfv: (0.000000, 0.000000)
cupixi: (0.000000, 0.000000)
cxfv: (0.000000, 0.000000)
dengue: (0.005279, 0.016775)
dobrava_belgrade: (0.000000, 0.000000)
donggang: (0.000000, 0.000000)
dugbe: (0.000000, 0.000000)
duvenhage: (0.000000, 0.000000)
eblv_1: (0.000000, 0.000000)
eblv_2: (0.000000, 0.000000)
ebola_nonzaire: (0.000000, 0.000000)
ebola_zaire_with_2014: (0.000000, 0.001265)
eee: (0.000000, 0.000031)
entebbe_bat: (0.000000, 0.000000)
enterovirus_a: (0.001218, 0.000666)
enterovirus_b: (0.000000, 0.000000)
enterovirus_c: (0.000111, 0.000000)
enterovirus_d: (0.000000, 0.000000)
eyach: (0.000000, 0.000000)
feline_morbillivirus: (0.000000, 0.000000)
fer_de_lance: (0.000000, 0.000000)
fitzroy_river: (0.000000, 0.000000)
flexal: (0.000000, 0.000000)
gairo: (0.000000, 0.000000)
gbv_c: (0.000000, 0.000000)
gemycircularvirus_sl1: (0.000000, 0.000000)
goose_paramyxovirus_sf02: (0.000000, 0.000000)
great_island: (0.000000, 0.000000)
guanarito: (0.000000, 0.000000)
hantaan: (0.000000, 0.000000)
hantavirus_z10: (0.000000, 0.000000)
hbov: (0.000000, 0.000000)
heartland: (0.000000, 0.000000)
hecv_4408: (0.000000, 0.000000)
hendra: (0.000000, 0.000000)
hepatitis_a: (0.000000, 0.000000)
hepatitis_b: (0.004987, 0.014112)
hepatitis_c: (0.002126, 0.000000)
hepatitis_delta: (0.000000, 0.000000)
hepatitis_e: (0.000000, 0.000000)
herpesvirus_1: (0.000000, 0.000475)
herpesvirus_2: (0.000000, 0.002294)
herpesvirus_3: (0.000000, 0.000711)
herpesvirus_4: (0.000000, 0.003268)
herpesvirus_5: (0.001329, 0.017915)
herpesvirus_6: (0.000000, 0.000000)
herpesvirus_7: (0.000000, 0.000000)
herpesvirus_8: (0.000000, 0.000000)
hervk: (0.000000, 0.000000)
hiv1_without_ltr: (0.002604, 0.000000)
hiv2_without_ltr: (0.000000, 0.000000)
hpiv_1: (0.000000, 0.000000)
hpiv_2: (0.000000, 0.000000)
hpiv_3: (0.000000, 0.000809)
hpiv_4: (0.000000, 0.000000)
hpv: (0.000000, 0.000000)
human_coronavirus_229e: (0.000000, 0.000000)
human_coronavirus_hku1: (0.000000, 0.000107)
human_coronavirus_nl63: (0.000000, 0.000136)
human_coronavirus_oc43: (0.000000, 0.000846)
human_genital_associated_circular_dna: (0.000000, 0.000000)
human_picobirnavirus: (0.000000, 0.000000)
human_smacovirus_1: (0.000000, 0.000000)
ikoma: (0.000000, 0.000000)
ilheus: (0.000000, 0.000000)
influenza_a: (0.001042, 0.000222)
influenza_b: (0.000000, 0.000000)
influenza_c: (0.000000, 0.000000)
ippy: (0.000000, 0.000000)
irkut: (0.000000, 0.000000)
j_virus: (0.000000, 0.000000)
jc: (0.000000, 0.000808)
jev: (0.000028, 0.000000)
junin: (0.000000, 0.000000)
kadipiro: (0.000000, 0.000000)
kamiti_river: (0.000000, 0.000000)
kedougou: (0.000000, 0.000000)
kfd: (0.000000, 0.000000)
khujand: (0.000000, 0.000000)
ki_polyomavirus: (0.000000, 0.000000)
kokobera: (0.000000, 0.000000)
lagos_bat: (0.000000, 0.000000)
langat: (0.000000, 0.000000)
lassa: (0.000000, 0.000000)
latino: (0.000000, 0.000000)
lcmv: (0.000000, 0.000000)
leopards_hill: (0.000000, 0.000000)
liao_ning: (0.000000, 0.000000)
lloviu_cuevavirus: (0.000000, 0.000000)
louping_ill: (0.000000, 0.000000)
lujo: (0.000000, 0.000000)
luna: (0.000000, 0.000000)
lunk_nks1: (0.000000, 0.000000)
lyssavirus_ozernoe: (0.000000, 0.000000)
machupo: (0.000000, 0.000000)
mamastrovirus: (0.000000, 0.000000)
manzanilla: (0.000000, 0.000000)
mapuera: (0.000000, 0.000000)
marburg: (0.000000, 0.000000)
mastadenovirus_a: (0.000000, 0.000000)
mastadenovirus_b: (0.000000, 0.001080)
mastadenovirus_c: (0.000000, 0.000295)
mastadenovirus_d: (0.000260, 0.002162)
mayaro: (0.000000, 0.000000)
mcv: (0.000000, 0.000000)
measles: (0.000000, 0.000000)
menangle: (0.000000, 0.000000)
mercadeo: (0.000000, 0.000000)
mers: (0.000000, 0.000402)
metapneumovirus: (0.000000, 0.000517)
mobala: (0.000000, 0.000000)
modoc: (0.000000, 0.000000)
mojiang: (0.000000, 0.000000)
mokola: (0.000000, 0.000000)
montana_myotis_leukoencephalitis: (0.000000, 0.000000)
mopeia: (0.000000, 0.000000)
mopeia_lassa_reassortant_29: (0.000000, 0.000000)
morogoro: (0.000000, 0.000000)
mossman: (0.000000, 0.000000)
mssi2_225: (0.000000, 0.000000)
mumps: (0.000000, 0.000000)
murine_pneumonia: (0.000000, 0.000000)
mvev: (0.000000, 0.000000)
nariva: (0.000000, 0.000000)
ndv: (0.000737, 0.000000)
nipah: (0.000000, 0.000000)
norwalk: (0.000170, 0.000000)
norway_rat_hepacivirus: (0.000000, 0.000000)
ntaya: (0.000000, 0.000000)
o_nyong_nyong: (0.000000, 0.000000)
oliveros: (0.000000, 0.000000)
omsk_hemorrhagiv_fever: (0.000000, 0.000000)
oropouche: (0.000000, 0.000000)
parana: (0.000000, 0.000000)
parramatta_river: (0.000000, 0.000000)
pichinde: (0.000000, 0.000000)
pirital: (0.000000, 0.000000)
piscihepevirus_a: (0.000000, 0.000000)
piv_5: (0.000000, 0.000000)
porcine: (0.000000, 0.000000)
powassan: (0.000000, 0.000000)
ppiv_1: (0.000000, 0.000000)
pprv: (0.000000, 0.000000)
ptlv_1: (0.000000, 0.000000)
ptlv_2: (0.000000, 0.000000)
punta_toro: (0.000000, 0.000000)
puumala: (0.000000, 0.000000)
quang_binh: (0.000000, 0.000000)
razdan: (0.000000, 0.000000)
reptile_bornavirus_1: (0.000000, 0.000000)
rhabdovirus: (0.000045, 0.000000)
rhinovirus_a: (0.000000, 0.000000)
rhinovirus_b: (0.000000, 0.000000)
rift_valley_fever: (0.000000, 0.000000)
rinderpest: (0.000000, 0.000000)
rio_bravo: (0.000000, 0.000000)
rodent_hepacivirus: (0.000000, 0.000000)
rodent_torque_teno: (0.000000, 0.000000)
ross_river: (0.000000, 0.000000)
rotavirus_a: (0.003160, 0.001390)
rotavirus_b: (0.000000, 0.000000)
rotavirus_c: (0.000000, 0.000000)
rotavirus_f: (0.000000, 0.000000)
rotavirus_g: (0.000000, 0.000000)
rotavirus_h: (0.000000, 0.000000)
rotavirus_i: (0.000000, 0.000000)
royal_farm: (0.000000, 0.000000)
rsv: (0.000718, 0.004890)
rubella: (0.000000, 0.000000)
sabia: (0.000000, 0.000000)
salem: (0.000000, 0.000000)
sapporo: (0.000000, 0.000000)
sars: (0.000000, 0.000271)
sathuperi: (0.000000, 0.000000)
seal_anellovirus: (0.000000, 0.000000)
sendai: (0.000000, 0.000000)
seoul: (0.000000, 0.000000)
sepik: (0.000000, 0.000000)
sfnv: (0.000000, 0.000000)
sfsv: (0.000000, 0.000000)
sfts: (0.000000, 0.000000)
shamonda: (0.000000, 0.000000)
shimoni_bat: (0.000000, 0.000000)
shuni: (0.000000, 0.000000)
simbu: (0.000000, 0.000000)
simian_41: (0.000000, 0.000000)
simian_torque_teno: (0.000000, 0.000000)
sin_nombre: (0.000000, 0.000000)
slev: (0.000000, 0.000000)
small_anellovirus: (0.000000, 0.000000)
sosuga: (0.000000, 0.000000)
spanish_goat_encephalitis: (0.000000, 0.000000)
sunshine: (0.000000, 0.000000)
sv40: (0.000000, 0.000000)
tacaribe: (0.000000, 0.000000)
tailam: (0.000000, 0.000000)
tamana_bat: (0.000000, 0.000000)
tamiami: (0.000000, 0.000000)
tbev: (0.000000, 0.000000)
tembusu: (0.000000, 0.000000)
thogoto: (0.000000, 0.000000)
thottapalayam: (0.000000, 0.000000)
tioman: (0.000000, 0.000000)
tlmv: (0.000000, 0.000000)
torque_teno: (0.000000, 0.000000)
torque_teno_canis: (0.000000, 0.000000)
torque_teno_douroucouli: (0.000000, 0.000000)
torque_teno_felis: (0.000000, 0.000000)
torque_teno_midi: (0.000000, 0.000000)
torque_teno_mini: (0.000000, 0.000000)
torque_teno_sus: (0.000000, 0.000000)
torque_teno_tamarin: (0.000000, 0.000000)
torque_teno_zalophus: (0.000000, 0.000000)
tuhoko: (0.000000, 0.000000)
tula: (0.000000, 0.000000)
tupaia: (0.000000, 0.000000)
usutu: (0.000000, 0.000000)
uukuniemi: (0.000000, 0.000000)
vaccinia: (0.000171, 0.003219)
variola: (0.000000, 0.001201)
vee: (0.000000, 0.000112)
vsiv: (0.000000, 0.000000)
wee: (0.000000, 0.000000)
wesselsbron: (0.000000, 0.000000)
west_caucasion_bat: (0.000000, 0.000000)
west_nile: (0.000552, 0.005207)
whitewater_arroyo: (0.000000, 0.000000)
wu_polyomavirus: (0.000000, 0.000000)
yellow_fever: (0.000000, 0.000000)
yokose: (0.000000, 0.000000)
ypv: (0.000000, 0.000000)
zika: (0.000000, 0.000000)
zygosaccharomyces_bailii_z: (0.000000, 0.000000)
TOTAL INTERPOLATED PROBE COUNT: 2022282.041497
##############################

##############################
Rounded parameter values:
ablv: (0, 0)
achimota: (0, 0)
aedes: (0, 0)
aguacate: (0, 0)
akabane: (0, 0)
alethinophid_reptarenavirus: (0, 0)
allpahuayo: (0, 0)
amapari: (0, 0)
ampv: (0, 0)
andes: (0, 0)
apmv: (0, 0)
apoi: (0, 0)
aravan: (0, 0)
aroa: (0, 0)
arumowot: (0, 0)
aspv: (0, 0)
avian_vornavirus: (0, 0)
b19: (0, 0)
bagaza: (0, 0)
banna: (0, 0)
bat_hepevirus: (0, 0)
bat_sapovirus_tlc58: (0, 0)
bear_canyon: (0, 0)
beilong: (0, 0)
betapapillomavirus_1: (0, 0)
betapapillomavirus_2: (0, 0)
betapapillomavirus_3: (0, 0)
betapapillomavirus_4: (0, 0)
betapapillomavirus_5: (0, 0)
betapapillomavirus_6: (0, 0)
bhanja: (0, 0)
bk: (0, 0)
bokeloh_bat: (0, 0)
borna_disease: (0, 0)
bovine_hepacivirus: (0, 0)
bpv_3: (0, 0)
brazoran: (0, 0)
brsv: (0, 0)
bunyamwera: (0, 0)
california_encephalitis: (0, 0)
candiru: (0, 0)
canine_distemper: (0, 0)
canine_pneumovirus: (0, 0)
cedar: (0, 0)
cell_fusing_agent: (0, 0)
cetacean_morbillivirus: (0, 0)
chandipura: (0, 0)
chaoyang: (0, 0)
chapare: (0, 0)
chikungunya: (0, 0)
colobus_monkey_papillomavirus: (0, 0)
crimean_congo: (0, 0)
ctfv: (0, 0)
cupixi: (0, 0)
cxfv: (0, 0)
dengue: (0, 0)
dobrava_belgrade: (0, 0)
donggang: (0, 0)
dugbe: (0, 0)
duvenhage: (0, 0)
eblv_1: (0, 0)
eblv_2: (0, 0)
ebola_nonzaire: (0, 0)
ebola_zaire_with_2014: (0, 0)
eee: (0, 0)
entebbe_bat: (0, 0)
enterovirus_a: (0, 0)
enterovirus_b: (0, 0)
enterovirus_c: (0, 0)
enterovirus_d: (0, 0)
eyach: (0, 0)
feline_morbillivirus: (0, 0)
fer_de_lance: (0, 0)
fitzroy_river: (0, 0)
flexal: (0, 0)
gairo: (0, 0)
gbv_c: (0, 0)
gemycircularvirus_sl1: (0, 0)
goose_paramyxovirus_sf02: (0, 0)
great_island: (0, 0)
guanarito: (0, 0)
hantaan: (0, 0)
hantavirus_z10: (0, 0)
hbov: (0, 0)
heartland: (0, 0)
hecv_4408: (0, 0)
hendra: (0, 0)
hepatitis_a: (0, 0)
hepatitis_b: (0, 0)
hepatitis_c: (0, 0)
hepatitis_delta: (0, 0)
hepatitis_e: (0, 0)
herpesvirus_1: (0, 0)
herpesvirus_2: (0, 0)
herpesvirus_3: (0, 0)
herpesvirus_4: (0, 0)
herpesvirus_5: (0, 0)
herpesvirus_6: (0, 0)
herpesvirus_7: (0, 0)
herpesvirus_8: (0, 0)
hervk: (0, 0)
hiv1_without_ltr: (0, 0)
hiv2_without_ltr: (0, 0)
hpiv_1: (0, 0)
hpiv_2: (0, 0)
hpiv_3: (0, 0)
hpiv_4: (0, 0)
hpv: (0, 0)
human_coronavirus_229e: (0, 0)
human_coronavirus_hku1: (0, 0)
human_coronavirus_nl63: (0, 0)
human_coronavirus_oc43: (0, 0)
human_genital_associated_circular_dna: (0, 0)
human_picobirnavirus: (0, 0)
human_smacovirus_1: (0, 0)
ikoma: (0, 0)
ilheus: (0, 0)
influenza_a: (0, 0)
influenza_b: (0, 0)
influenza_c: (0, 0)
ippy: (0, 0)
irkut: (0, 0)
j_virus: (0, 0)
jc: (0, 0)
jev: (0, 0)
junin: (0, 0)
kadipiro: (0, 0)
kamiti_river: (0, 0)
kedougou: (0, 0)
kfd: (0, 0)
khujand: (0, 0)
ki_polyomavirus: (0, 0)
kokobera: (0, 0)
lagos_bat: (0, 0)
langat: (0, 0)
lassa: (0, 0)
latino: (0, 0)
lcmv: (0, 0)
leopards_hill: (0, 0)
liao_ning: (0, 0)
lloviu_cuevavirus: (0, 0)
louping_ill: (0, 0)
lujo: (0, 0)
luna: (0, 0)
lunk_nks1: (0, 0)
lyssavirus_ozernoe: (0, 0)
machupo: (0, 0)
mamastrovirus: (0, 0)
manzanilla: (0, 0)
mapuera: (0, 0)
marburg: (0, 0)
mastadenovirus_a: (0, 0)
mastadenovirus_b: (0, 0)
mastadenovirus_c: (0, 0)
mastadenovirus_d: (0, 0)
mayaro: (0, 0)
mcv: (0, 0)
measles: (0, 0)
menangle: (0, 0)
mercadeo: (0, 0)
mers: (0, 0)
metapneumovirus: (0, 0)
mobala: (0, 0)
modoc: (0, 0)
mojiang: (0, 0)
mokola: (0, 0)
montana_myotis_leukoencephalitis: (0, 0)
mopeia: (0, 0)
mopeia_lassa_reassortant_29: (0, 0)
morogoro: (0, 0)
mossman: (0, 0)
mssi2_225: (0, 0)
mumps: (0, 0)
murine_pneumonia: (0, 0)
mvev: (0, 0)
nariva: (0, 0)
ndv: (0, 0)
nipah: (0, 0)
norwalk: (0, 0)
norway_rat_hepacivirus: (0, 0)
ntaya: (0, 0)
o_nyong_nyong: (0, 0)
oliveros: (0, 0)
omsk_hemorrhagiv_fever: (0, 0)
oropouche: (0, 0)
parana: (0, 0)
parramatta_river: (0, 0)
pichinde: (0, 0)
pirital: (0, 0)
piscihepevirus_a: (0, 0)
piv_5: (0, 0)
porcine: (0, 0)
powassan: (0, 0)
ppiv_1: (0, 0)
pprv: (0, 0)
ptlv_1: (0, 0)
ptlv_2: (0, 0)
punta_toro: (0, 0)
puumala: (0, 0)
quang_binh: (0, 0)
razdan: (0, 0)
reptile_bornavirus_1: (0, 0)
rhabdovirus: (0, 0)
rhinovirus_a: (0, 0)
rhinovirus_b: (0, 0)
rift_valley_fever: (0, 0)
rinderpest: (0, 0)
rio_bravo: (0, 0)
rodent_hepacivirus: (0, 0)
rodent_torque_teno: (0, 0)
ross_river: (0, 0)
rotavirus_a: (0, 0)
rotavirus_b: (0, 0)
rotavirus_c: (0, 0)
rotavirus_f: (0, 0)
rotavirus_g: (0, 0)
rotavirus_h: (0, 0)
rotavirus_i: (0, 0)
royal_farm: (0, 0)
rsv: (0, 0)
rubella: (0, 0)
sabia: (0, 0)
salem: (0, 0)
sapporo: (0, 0)
sars: (0, 0)
sathuperi: (0, 0)
seal_anellovirus: (0, 0)
sendai: (0, 0)
seoul: (0, 0)
sepik: (0, 0)
sfnv: (0, 0)
sfsv: (0, 0)
sfts: (0, 0)
shamonda: (0, 0)
shimoni_bat: (0, 0)
shuni: (0, 0)
simbu: (0, 0)
simian_41: (0, 0)
simian_torque_teno: (0, 0)
sin_nombre: (0, 0)
slev: (0, 0)
small_anellovirus: (0, 0)
sosuga: (0, 0)
spanish_goat_encephalitis: (0, 0)
sunshine: (0, 0)
sv40: (0, 0)
tacaribe: (0, 0)
tailam: (0, 0)
tamana_bat: (0, 0)
tamiami: (0, 0)
tbev: (0, 0)
tembusu: (0, 0)
thogoto: (0, 0)
thottapalayam: (0, 0)
tioman: (0, 0)
tlmv: (0, 0)
torque_teno: (0, 0)
torque_teno_canis: (0, 0)
torque_teno_douroucouli: (0, 0)
torque_teno_felis: (0, 0)
torque_teno_midi: (0, 0)
torque_teno_mini: (0, 0)
torque_teno_sus: (0, 0)
torque_teno_tamarin: (0, 0)
torque_teno_zalophus: (0, 0)
tuhoko: (0, 0)
tula: (0, 0)
tupaia: (0, 0)
usutu: (0, 0)
uukuniemi: (0, 0)
vaccinia: (0, 0)
variola: (0, 0)
vee: (0, 0)
vsiv: (0, 0)
wee: (0, 0)
wesselsbron: (0, 0)
west_caucasion_bat: (0, 0)
west_nile: (0, 0)
whitewater_arroyo: (0, 0)
wu_polyomavirus: (0, 0)
yellow_fever: (0, 0)
yokose: (0, 0)
ypv: (0, 0)
zika: (0, 0)
zygosaccharomyces_bailii_z: (0, 0)
TOTAL PROBE COUNT: 2023730
##############################
