Sender: LSF System <lsf@node1965>
Subject: Job 6209724: <python -u ../../scripts/find_optimal_params.py -i ./ --max_probe_count 420000 -o ../2015-10_params/count_420000.params> in cluster <cromwell> Done

Job <python -u ../../scripts/find_optimal_params.py -i ./ --max_probe_count 420000 -o ../2015-10_params/count_420000.params> was submitted from host <silver> by user <hmetsky> in cluster <cromwell>.
Job was executed on host(s) <node1965>, in queue <week>, as user <hmetsky> in cluster <cromwell>.
</home/unix/hmetsky> was used as the home directory.
</home/unix/hmetsky/viral/viral-work/results/hybsel_design/viral-probe-set_all-human-host-viruses/2015-10> was used as the working directory.
Started at Thu Jan  7 16:16:01 2016
Results reported on Thu Jan  7 20:30:02 2016

Your job looked like:

------------------------------------------------------------
# LSBATCH: User input
python -u ../../scripts/find_optimal_params.py -i ./ --max_probe_count 420000 -o ../2015-10_params/count_420000.params
------------------------------------------------------------

Successfully completed.

Resource usage summary:

    CPU time :               13375.13 sec.
    Max Memory :             4204 MB
    Average Memory :         4161.43 MB
    Total Requested Memory : 8592.00 MB
    Delta Memory :           4388.00 MB
    (Delta: the difference between Total Requested Memory and Max Memory.)
    Max Processes :          6
    Max Threads :            7

The output (if any) follows:

Starting an iteration with eps=10.000000, with x0 yielding 373342.500000 probes
  NIT   NF   F                       GTG
    0    1  1.470156536993025E+04   4.10265537E+04
    1   17  1.086613340267342E+04   1.66186215E+05
    2   50  9.379782618813533E+03   1.10139071E+08
    3   54  9.358899740083411E+03   2.42084796E+06
    4   94  8.074145955656119E+03   4.05765476E+08
    5   98  7.279292684618855E+03   1.57318291E+04
    6  111  6.707217337004820E+03   3.76320923E+06
    7  169  5.947127805401463E+03   1.71646702E+07
    8  173  5.927833698828243E+03   3.24864599E+05
    9  192  5.763200811891643E+03   8.65894911E+06
   10  199  5.757598658184364E+03   2.85377712E+07
   11  258  5.729229030594488E+03   2.79937145E+07
   12  272  5.566843702644775E+03   8.32742906E+07
   13  329  5.461968752142255E+03   8.27321722E+07
   14  383  5.387027036690231E+03   1.38289483E+08
   15  444  5.354052351352176E+03   9.14903859E+07
   16  452  5.344986553754671E+03   1.45762652E+08
   17  456  5.341202389060109E+03   1.60690905E+08
   18  515  5.338524650760099E+03   1.53056596E+08
   19  521  5.338019830577064E+03   1.04240791E+08
   20  577  5.331683109605863E+03   1.48980598E+08
   21  590  5.328939758705559E+03   1.66181040E+08
   22  600  5.327581785626970E+03   1.88894854E+08
   23  661  5.326143680185879E+03   2.30919947E+08
   24  672  5.325669265090278E+03   2.61720123E+08
   25  732  5.324882771356699E+03   2.80983724E+08
   26  756  5.324293684399773E+03   3.03532757E+08
   27  773  5.323649418094656E+03   3.23264992E+08
   28  787  5.323071440467168E+03   3.65738755E+08
   29  799  5.320954854799123E+03   3.99426983E+08
   30  812  5.319278494737038E+03   5.77112613E+08
   31  843  5.319113402435622E+03   6.27124854E+08
   32  856  5.318625723527423E+03   7.20123449E+08
   33  921  5.317158051095678E+03   7.37641833E+08
   34  941  5.313771222352651E+03   8.89782566E+08
   35  946  5.312858664699199E+03   1.32385471E+09
   36  956  5.308261509539680E+03   1.31477040E+09
   37 1001  5.306195454178377E+03   1.72793592E+09
   38 1016  5.303454455383020E+03   1.30522043E+15
   39 1020  5.279764434191232E+03   4.66518345E+07
   40 1071  5.136380340052420E+03   7.68215710E+03
   41 1082  5.038550773355399E+03   4.39003582E+04
   42 1090  4.896784310976795E+03   4.15631159E+06
   43 1094  4.745312755150644E+03   2.58097004E+05
   44 1104  4.728589418222051E+03   1.29149236E+06
   45 1116  4.715051234918742E+03   8.19949803E+06
   46 1126  4.705073013910622E+03   1.46296285E+07
   47 1138  4.700708369011470E+03   3.17435222E+07
   48 1146  4.685943203282627E+03   8.39667824E+07
   49 1204  4.679100243664012E+03   1.24418889E+08
   50 1212  4.610879112461003E+03   3.60309321E+06
   51 1223  4.573353625040611E+03   4.00390185E+07
   52 1236  4.567785198751450E+03   1.58747251E+08
   53 1266  4.540131973755898E+03   5.43168409E+08
   54 1322  4.511235034779878E+03   1.91924696E+08
   55 1334  4.508915526582267E+03   1.74836155E+08
   56 1349  4.477531318976758E+03   1.03730117E+08
   57 1366  4.476521850666275E+03   1.26213825E+08
   58 1419  4.476110134599386E+03   1.37406513E+08
   59 1451  4.476110134594759E+03   1.37406513E+08
  Iteration was successful
Starting an iteration with eps=1.000000, with x0 yielding 419996.771694 probes
  NIT   NF   F                       GTG
    0    1  4.489086348066024E+03   1.93166121E+06
    1    4  4.489086348066024E+03   1.26274620E+06
    2   66  4.488981083123913E+03   1.36546973E+06
    3   80  4.488568948244187E+03   3.22554310E+06
    4   94  4.486052116288340E+03   3.65048185E+06
    5  125  4.481735230846330E+03   9.05388871E+14
    5  163  4.481735230846330E+03   9.05388871E+14
  Iteration failed to converge!
Starting an iteration with eps=0.100000, with x0 yielding 420000.000000 probes
  NIT   NF   F                       GTG
    0    1  4.481735231073165E+03   9.05388857E+14
    1    4  4.481735231073165E+03   9.05388857E+14
    1   42  4.481735231073165E+03   9.05388857E+14
  Iteration failed to converge!
Starting an iteration with eps=0.010000, with x0 yielding 420000.000000 probes
  NIT   NF   F                       GTG
    0    1  4.481735231095849E+03   9.05388857E+14
    0   40  4.481735231095849E+03   9.05388857E+14
  Iteration failed to converge!
##############################
Continuous parameter values:
ablv: (1.993767, 33.544346)
achimota: (1.528153, 29.367209)
aedes: (2.243518, 29.428583)
aguacate: (2.033614, 29.693712)
akabane: (2.982585, 30.145910)
alethinophid_reptarenavirus: (1.528154, 29.213758)
allpahuayo: (1.677858, 29.531216)
amapari: (1.566761, 29.147602)
ampv: (2.882358, 30.670074)
andes: (2.647112, 28.920685)
apmv: (3.142027, 30.012766)
apoi: (1.528869, 28.793180)
aravan: (1.528153, 29.120098)
aroa: (1.529311, 29.540628)
arumowot: (1.529232, 28.963409)
aspv: (1.529196, 29.353391)
avian_vornavirus: (1.528956, 28.751522)
b19: (2.493967, 30.050262)
bagaza: (3.561654, 29.792190)
banna: (2.677739, 29.596546)
bat_hepevirus: (1.529337, 28.894900)
bat_sapovirus_tlc58: (1.529122, 28.606153)
bear_canyon: (2.237531, 28.419601)
beilong: (1.528872, 29.231216)
betapapillomavirus_1: (2.738423, 31.157617)
betapapillomavirus_2: (2.736418, 31.188320)
betapapillomavirus_3: (2.018563, 29.690527)
betapapillomavirus_4: (1.529142, 28.638180)
betapapillomavirus_5: (1.576963, 29.155584)
betapapillomavirus_6: (1.528092, 28.810822)
bhanja: (1.781997, 29.690126)
bk: (2.767536, 28.018472)
bokeloh_bat: (1.531461, 29.125527)
borna_disease: (2.798411, 29.726331)
bovine_hepacivirus: (2.544201, 29.127018)
bpv_3: (3.153141, 31.025855)
brazoran: (1.530890, 28.981130)
brsv: (1.531686, 29.005734)
bunyamwera: (3.744917, 32.741003)
california_encephalitis: (3.305585, 30.452698)
candiru: (2.345782, 30.918152)
canine_distemper: (3.313117, 28.298403)
canine_pneumovirus: (1.531832, 29.070353)
cedar: (1.532258, 29.418899)
cell_fusing_agent: (2.352238, 29.412668)
cetacean_morbillivirus: (1.529675, 29.012686)
chandipura: (1.996249, 29.117365)
chaoyang: (1.964635, 28.891035)
chapare: (1.529117, 28.948187)
chikungunya: (2.808062, 31.545418)
colobus_monkey_papillomavirus: (1.531725, 28.851187)
crimean_congo: (3.924125, 32.223084)
ctfv: (1.529383, 29.457336)
cupixi: (1.538842, 28.884265)
cxfv: (2.773680, 29.756494)
dengue: (4.141282, 34.934882)
dobrava_belgrade: (2.715809, 27.808490)
donggang: (1.531995, 28.914267)
dugbe: (1.970622, 27.205849)
duvenhage: (2.302702, 29.342217)
eblv_1: (2.775841, 28.857919)
eblv_2: (2.012879, 29.601921)
ebola_nonzaire: (3.253921, 30.001099)
ebola_zaire_with_2014: (2.890989, 32.881836)
eee: (2.252033, 29.906792)
entebbe_bat: (1.529237, 27.615869)
enterovirus_a: (4.452284, 34.478929)
enterovirus_b: (4.770748, 34.874207)
enterovirus_c: (4.170606, 33.596770)
enterovirus_d: (3.148238, 33.811502)
eyach: (1.536914, 29.382038)
feline_morbillivirus: (2.846099, 30.428498)
fer_de_lance: (1.788602, 29.810066)
fitzroy_river: (1.531614, 29.025348)
flexal: (1.532406, 29.081434)
gairo: (1.536017, 28.955894)
gbv_c: (4.125356, 34.395570)
gemycircularvirus_sl1: (1.610330, 28.154319)
goose_paramyxovirus_sf02: (1.536820, 29.146005)
great_island: (2.625561, 31.626765)
guanarito: (2.628778, 28.823325)
hantaan: (3.007764, 30.111257)
hantavirus_z10: (1.765838, 28.727173)
hbov: (2.650369, 31.665819)
heartland: (2.428420, 31.529685)
hecv_4408: (1.536801, 29.537510)
hendra: (2.086482, 27.447739)
hepatitis_a: (3.328170, 29.658561)
hepatitis_b: (4.552807, 34.433236)
hepatitis_c: (8.999000, 38.597918)
hepatitis_delta: (3.381005, 30.615250)
hepatitis_e: (4.899002, 34.838670)
herpesvirus_1: (2.503569, 31.844849)
herpesvirus_2: (2.876279, 34.030987)
herpesvirus_3: (2.122964, 29.735168)
herpesvirus_4: (3.243183, 36.364463)
herpesvirus_5: (4.116115, 35.720514)
herpesvirus_6: (2.149036, 30.036279)
herpesvirus_7: (1.634736, 29.575959)
herpesvirus_8: (2.060007, 31.087610)
hervk: (1.655621, 28.814707)
hiv1_without_ltr: (7.999000, 40.129840)
hiv2_without_ltr: (3.594022, 31.239346)
hpiv_1: (2.703196, 29.750063)
hpiv_2: (2.700239, 29.415937)
hpiv_3: (3.143651, 31.289334)
hpiv_4: (2.771524, 28.054705)
hpv: (1.942858, 29.062848)
human_coronavirus_229e: (2.762815, 26.583579)
human_coronavirus_hku1: (2.442657, 29.396705)
human_coronavirus_nl63: (2.068639, 29.499403)
human_coronavirus_oc43: (2.901869, 30.315009)
human_genital_associated_circular_dna: (1.529555, 28.420890)
human_picobirnavirus: (1.531271, 28.051022)
human_smacovirus_1: (2.490590, 28.882554)
ikoma: (1.536339, 28.960337)
ilheus: (2.609711, 29.270289)
influenza_a: (4.287834, 33.612913)
influenza_b: (2.791791, 30.092198)
influenza_c: (1.524132, 30.315854)
ippy: (1.536521, 28.711152)
irkut: (1.851821, 29.432925)
j_virus: (1.534392, 28.994232)
jc: (2.541796, 26.168562)
jev: (3.313663, 29.043249)
junin: (3.059099, 28.375925)
kadipiro: (1.838536, 29.732698)
kamiti_river: (1.534760, 28.928624)
kedougou: (1.532126, 28.930329)
kfd: (2.261667, 28.935776)
khujand: (1.527188, 28.935144)
ki_polyomavirus: (1.545981, 26.462827)
kokobera: (1.676806, 28.930167)
lagos_bat: (1.849682, 29.461480)
langat: (1.521779, 28.838802)
lassa: (4.306627, 33.796862)
latino: (1.533586, 29.071164)
lcmv: (2.731488, 29.821042)
leopards_hill: (1.776195, 28.715415)
liao_ning: (1.964830, 30.741895)
lloviu_cuevavirus: (1.528575, 29.238702)
louping_ill: (2.247713, 28.544496)
lujo: (1.507883, 28.406987)
luna: (1.394535, 29.452772)
lunk_nks1: (1.527528, 28.828492)
lyssavirus_ozernoe: (1.533661, 28.948695)
machupo: (2.263092, 29.823722)
mamastrovirus: (3.360859, 30.174576)
manzanilla: (2.560403, 28.053199)
mapuera: (1.535275, 29.260804)
marburg: (3.113936, 29.006173)
mastadenovirus_a: (3.203880, 32.333648)
mastadenovirus_b: (3.471271, 34.098463)
mastadenovirus_c: (3.202183, 34.554211)
mastadenovirus_d: (3.573672, 34.473403)
mayaro: (2.149133, 32.503854)
mcv: (2.125331, 31.354716)
measles: (3.263329, 28.840196)
menangle: (2.780501, 29.361876)
mercadeo: (1.991558, 29.301429)
mers: (2.568904, 30.985356)
metapneumovirus: (3.256858, 35.270397)
mobala: (1.525767, 28.935376)
modoc: (1.525210, 28.866275)
mojiang: (1.522664, 28.996247)
mokola: (2.354432, 29.404113)
montana_myotis_leukoencephalitis: (1.526610, 28.943192)
mopeia: (1.764520, 29.993160)
mopeia_lassa_reassortant_29: (1.962277, 29.881712)
morogoro: (1.527732, 28.678581)
mossman: (1.528374, 29.204470)
mssi2_225: (1.526906, 28.066083)
mumps: (3.328550, 31.346675)
murine_pneumonia: (1.607309, 27.995897)
mvev: (2.792686, 29.990316)
nariva: (1.528483, 29.487378)
ndv: (5.068762, 34.514602)
nipah: (2.541107, 29.554023)
norwalk: (3.843036, 32.142472)
norway_rat_hepacivirus: (1.526444, 29.113259)
ntaya: (1.522324, 29.106783)
o_nyong_nyong: (2.576057, 29.408340)
oliveros: (1.526856, 29.640816)
omsk_hemorrhagiv_fever: (1.813439, 29.999094)
oropouche: (2.858838, 29.885304)
parana: (1.672349, 28.697494)
parramatta_river: (1.526034, 28.943637)
pichinde: (1.573842, 29.269114)
pirital: (1.673757, 29.943628)
piscihepevirus_a: (1.529501, 28.707705)
piv_5: (2.246083, 32.241875)
porcine: (1.515534, 29.344677)
powassan: (2.909000, 32.162989)
ppiv_1: (2.854061, 30.048361)
pprv: (3.308013, 29.486814)
ptlv_1: (2.622626, 30.635419)
ptlv_2: (3.049463, 29.790445)
punta_toro: (2.978788, 29.626144)
puumala: (3.321484, 30.741901)
quang_binh: (1.962161, 29.306653)
razdan: (1.530744, 28.961061)
reptile_bornavirus_1: (1.521242, 28.599768)
rhabdovirus: (4.717917, 33.757166)
rhinovirus_a: (3.668399, 33.323365)
rhinovirus_b: (3.332650, 33.274418)
rift_valley_fever: (2.938086, 30.220807)
rinderpest: (2.938851, 29.999292)
rio_bravo: (1.528791, 28.962550)
rodent_hepacivirus: (1.526967, 28.854150)
rodent_torque_teno: (1.824323, 27.996375)
ross_river: (2.484938, 30.235663)
rotavirus_a: (6.589790, 35.901265)
rotavirus_b: (2.831863, 31.517398)
rotavirus_c: (3.745342, 31.177091)
rotavirus_f: (1.535496, 27.409744)
rotavirus_g: (2.437611, 29.337288)
rotavirus_h: (2.750014, 32.119224)
rotavirus_i: (2.385447, 29.386445)
royal_farm: (1.922658, 30.001976)
rsv: (3.354652, 31.601183)
rubella: (3.361241, 30.012626)
sabia: (1.822824, 29.998746)
salem: (1.537318, 28.951658)
sapporo: (3.048313, 29.283846)
sars: (3.541707, 33.525867)
sathuperi: (2.385156, 26.909119)
seal_anellovirus: (2.074736, 28.746363)
sendai: (2.947161, 29.534397)
seoul: (3.058152, 30.484795)
sepik: (1.527107, 28.433838)
sfnv: (3.108312, 30.633684)
sfsv: (2.122729, 29.754960)
sfts: (3.284001, 31.470289)
shamonda: (1.654852, 26.805069)
shimoni_bat: (1.533250, 29.001917)
shuni: (2.455067, 28.979759)
simbu: (1.533662, 28.932541)
simian_41: (1.543138, 29.377327)
simian_torque_teno: (1.780484, 28.490026)
sin_nombre: (2.871580, 28.539480)
slev: (3.014879, 30.596276)
small_anellovirus: (1.540189, 28.480299)
sosuga: (1.526281, 29.127018)
spanish_goat_encephalitis: (1.533995, 28.890997)
sunshine: (1.537618, 29.193412)
sv40: (1.952764, 28.876896)
tacaribe: (1.770918, 29.154273)
tailam: (1.529833, 29.250696)
tamana_bat: (1.536397, 29.423910)
tamiami: (1.963313, 28.967987)
tbev: (3.479503, 32.437679)
tembusu: (2.704377, 29.638901)
thogoto: (1.994249, 28.734858)
thottapalayam: (2.813016, 29.507045)
tioman: (1.532139, 29.379933)
tlmv: (1.888406, 29.290285)
torque_teno: (3.290473, 30.125803)
torque_teno_canis: (2.011875, 28.695231)
torque_teno_douroucouli: (1.534338, 28.277271)
torque_teno_felis: (2.290720, 27.950900)
torque_teno_midi: (2.389583, 28.625223)
torque_teno_mini: (1.647682, 30.086714)
torque_teno_sus: (3.019049, 30.946187)
torque_teno_tamarin: (1.524916, 28.734765)
torque_teno_zalophus: (1.525496, 28.845462)
tuhoko: (1.534131, 29.594879)
tula: (2.304523, 29.012919)
tupaia: (1.530871, 29.258606)
usutu: (2.933967, 30.396731)
uukuniemi: (2.719842, 31.554940)
vaccinia: (3.060272, 34.234838)
variola: (1.647852, 31.969212)
vee: (3.296344, 32.187562)
vsiv: (3.055872, 29.766287)
wee: (2.307367, 29.688052)
wesselsbron: (2.559198, 29.270015)
west_caucasion_bat: (1.535346, 28.916429)
west_nile: (3.828870, 33.685448)
whitewater_arroyo: (2.012084, 29.999938)
wu_polyomavirus: (2.096385, 30.819255)
yellow_fever: (3.389086, 30.958282)
yokose: (1.528782, 29.003143)
ypv: (1.528501, 28.844798)
zika: (1.729208, 29.276786)
zygosaccharomyces_bailii_z: (1.528291, 28.223178)
TOTAL INTERPOLATED PROBE COUNT: 420000.000000
##############################

##############################
Rounded parameter values:
ablv: (2, 30)
achimota: (0, 30)
aedes: (3, 30)
aguacate: (3, 30)
akabane: (3, 30)
alethinophid_reptarenavirus: (0, 30)
allpahuayo: (0, 30)
amapari: (0, 30)
ampv: (3, 30)
andes: (3, 30)
apmv: (4, 30)
apoi: (0, 30)
aravan: (0, 30)
aroa: (0, 30)
arumowot: (0, 30)
aspv: (0, 30)
avian_vornavirus: (0, 30)
b19: (3, 30)
bagaza: (4, 30)
banna: (3, 30)
bat_hepevirus: (0, 30)
bat_sapovirus_tlc58: (0, 30)
bear_canyon: (3, 30)
beilong: (0, 30)
betapapillomavirus_1: (3, 30)
betapapillomavirus_2: (3, 30)
betapapillomavirus_3: (2, 30)
betapapillomavirus_4: (0, 30)
betapapillomavirus_5: (0, 30)
betapapillomavirus_6: (0, 30)
bhanja: (2, 30)
bk: (3, 30)
bokeloh_bat: (0, 30)
borna_disease: (3, 30)
bovine_hepacivirus: (3, 30)
bpv_3: (4, 40)
brazoran: (0, 30)
brsv: (0, 30)
bunyamwera: (4, 30)
california_encephalitis: (4, 30)
candiru: (3, 30)
canine_distemper: (4, 30)
canine_pneumovirus: (0, 30)
cedar: (0, 30)
cell_fusing_agent: (3, 30)
cetacean_morbillivirus: (0, 30)
chandipura: (2, 30)
chaoyang: (2, 30)
chapare: (0, 30)
chikungunya: (3, 40)
colobus_monkey_papillomavirus: (0, 30)
crimean_congo: (4, 40)
ctfv: (0, 30)
cupixi: (0, 30)
cxfv: (3, 30)
dengue: (4, 40)
dobrava_belgrade: (3, 30)
donggang: (0, 30)
dugbe: (2, 30)
duvenhage: (3, 30)
eblv_1: (3, 30)
eblv_2: (3, 30)
ebola_nonzaire: (4, 30)
ebola_zaire_with_2014: (3, 40)
eee: (3, 30)
entebbe_bat: (0, 30)
enterovirus_a: (5, 40)
enterovirus_b: (5, 40)
enterovirus_c: (5, 40)
enterovirus_d: (4, 40)
eyach: (0, 30)
feline_morbillivirus: (3, 30)
fer_de_lance: (2, 30)
fitzroy_river: (0, 30)
flexal: (0, 30)
gairo: (0, 30)
gbv_c: (5, 40)
gemycircularvirus_sl1: (2, 30)
goose_paramyxovirus_sf02: (0, 30)
great_island: (3, 30)
guanarito: (3, 30)
hantaan: (3, 40)
hantavirus_z10: (0, 30)
hbov: (3, 40)
heartland: (3, 30)
hecv_4408: (0, 30)
hendra: (3, 30)
hepatitis_a: (4, 30)
hepatitis_b: (5, 40)
hepatitis_c: (5, 40)
hepatitis_delta: (4, 40)
hepatitis_e: (5, 40)
herpesvirus_1: (3, 40)
herpesvirus_2: (3, 40)
herpesvirus_3: (3, 30)
herpesvirus_4: (4, 40)
herpesvirus_5: (5, 40)
herpesvirus_6: (3, 30)
herpesvirus_7: (2, 30)
herpesvirus_8: (2, 40)
hervk: (2, 30)
hiv1_without_ltr: (6, 50)
hiv2_without_ltr: (4, 40)
hpiv_1: (3, 30)
hpiv_2: (3, 30)
hpiv_3: (4, 40)
hpiv_4: (3, 30)
hpv: (0, 30)
human_coronavirus_229e: (3, 30)
human_coronavirus_hku1: (3, 30)
human_coronavirus_nl63: (3, 30)
human_coronavirus_oc43: (3, 40)
human_genital_associated_circular_dna: (0, 30)
human_picobirnavirus: (0, 30)
human_smacovirus_1: (3, 30)
ikoma: (0, 30)
ilheus: (3, 30)
influenza_a: (5, 40)
influenza_b: (3, 30)
influenza_c: (0, 30)
ippy: (0, 30)
irkut: (2, 30)
j_virus: (0, 30)
jc: (3, 30)
jev: (4, 30)
junin: (4, 30)
kadipiro: (2, 30)
kamiti_river: (0, 30)
kedougou: (0, 30)
kfd: (3, 30)
khujand: (0, 30)
ki_polyomavirus: (1, 30)
kokobera: (0, 30)
lagos_bat: (2, 30)
langat: (0, 30)
lassa: (5, 40)
latino: (0, 30)
lcmv: (3, 30)
leopards_hill: (2, 30)
liao_ning: (2, 30)
lloviu_cuevavirus: (0, 30)
louping_ill: (3, 30)
lujo: (0, 30)
luna: (0, 30)
lunk_nks1: (0, 30)
lyssavirus_ozernoe: (0, 30)
machupo: (3, 30)
mamastrovirus: (4, 40)
manzanilla: (3, 30)
mapuera: (0, 30)
marburg: (4, 30)
mastadenovirus_a: (4, 40)
mastadenovirus_b: (4, 40)
mastadenovirus_c: (4, 40)
mastadenovirus_d: (4, 40)
mayaro: (3, 40)
mcv: (3, 30)
measles: (4, 30)
menangle: (3, 30)
mercadeo: (2, 30)
mers: (3, 40)
metapneumovirus: (4, 40)
mobala: (0, 30)
modoc: (0, 30)
mojiang: (0, 30)
mokola: (3, 30)
montana_myotis_leukoencephalitis: (0, 30)
mopeia: (0, 30)
mopeia_lassa_reassortant_29: (2, 30)
morogoro: (0, 30)
mossman: (0, 30)
mssi2_225: (0, 30)
mumps: (4, 40)
murine_pneumonia: (1, 30)
mvev: (3, 30)
nariva: (0, 30)
ndv: (5, 40)
nipah: (3, 30)
norwalk: (4, 30)
norway_rat_hepacivirus: (0, 30)
ntaya: (0, 30)
o_nyong_nyong: (3, 30)
oliveros: (0, 30)
omsk_hemorrhagiv_fever: (2, 30)
oropouche: (3, 30)
parana: (0, 30)
parramatta_river: (0, 30)
pichinde: (1, 30)
pirital: (1, 30)
piscihepevirus_a: (0, 30)
piv_5: (3, 30)
porcine: (0, 30)
powassan: (3, 40)
ppiv_1: (3, 30)
pprv: (4, 30)
ptlv_1: (3, 40)
ptlv_2: (4, 30)
punta_toro: (3, 30)
puumala: (4, 40)
quang_binh: (0, 30)
razdan: (0, 30)
reptile_bornavirus_1: (0, 30)
rhabdovirus: (5, 40)
rhinovirus_a: (4, 40)
rhinovirus_b: (4, 40)
rift_valley_fever: (3, 30)
rinderpest: (3, 30)
rio_bravo: (0, 30)
rodent_hepacivirus: (0, 30)
rodent_torque_teno: (1, 30)
ross_river: (3, 40)
rotavirus_a: (6, 40)
rotavirus_b: (3, 40)
rotavirus_c: (4, 40)
rotavirus_f: (0, 30)
rotavirus_g: (3, 30)
rotavirus_h: (3, 40)
rotavirus_i: (3, 30)
royal_farm: (0, 30)
rsv: (4, 40)
rubella: (4, 30)
sabia: (0, 30)
salem: (0, 30)
sapporo: (4, 30)
sars: (4, 40)
sathuperi: (3, 30)
seal_anellovirus: (3, 30)
sendai: (3, 30)
seoul: (4, 30)
sepik: (0, 30)
sfnv: (4, 40)
sfsv: (3, 30)
sfts: (4, 40)
shamonda: (1, 30)
shimoni_bat: (0, 30)
shuni: (3, 30)
simbu: (0, 30)
simian_41: (0, 30)
simian_torque_teno: (1, 30)
sin_nombre: (3, 30)
slev: (4, 40)
small_anellovirus: (0, 30)
sosuga: (0, 30)
spanish_goat_encephalitis: (0, 30)
sunshine: (0, 30)
sv40: (2, 30)
tacaribe: (2, 30)
tailam: (0, 30)
tamana_bat: (0, 30)
tamiami: (2, 30)
tbev: (4, 40)
tembusu: (3, 30)
thogoto: (2, 30)
thottapalayam: (3, 30)
tioman: (0, 30)
tlmv: (2, 30)
torque_teno: (4, 40)
torque_teno_canis: (3, 30)
torque_teno_douroucouli: (0, 30)
torque_teno_felis: (3, 30)
torque_teno_midi: (2, 30)
torque_teno_mini: (2, 30)
torque_teno_sus: (4, 40)
torque_teno_tamarin: (0, 30)
torque_teno_zalophus: (0, 30)
tuhoko: (0, 30)
tula: (3, 30)
tupaia: (0, 30)
usutu: (3, 30)
uukuniemi: (3, 40)
vaccinia: (4, 40)
variola: (1, 40)
vee: (4, 40)
vsiv: (4, 30)
wee: (3, 30)
wesselsbron: (3, 30)
west_caucasion_bat: (0, 30)
west_nile: (4, 40)
whitewater_arroyo: (3, 30)
wu_polyomavirus: (2, 40)
yellow_fever: (4, 40)
yokose: (0, 30)
ypv: (0, 30)
zika: (1, 30)
zygosaccharomyces_bailii_z: (0, 30)
TOTAL PROBE COUNT: 419998
##############################
