Sender: LSF System <lsf@node1967>
Subject: Job 6209725: <python -u ../../scripts/find_optimal_params.py -i ./ --max_probe_count 350000 -o ../2015-10_params/count_350000.params> in cluster <cromwell> Done

Job <python -u ../../scripts/find_optimal_params.py -i ./ --max_probe_count 350000 -o ../2015-10_params/count_350000.params> was submitted from host <silver> by user <hmetsky> in cluster <cromwell>.
Job was executed on host(s) <node1967>, in queue <week>, as user <hmetsky> in cluster <cromwell>.
</home/unix/hmetsky> was used as the home directory.
</home/unix/hmetsky/viral/viral-work/results/hybsel_design/viral-probe-set_all-human-host-viruses/2015-10> was used as the working directory.
Started at Thu Jan  7 16:16:01 2016
Results reported on Fri Jan  8 00:04:10 2016

Your job looked like:

------------------------------------------------------------
# LSBATCH: User input
python -u ../../scripts/find_optimal_params.py -i ./ --max_probe_count 350000 -o ../2015-10_params/count_350000.params
------------------------------------------------------------

Successfully completed.

Resource usage summary:

    CPU time :               27993.70 sec.
    Max Memory :             1166 MB
    Average Memory :         1151.16 MB
    Total Requested Memory : 8592.00 MB
    Delta Memory :           7426.00 MB
    (Delta: the difference between Total Requested Memory and Max Memory.)
    Max Processes :          6
    Max Threads :            7

The output (if any) follows:

WARNING: Initial guess is beyond the probe barrier (373342, but the max is 350000)
         ...continuing anyway
Starting an iteration with eps=10.000000, with x0 yielding 373342.500000 probes
  NIT   NF   F                       GTG
    0    1  1.255496121355735E+05   1.16478096E+07
    1    2  1.255496121355735E+05   1.14434801E+07
    2    6  1.482972159415760E+04   4.04912497E+04
    3   18  1.414260342753989E+04   5.02284169E+05
    4   23  1.331387404722575E+04   2.41391308E+05
    5   35  1.026430783370393E+04   2.67148300E+08
    6   39  1.024407375357089E+04   7.01899699E+06
    7   53  7.645587241322674E+03   3.09560021E+04
    8   83  6.784374082653119E+03   6.90687351E+07
    9   87  6.764696416097231E+03   1.52283638E+06
   10  108  6.498219280144059E+03   6.87680234E+07
   11  114  6.368535379493237E+03   2.94606910E+07
   12  170  6.291079785160730E+03   5.90107235E+07
   13  248  6.117021185236466E+03   4.24088553E+07
   14  252  6.108361122689578E+03   1.64166514E+06
   15  263  6.087219201316621E+03   7.40077842E+06
   16  271  6.077218777391990E+03   3.00997969E+07
   17  286  6.072996753697624E+03   4.50484211E+07
   18  341  6.066397450070149E+03   6.38111439E+07
   19  349  6.058396107580133E+03   9.52291074E+07
   20  357  6.053703814973139E+03   1.20627512E+08
   21  363  6.047380953169785E+03   1.34722861E+08
   22  366  6.032396536788801E+03   5.22643671E+07
   23  417  6.023709783085763E+03   5.25468074E+07
   24  473  6.003525307632084E+03   2.07274014E+08
   25  558  5.998628144620096E+03   2.40109306E+08
   26  570  5.916039187893299E+03   7.35741244E+07
   27  574  5.909039487850058E+03   3.40280706E+07
   28  582  5.837325923018151E+03   2.92743344E+07
   29  591  5.796278025202696E+03   5.31303980E+07
   30  673  5.796116733802365E+03   6.73765143E+07
   31  677  5.783502962079394E+03   2.75088230E+07
   32  695  5.773816695128448E+03   3.75768323E+07
   33  702  5.639748296010035E+03   3.22044497E+05
   34  708  5.625474258064235E+03   3.11398176E+05
   35  712  5.605324394088045E+03   3.73677260E+05
   36  724  5.592905606736964E+03   7.39642768E+05
   37  730  5.588900741393461E+03   1.37724727E+06
   38  734  5.584945430309142E+03   1.74404709E+06
   39  761  5.582994834027118E+03   2.07375366E+06
   40  773  5.581761650602739E+03   2.51103205E+06
   41  778  5.579462778743163E+03   5.91448222E+06
   42  784  5.578721663192151E+03   6.87959057E+06
   43  815  5.577258690342113E+03   8.34052465E+06
   44  820  5.567256822351108E+03   2.92347200E+05
   45  823  5.564340805409531E+03   3.00278252E+05
   46  837  5.560987986174012E+03   7.11189419E+05
   47  851  5.551283599299280E+03   2.76622681E+06
   48  854  5.549722214627440E+03   1.54047922E+06
   49  859  5.545829806417032E+03   2.41301220E+05
   50  868  5.542191351026527E+03   3.03631015E+05
   51  892  5.539933338355983E+03   5.41721886E+05
   52  899  5.537854404621503E+03   5.37623837E+05
   53  931  5.537759180839857E+03   6.19998009E+05
   54  939  5.535201095983234E+03   7.81581186E+05
   55  946  5.533463243623714E+03   9.62207420E+05
   56  960  5.528282552633003E+03   1.59767882E+06
   57  995  5.527958246218179E+03   1.56875605E+06
   58 1000  5.522982123955050E+03   1.50478409E+05
   59 1005  5.408074452640336E+03   1.03841067E+07
   60 1007  5.268740719930321E+03   7.32562576E+05
   61 1017  5.238050195011792E+03   6.43632693E+06
   62 1047  5.184666775609956E+03   5.70947552E+07
   63 1049  5.184630351901142E+03   5.63989749E+07
   64 1129  5.106525305166084E+03   4.33354816E+07
   65 1133  5.056445530443026E+03   1.14858654E+07
   66 1138  4.950117402608158E+03   4.28547347E+04
   67 1144  4.912073572873453E+03   4.80078997E+05
   68 1148  4.899962702454536E+03   5.36277224E+05
   69 1155  4.888972996378137E+03   2.20965376E+06
   70 1160  4.875951405845035E+03   5.24012743E+06
   71 1165  4.870791895643040E+03   4.94505216E+06
   72 1170  4.870443884112706E+03   4.91625846E+06
   73 1173  4.870190817245454E+03   4.73119919E+06
   74 1176  4.868050411409783E+03   3.41033693E+06
   75 1180  4.867888148185495E+03   3.39655553E+06
   76 1185  4.867808434410246E+03   3.39354888E+06
   77 1189  4.867736475248980E+03   3.38772428E+06
   78 1194  4.867610593667526E+03   3.38259823E+06
   79 1199  4.867441915929620E+03   3.37528784E+06
   80 1203  4.867349283815033E+03   3.37065341E+06
   81 1207  4.867081838753740E+03   3.34990845E+06
   82 1212  4.867000841734050E+03   3.34643616E+06
   83 1217  4.866648129282055E+03   3.33516141E+06
   84 1222  4.866596869365839E+03   3.33248725E+06
   85 1226  4.866516504445440E+03   3.32640870E+06
   86 1231  4.866347446700238E+03   3.32229449E+06
   87 1235  4.866228461499713E+03   3.31636484E+06
   88 1240  4.864341017781636E+03   3.38679608E+06
   89 1245  4.862449542173849E+03   3.54170743E+06
   90 1249  4.860742441263901E+03   4.04310645E+06
   91 1253  4.860741495189070E+03   4.04302870E+06
   92 1259  4.860684364906448E+03   4.02875335E+06
   93 1265  4.860494749421355E+03   4.00889907E+06
   94 1268  4.858944689777225E+03   2.75038685E+06
   95 1272  4.851360164246617E+03   1.04018711E+05
   96 1311  4.850533547743412E+03   1.11421070E+05
   97 1315  4.850205675054826E+03   1.13242497E+05
   98 1320  4.847928772725833E+03   1.12485820E+05
   99 1337  4.847900775115732E+03   1.12495713E+05
  100 1363  4.847833014976911E+03   1.12502142E+05
  101 1386  4.847736579783435E+03   1.12472911E+05
  102 1391  4.847723585285404E+03   1.12188149E+05
  103 1399  4.847370812593937E+03   1.11409223E+05
  104 1411  4.846723146042063E+03   1.10561822E+05
  105 1419  4.846318526986114E+03   1.04308908E+05
  106 1422  4.846040749396960E+03   1.06796738E+05
  107 1439  4.845847996301044E+03   1.62013937E+05
  108 1448  4.845633483386492E+03   1.60038619E+05
  109 1459  4.845197847590106E+03   1.59158623E+05
  110 1462  4.844497035750041E+03   1.42509448E+05
  111 1467  4.843737135782874E+03   1.07830430E+05
  112 1476  4.843362168630129E+03   1.07693526E+05
  113 1484  4.843296227955360E+03   1.07615783E+05
  114 1501  4.842899551679498E+03   1.07520016E+05
  115 1512  4.842514733670234E+03   1.05987544E+05
  116 1515  4.841982121843123E+03   1.09830502E+05
  117 1531  4.841681116259461E+03   1.09279014E+05
  118 1539  4.841457392471136E+03   1.08181269E+05
  119 1549  4.838857356725611E+03   1.11977508E+05
  120 1555  4.838279897064222E+03   1.11244868E+05
  121 1564  4.838027021189540E+03   1.10919352E+05
  122 1569  4.837742262316872E+03   1.09873799E+05
  123 1576  4.836965198642225E+03   1.20039207E+05
  124 1584  4.836545594145931E+03   1.20534714E+05
  125 1593  4.835887992123400E+03   1.21087523E+05
  126 1603  4.835825556267911E+03   1.21018755E+05
  127 1616  4.835798302092725E+03   1.32555449E+05
  128 1625  4.834423902179446E+03   1.45245657E+05
  129 1689  4.832619318342438E+03   1.25415585E+05
  130 1693  4.830555410987542E+03   1.71781040E+05
  131 1697  4.828311224555049E+03   6.63321882E+04
  132 1705  4.827888545237747E+03   6.70902512E+04
  133 1711  4.827564948305478E+03   6.84106556E+04
  134 1717  4.827405973055987E+03   9.32372352E+04
  135 1726  4.827273707310860E+03   9.33679919E+04
  136 1731  4.827187521454023E+03   1.28945949E+05
  137 1735  4.826422104693964E+03   1.48553860E+05
  138 1744  4.826317788913686E+03   1.55678319E+05
  139 1753  4.826061838726087E+03   1.54987974E+05
  140 1761  4.825066615952018E+03   1.85482617E+05
  141 1783  4.824839436286256E+03   2.03912153E+05
  142 1790  4.824698131677906E+03   2.02841543E+05
  143 1797  4.824651544004120E+03   2.03278112E+05
  144 1801  4.822739862830818E+03   1.16092459E+05
  145 1810  4.822017222651919E+03   1.16416260E+05
  146 1829  4.820278384670850E+03   2.04700941E+05
  147 1833  4.820261940783366E+03   2.04861994E+05
  148 1839  4.819927975038846E+03   2.03676942E+05
  149 1847  4.816876047402068E+03   3.12490399E+05
  150 1854  4.814114325303979E+03   6.55654650E+05
  151 1862  4.807551449328042E+03   4.91521905E+05
  152 1869  4.799790818725224E+03   7.98691330E+05
  153 1873  4.798986529711628E+03   8.37458236E+05
  154 1877  4.797239061493751E+03   8.78106569E+05
  155 1883  4.796364757431906E+03   8.65620644E+05
  156 1888  4.787863385681705E+03   8.01147990E+04
  157 1898  4.787837628593000E+03   8.00595676E+04
  158 1911  4.787779124529516E+03   8.02106370E+04
  159 1934  4.787731814618250E+03   8.17984980E+04
  160 1942  4.787702579152649E+03   8.16717886E+04
  161 1954  4.787688016265246E+03   8.16639919E+04
  162 1969  4.787666896100412E+03   8.22187181E+04
  163 1987  4.787211245314778E+03   8.78809930E+04
  164 1992  4.786762489844642E+03   1.03563122E+05
  165 2019  4.786713212147733E+03   1.01165007E+05
  166 2023  4.785747339784673E+03   1.06150227E+05
  167 2027  4.785510690447190E+03   9.64648313E+04
  168 2071  4.785243674046550E+03   9.90102405E+04
  169 2083  4.784963782910488E+03   1.06619124E+05
  170 2146  4.784807934806175E+03   1.07901608E+05
  171 2154  4.784774997522968E+03   1.10013740E+05
  172 2158  4.784079760171157E+03   1.14730245E+05
  173 2172  4.783929693897677E+03   1.17466373E+05
  174 2228  4.783923493925882E+03   1.17472712E+05
  175 2238  4.783867023744214E+03   1.22376723E+05
  176 2245  4.783742397034642E+03   1.92929143E+05
  177 2264  4.783504206002232E+03   1.95754320E+05
  178 2268  4.782923987207273E+03   1.18324470E+05
  179 2285  4.782923987207273E+03   1.18324470E+05
  180 2327  4.782923077301178E+03   1.18337653E+05
  181 2336  4.782109022214930E+03   1.20519920E+05
  182 2346  4.782095930464746E+03   1.20476311E+05
  183 2367  4.782093391088797E+03   1.20468900E+05
  184 2381  4.782017412606553E+03   1.19126709E+05
  185 2394  4.781950674867385E+03   1.20008239E+05
  186 2402  4.781884957038763E+03   1.21925062E+05
  187 2415  4.781760117400762E+03   1.29805340E+05
  188 2430  4.781687037166233E+03   1.54092941E+05
  189 2455  4.781089033113882E+03   1.57933901E+05
  190 2469  4.780881047485686E+03   1.62106666E+05
  191 2478  4.780742693993371E+03   1.97586949E+05
  192 2495  4.780292225439654E+03   2.28299397E+05
  193 2500  4.780292225439654E+03   2.28299397E+05
  193 2500  4.780292225439654E+03   2.28299397E+05
  Iteration failed to converge!
Starting an iteration with eps=1.000000, with x0 yielding 349891.354509 probes
  NIT   NF   F                       GTG
    0    1  4.822567496577291E+03   4.07852929E+03
    1    3  4.822567496577291E+03   3.94597681E+03
    2    6  4.822567496577291E+03   3.94597681E+03
    3   38  4.751469502721865E+03   4.00115250E+06
    4   89  4.742303299886925E+03   6.15151246E+03
    5   94  4.449648844000727E+03   3.25091534E+03
    6   99  4.358966880806637E+03   1.09175031E+06
    7  101  4.272190826179341E+03   2.66863514E+03
    8  105  4.215502301430507E+03   2.25874522E+04
    9  110  4.194765931752408E+03   3.23723353E+04
   10  142  4.177898330342221E+03   6.01515088E+06
   11  146  4.175973420920966E+03   1.24843908E+05
   12  154  4.175973420920966E+03   1.24842992E+05
   13  172  4.171751342237452E+03   2.13693934E+06
   14  174  4.170121633437289E+03   4.50143366E+05
   15  225  4.166207592891436E+03   2.18366921E+05
   16  234  4.155482766655600E+03   3.73894060E+06
   17  238  4.152354655805756E+03   6.85421526E+05
   18  245  4.137472937652984E+03   2.15071611E+06
   19  302  4.127980601798489E+03   2.66663970E+06
   20  357  4.103164111075667E+03   6.03198771E+05
   21  375  4.095053170662670E+03   2.87093085E+06
   22  380  4.093341314977527E+03   5.17168347E+04
   23  384  4.092035640404536E+03   1.88610577E+03
   24  395  4.030017923183232E+03   5.93616493E+05
   25  433  4.027170508912259E+03   1.52539708E+06
   26  484  4.008252638920952E+03   2.80825597E+03
   27  488  3.981057013837515E+03   2.53452377E+03
   28  494  3.976551663564946E+03   2.35666425E+05
   29  545  3.974615899055010E+03   6.26857545E+04
   30  559  3.974273417700739E+03   6.31725022E+04
   31  564  3.974099972727692E+03   6.21713612E+04
   32  579  3.972900795900875E+03   5.41530466E+04
   33  586  3.972440229237296E+03   5.41587364E+04
   34  591  3.955109040835500E+03   7.24839705E+04
   35  601  3.952991952930446E+03   7.04377102E+04
   36  605  3.952407616818316E+03   4.79261993E+04
   37  609  3.944826075224929E+03   9.39582602E+03
   38  613  3.938929112989110E+03   2.46551502E+04
   39  623  3.936025698136085E+03   2.28866682E+04
   40  628  3.932294858554306E+03   3.82966690E+04
   41  646  3.932071382599030E+03   1.06896586E+05
   42  651  3.931771416791196E+03   5.09373246E+03
   43  669  3.931211913709670E+03   6.96838848E+03
   44  673  3.930326660216609E+03   2.46643208E+03
   45  676  3.930154936776039E+03   7.36582725E+03
   46  689  3.929975705406244E+03   7.27220348E+03
   47  694  3.929708842321114E+03   3.16273170E+04
   48  698  3.929524032135249E+03   3.15671773E+04
   49  704  3.929343412555150E+03   3.21851929E+04
   50  708  3.928880415842884E+03   3.16904460E+04
   51  712  3.928498690730576E+03   3.21342854E+04
   52  717  3.928392819040491E+03   3.28706803E+04
   53  726  3.928341174446733E+03   3.29025532E+04
   54  730  3.926910901852436E+03   2.85598761E+04
   55  735  3.926307636173857E+03   2.90794360E+04
   56  741  3.926260496886649E+03   2.90299045E+04
   57  744  3.924667898692561E+03   3.11125180E+04
   58  748  3.923433619938742E+03   2.97615363E+04
   59  754  3.918018466801454E+03   2.70203404E+04
   60  762  3.916316310415039E+03   2.50774549E+04
   61  767  3.913611443386268E+03   1.47864743E+05
   62  773  3.912475212569675E+03   1.61682100E+05
   63  798  3.905772296065828E+03   1.20253154E+05
   64  803  3.902478354769300E+03   1.03135615E+05
   65  815  3.892968116746444E+03   4.29807942E+04
   66  820  3.880548553627800E+03   2.34135728E+05
   67  853  3.880196277000324E+03   2.32354149E+05
   68  858  3.876376262268257E+03   1.63951731E+05
   69  862  3.875359959055118E+03   1.35928658E+05
   70  866  3.873836686974761E+03   8.47828030E+02
   71  871  3.870584288785122E+03   8.55351156E+02
   72  881  3.868901515634705E+03   8.95386034E+02
   73  891  3.863262825812420E+03   1.24131971E+03
   74  894  3.858018382162714E+03   8.76071685E+02
   75  908  3.857976866676014E+03   8.16097558E+02
   76  912  3.823086761398403E+03   7.46386135E+02
   77  916  3.803752613827529E+03   7.01221800E+02
   78  931  3.776399711069898E+03   1.48183422E+06
   79  964  3.751736727511257E+03   3.65737149E+03
   80  968  3.713020935719012E+03   3.25635095E+03
   81  972  3.708768598784790E+03   3.26347916E+03
   82  983  3.645119601108674E+03   1.98844996E+05
   83  996  3.627649576182206E+03   7.69421334E+06
   84 1000  3.625726372055805E+03   1.46417684E+05
   85 1021  3.625726372055805E+03   1.46415519E+05
   86 1024  3.625446633258482E+03   2.12128387E+05
   87 1056  3.621108902737637E+03   1.20618128E+06
   88 1113  3.577920892514098E+03   2.85498730E+05
   89 1137  3.573997665267493E+03   7.34320154E+06
   90 1138  3.573997665267493E+03   7.34304629E+06
   91 1182  3.573997665267376E+03   7.34304629E+06
  Iteration was successful
Starting an iteration with eps=0.100000, with x0 yielding 349999.848397 probes
  NIT   NF   F                       GTG
    0    1  3.574124704498365E+03   8.20791194E+04
    1    4  3.574124704498365E+03   4.91102261E+04
    2   54  3.574124704498365E+03   4.64793319E+04
    3   71  3.550634235467804E+03   2.77912581E+03
    4   78  3.525514325537496E+03   4.06415588E+03
    5   88  3.521679858528896E+03   4.10684200E+03
    6   94  3.509800814985662E+03   4.17068651E+03
    7   99  3.509179272821356E+03   4.17274231E+03
    8  106  3.505684468696717E+03   4.18391151E+03
    9  157  3.505353392892963E+03   4.18445934E+03
   10  165  3.505067794942694E+03   4.18510143E+03
   11  168  3.504070210375186E+03   4.18830263E+03
   12  173  3.502681504165717E+03   4.19098874E+03
   13  180  3.501654948186662E+03   4.19202604E+03
   14  188  3.501633524935173E+03   4.19204934E+03
   15  197  3.500695504988269E+03   4.19245193E+03
   16  209  3.500404810170615E+03   4.19284147E+03
   17  213  3.498796058313049E+03   4.19377238E+03
   18  224  3.498695485747457E+03   4.19369926E+03
   19  227  3.498206485215715E+03   4.19429115E+03
   20  231  3.497416479591506E+03   4.19531348E+03
   21  242  3.497387878907914E+03   4.19529903E+03
   22  246  3.496760207671275E+03   4.19555581E+03
   23  263  3.496723672622378E+03   4.19552952E+03
   24  267  3.495764654436520E+03   4.19581533E+03
   25  273  3.493116790048489E+03   4.19696395E+03
   26  294  3.493072299727764E+03   4.19691466E+03
   27  309  3.493035389299167E+03   4.19684558E+03
   28  326  3.492947897537728E+03   4.19649391E+03
   29  333  3.492597171227356E+03   4.19670752E+03
   30  354  3.492540169194846E+03   4.19660234E+03
   31  358  3.492270799739681E+03   4.19626237E+03
   32  361  3.492224430357364E+03   4.19623751E+03
   33  365  3.484569895636143E+03   4.17674807E+03
   34  369  3.483870566822041E+03   4.17457448E+03
   35  374  3.466184062460906E+03   3.29632420E+03
   36  433  3.463099219679015E+03   2.27850266E+04
   37  443  3.453830866815660E+03   7.88999722E+02
   38  447  3.450954941314881E+03   1.00741195E+03
   39  450  3.450555039189411E+03   3.97367022E+03
   40  454  3.449408689311767E+03   6.58437581E+03
   41  481  3.447785376423694E+03   6.12738018E+03
   42  488  3.447628284428216E+03   2.21318914E+03
   43  491  3.447628284428216E+03   2.13581884E+03
   44  495  3.447459095147429E+03   1.38921412E+03
   45  498  3.447451432191887E+03   1.36303456E+03
   46  509  3.445414612942378E+03   1.07903724E+04
   47  513  3.442108883902615E+03   1.74498422E+03
   48  524  3.442077433554012E+03   1.71393493E+03
   49  538  3.439262842740305E+03   1.24088256E+03
   50  542  3.437597364855196E+03   1.19206535E+03
   51  552  3.432256122144316E+03   1.20048995E+04
   52  559  3.431103814653155E+03   1.95324256E+03
   53  563  3.422578360025313E+03   1.60917425E+03
   54  567  3.414493590008624E+03   1.56426487E+03
   55  571  3.410351375352302E+03   1.53688816E+03
   56  577  3.409852792468095E+03   1.76346005E+04
   57  581  3.409597294079191E+03   2.87919415E+03
   58  585  3.409571378499454E+03   1.90103629E+04
   59  593  3.409546845659754E+03   6.29195068E+04
   60  612  3.405178914639567E+03   1.00375998E+14
   60  649  3.405178914639567E+03   1.00375998E+14
  Iteration failed to converge!
Starting an iteration with eps=0.010000, with x0 yielding 349999.999973 probes
  NIT   NF   F                       GTG
    0    1  3.405178917041401E+03   1.00375998E+14
    1    3  3.405178917041401E+03   1.00375998E+14
    1   41  3.405178917041401E+03   1.00375998E+14
  Iteration failed to converge!
##############################
Continuous parameter values:
ablv: (0.807300, 25.120747)
achimota: (0.000000, 25.336503)
aedes: (0.865582, 24.924345)
aguacate: (0.000000, 27.061320)
akabane: (2.232469, 29.285967)
alethinophid_reptarenavirus: (0.000000, 23.866898)
allpahuayo: (0.000000, 20.813125)
amapari: (0.000000, 20.429671)
ampv: (1.163156, 44.797662)
andes: (1.122373, 27.054007)
apmv: (2.291341, 49.999000)
apoi: (0.000000, 15.910869)
aravan: (0.000000, 17.540194)
aroa: (0.000000, 26.981493)
arumowot: (0.000000, 0.000000)
aspv: (0.000000, 22.674654)
avian_vornavirus: (0.000000, 0.000000)
b19: (1.597585, 26.737262)
bagaza: (2.222386, 25.504184)
banna: (1.567387, 28.134827)
bat_hepevirus: (0.000000, 19.103358)
bat_sapovirus_tlc58: (0.000000, 0.000000)
bear_canyon: (0.541445, 22.555977)
beilong: (0.000000, 22.869850)
betapapillomavirus_1: (0.705119, 46.395244)
betapapillomavirus_2: (1.562826, 44.588362)
betapapillomavirus_3: (0.000000, 25.862793)
betapapillomavirus_4: (0.000000, 0.000000)
betapapillomavirus_5: (0.000000, 19.972386)
betapapillomavirus_6: (0.000000, 0.000000)
bhanja: (0.000000, 43.120381)
bk: (1.468710, 23.177058)
bokeloh_bat: (0.000000, 0.000000)
borna_disease: (1.139409, 26.469834)
bovine_hepacivirus: (0.689969, 26.659160)
bpv_3: (2.607898, 29.434092)
brazoran: (0.000000, 19.362068)
brsv: (0.000000, 20.729482)
bunyamwera: (2.146663, 43.930529)
california_encephalitis: (2.902698, 46.874724)
candiru: (0.000000, 47.489129)
canine_distemper: (3.022958, 29.480729)
canine_pneumovirus: (0.000000, 20.617167)
cedar: (0.000000, 22.260981)
cell_fusing_agent: (1.007470, 22.347534)
cetacean_morbillivirus: (0.000000, 21.185456)
chandipura: (0.630562, 26.849267)
chaoyang: (0.864962, 23.453207)
chapare: (0.000000, 0.000000)
chikungunya: (2.256484, 28.315360)
colobus_monkey_papillomavirus: (0.000000, 0.000000)
crimean_congo: (4.596761, 47.458090)
ctfv: (0.000000, 20.179806)
cupixi: (0.000000, 14.590102)
cxfv: (2.251574, 26.978608)
dengue: (5.410382, 39.695532)
dobrava_belgrade: (1.441850, 26.292931)
donggang: (0.000000, 18.798435)
dugbe: (0.188317, 23.731878)
duvenhage: (0.967001, 25.498307)
eblv_1: (1.702642, 26.045078)
eblv_2: (0.969533, 24.552632)
ebola_nonzaire: (2.100074, 49.999000)
ebola_zaire_with_2014: (2.011883, 27.931217)
eee: (1.976313, 27.773101)
entebbe_bat: (0.000000, 0.000000)
enterovirus_a: (5.072324, 49.999000)
enterovirus_b: (5.015800, 49.999000)
enterovirus_c: (4.342256, 49.999000)
enterovirus_d: (2.814913, 28.693350)
eyach: (0.000000, 24.295355)
feline_morbillivirus: (1.909547, 26.528428)
fer_de_lance: (0.000000, 24.770004)
fitzroy_river: (0.000000, 0.000000)
flexal: (0.000000, 16.534684)
gairo: (0.000000, 0.000000)
gbv_c: (5.750968, 35.973825)
gemycircularvirus_sl1: (0.534366, 0.000000)
goose_paramyxovirus_sf02: (0.000000, 20.855746)
great_island: (1.605301, 28.360017)
guanarito: (1.498926, 26.241907)
hantaan: (2.041988, 46.390723)
hantavirus_z10: (0.284378, 0.000000)
hbov: (1.332954, 25.895358)
heartland: (1.038617, 24.440033)
hecv_4408: (0.000000, 25.044958)
hendra: (1.173519, 22.807043)
hepatitis_a: (3.421678, 27.557044)
hepatitis_b: (4.999000, 37.037067)
hepatitis_c: (8.999000, 49.999000)
hepatitis_delta: (3.318164, 30.343790)
hepatitis_e: (5.934962, 49.999000)
herpesvirus_1: (1.160507, 45.186348)
herpesvirus_2: (1.956402, 45.060415)
herpesvirus_3: (0.860664, 43.934140)
herpesvirus_4: (2.963063, 44.797216)
herpesvirus_5: (4.516473, 49.999000)
herpesvirus_6: (0.995786, 46.112445)
herpesvirus_7: (0.532771, 45.858171)
herpesvirus_8: (0.997973, 49.999000)
hervk: (0.797740, 0.000000)
hiv1_without_ltr: (7.999000, 49.999000)
hiv2_without_ltr: (3.996494, 37.699189)
hpiv_1: (1.973436, 20.655536)
hpiv_2: (1.809674, 27.523984)
hpiv_3: (2.897074, 26.760375)
hpiv_4: (1.990400, 29.143243)
hpv: (0.000000, 25.345707)
human_coronavirus_229e: (1.767301, 26.977659)
human_coronavirus_hku1: (1.026247, 27.731337)
human_coronavirus_nl63: (1.292271, 23.734628)
human_coronavirus_oc43: (2.532105, 29.583558)
human_genital_associated_circular_dna: (0.000000, 0.000000)
human_picobirnavirus: (0.000000, 0.000000)
human_smacovirus_1: (1.053608, 22.319210)
ikoma: (0.000000, 18.754021)
ilheus: (0.312542, 25.766433)
influenza_a: (5.334277, 48.383966)
influenza_b: (1.933722, 28.395026)
influenza_c: (0.000000, 0.000000)
ippy: (0.000000, 0.000000)
irkut: (0.000000, 24.194301)
j_virus: (0.000000, 23.525352)
jc: (1.798330, 18.659505)
jev: (2.988853, 31.307230)
junin: (2.013322, 23.986262)
kadipiro: (0.000000, 23.317780)
kamiti_river: (0.000000, 20.995761)
kedougou: (0.000000, 16.854527)
kfd: (1.102691, 20.913267)
khujand: (0.000000, 17.781162)
ki_polyomavirus: (0.470254, 0.000000)
kokobera: (0.000000, 26.800036)
lagos_bat: (1.093065, 27.683320)
langat: (0.191469, 21.121704)
lassa: (5.029552, 49.999000)
latino: (0.000000, 20.673347)
lcmv: (0.985790, 49.999000)
leopards_hill: (0.716014, 24.542159)
liao_ning: (0.000000, 23.268121)
lloviu_cuevavirus: (0.000000, 23.002294)
louping_ill: (1.466115, 27.750059)
lujo: (0.000000, 19.302324)
luna: (0.000000, 27.666919)
lunk_nks1: (0.000000, 15.686114)
lyssavirus_ozernoe: (0.000000, 17.928889)
machupo: (0.000000, 23.538325)
mamastrovirus: (3.272717, 29.755495)
manzanilla: (1.063596, 24.272389)
mapuera: (0.000000, 20.575533)
marburg: (2.767166, 29.466232)
mastadenovirus_a: (2.072720, 42.138917)
mastadenovirus_b: (3.686147, 37.032039)
mastadenovirus_c: (2.890082, 32.382335)
mastadenovirus_d: (3.999303, 35.339079)
mayaro: (1.038920, 22.349754)
mcv: (0.912994, 23.903696)
measles: (3.020130, 29.032801)
menangle: (1.009888, 25.646454)
mercadeo: (0.728602, 22.912033)
mers: (1.429256, 29.545728)
metapneumovirus: (2.952185, 29.607499)
mobala: (0.000000, 0.000000)
modoc: (0.000000, 0.000000)
mojiang: (0.000000, 22.236437)
mokola: (0.000000, 29.304684)
montana_myotis_leukoencephalitis: (0.000000, 18.554399)
mopeia: (0.000000, 23.027474)
mopeia_lassa_reassortant_29: (0.573582, 0.000000)
morogoro: (0.000000, 16.261151)
mossman: (0.000000, 21.488399)
mssi2_225: (0.000000, 0.000000)
mumps: (3.198875, 28.392619)
murine_pneumonia: (0.340422, 21.394772)
mvev: (1.945957, 28.670490)
nariva: (0.000000, 20.826170)
ndv: (6.286632, 48.268057)
nipah: (1.341031, 23.879447)
norwalk: (3.993552, 49.999000)
norway_rat_hepacivirus: (0.000000, 21.912816)
ntaya: (0.266531, 20.882532)
o_nyong_nyong: (1.356874, 23.583916)
oliveros: (0.000000, 19.485946)
omsk_hemorrhagiv_fever: (0.941501, 22.806622)
oropouche: (1.700876, 26.390682)
parana: (0.000000, 20.392087)
parramatta_river: (0.000000, 0.000000)
pichinde: (0.518429, 25.479453)
pirital: (0.219090, 25.777672)
piscihepevirus_a: (0.000000, 0.000000)
piv_5: (1.535523, 24.895425)
porcine: (0.000000, 20.830168)
powassan: (1.325451, 25.927226)
ppiv_1: (1.689322, 26.956780)
pprv: (3.041263, 29.101187)
ptlv_1: (1.825791, 26.919783)
ptlv_2: (1.702932, 24.031395)
punta_toro: (2.368303, 28.328262)
puumala: (2.820147, 43.526566)
quang_binh: (0.000000, 0.000000)
razdan: (0.000000, 16.995546)
reptile_bornavirus_1: (0.000000, 0.000000)
rhabdovirus: (6.031053, 49.999000)
rhinovirus_a: (2.421972, 49.999000)
rhinovirus_b: (1.025410, 49.999000)
rift_valley_fever: (2.878729, 29.188925)
rinderpest: (1.876001, 27.605608)
rio_bravo: (0.000000, 19.595008)
rodent_hepacivirus: (0.000000, 0.000000)
rodent_torque_teno: (0.225313, 0.000000)
ross_river: (1.670148, 25.572978)
rotavirus_a: (8.192483, 49.999000)
rotavirus_b: (2.014781, 27.998836)
rotavirus_c: (3.891821, 47.546148)
rotavirus_f: (0.000000, 20.982943)
rotavirus_g: (0.000000, 25.265398)
rotavirus_h: (1.572551, 21.950300)
rotavirus_i: (0.248509, 25.525894)
royal_farm: (0.000000, 25.819566)
rsv: (3.036488, 32.954902)
rubella: (3.251413, 29.306285)
sabia: (0.000000, 22.584012)
salem: (0.000000, 22.105981)
sapporo: (2.438523, 29.394123)
sars: (3.876388, 32.245593)
sathuperi: (1.111169, 26.173019)
seal_anellovirus: (0.000000, 15.146894)
sendai: (1.970626, 28.581934)
seoul: (2.780944, 41.119372)
sepik: (0.000000, 0.000000)
sfnv: (1.879617, 0.000000)
sfsv: (0.000000, 25.049965)
sfts: (3.101784, 26.605767)
shamonda: (0.424174, 26.716230)
shimoni_bat: (0.000000, 18.251825)
shuni: (1.295985, 22.795960)
simbu: (0.000000, 18.756449)
simian_41: (0.000000, 21.338805)
simian_torque_teno: (0.000000, 39.698858)
sin_nombre: (1.834505, 27.918861)
slev: (2.417985, 28.669903)
small_anellovirus: (0.000000, 0.000000)
sosuga: (0.000000, 18.548012)
spanish_goat_encephalitis: (0.000000, 0.000000)
sunshine: (0.000000, 21.234521)
sv40: (0.910826, 11.024710)
tacaribe: (0.232799, 21.179232)
tailam: (0.000000, 22.270287)
tamana_bat: (0.000000, 0.000000)
tamiami: (0.000000, 20.629445)
tbev: (3.913551, 29.997735)
tembusu: (2.026315, 24.472260)
thogoto: (0.000000, 23.220283)
thottapalayam: (2.285327, 24.313068)
tioman: (0.000000, 20.477838)
tlmv: (0.120824, 0.000000)
torque_teno: (2.683282, 46.238792)
torque_teno_canis: (0.013806, 0.000000)
torque_teno_douroucouli: (0.000000, 0.000000)
torque_teno_felis: (0.563278, 0.000000)
torque_teno_midi: (0.000000, 0.000000)
torque_teno_mini: (0.171718, 25.256993)
torque_teno_sus: (2.662873, 49.999000)
torque_teno_tamarin: (0.000000, 0.000000)
torque_teno_zalophus: (0.000000, 0.000000)
tuhoko: (0.000000, 26.992211)
tula: (1.123895, 24.528285)
tupaia: (0.000000, 22.079662)
usutu: (1.891026, 41.652658)
uukuniemi: (1.736741, 41.070335)
vaccinia: (2.245658, 48.087169)
variola: (1.727703, 47.004930)
vee: (2.930913, 29.796671)
vsiv: (1.815553, 25.753493)
wee: (1.486651, 22.949359)
wesselsbron: (0.000000, 23.003673)
west_caucasion_bat: (0.000000, 16.645487)
west_nile: (3.583498, 30.511167)
whitewater_arroyo: (0.000000, 27.332516)
wu_polyomavirus: (1.011438, 4.464682)
yellow_fever: (3.367855, 28.842539)
yokose: (0.000000, 16.440380)
ypv: (0.000000, 15.834629)
zika: (0.000000, 0.000000)
zygosaccharomyces_bailii_z: (0.000000, 0.000000)
TOTAL INTERPOLATED PROBE COUNT: 349999.999973
##############################

##############################
Rounded parameter values:
ablv: (1, 30)
achimota: (0, 30)
aedes: (0, 30)
aguacate: (0, 30)
akabane: (3, 30)
alethinophid_reptarenavirus: (0, 30)
allpahuayo: (0, 0)
amapari: (0, 30)
ampv: (2, 30)
andes: (1, 30)
apmv: (3, 30)
apoi: (0, 0)
aravan: (0, 0)
aroa: (0, 30)
arumowot: (0, 0)
aspv: (0, 30)
avian_vornavirus: (0, 0)
b19: (2, 30)
bagaza: (3, 30)
banna: (1, 30)
bat_hepevirus: (0, 0)
bat_sapovirus_tlc58: (0, 0)
bear_canyon: (1, 30)
beilong: (0, 30)
betapapillomavirus_1: (1, 50)
betapapillomavirus_2: (2, 30)
betapapillomavirus_3: (0, 30)
betapapillomavirus_4: (0, 0)
betapapillomavirus_5: (0, 0)
betapapillomavirus_6: (0, 0)
bhanja: (0, 50)
bk: (2, 10)
bokeloh_bat: (0, 0)
borna_disease: (1, 30)
bovine_hepacivirus: (1, 30)
bpv_3: (3, 30)
brazoran: (0, 0)
brsv: (0, 0)
bunyamwera: (3, 50)
california_encephalitis: (3, 50)
candiru: (0, 50)
canine_distemper: (4, 30)
canine_pneumovirus: (0, 0)
cedar: (0, 30)
cell_fusing_agent: (1, 30)
cetacean_morbillivirus: (0, 0)
chandipura: (1, 30)
chaoyang: (1, 30)
chapare: (0, 0)
chikungunya: (3, 30)
colobus_monkey_papillomavirus: (0, 0)
crimean_congo: (5, 50)
ctfv: (0, 30)
cupixi: (0, 0)
cxfv: (3, 30)
dengue: (5, 40)
dobrava_belgrade: (1, 30)
donggang: (0, 0)
dugbe: (0, 30)
duvenhage: (1, 30)
eblv_1: (2, 30)
eblv_2: (1, 30)
ebola_nonzaire: (3, 50)
ebola_zaire_with_2014: (3, 30)
eee: (2, 30)
entebbe_bat: (0, 0)
enterovirus_a: (5, 50)
enterovirus_b: (5, 50)
enterovirus_c: (5, 50)
enterovirus_d: (3, 30)
eyach: (0, 30)
feline_morbillivirus: (2, 30)
fer_de_lance: (0, 30)
fitzroy_river: (0, 0)
flexal: (0, 0)
gairo: (0, 0)
gbv_c: (5, 40)
gemycircularvirus_sl1: (1, 0)
goose_paramyxovirus_sf02: (0, 0)
great_island: (2, 30)
guanarito: (2, 30)
hantaan: (2, 50)
hantavirus_z10: (0, 0)
hbov: (2, 30)
heartland: (1, 30)
hecv_4408: (0, 30)
hendra: (1, 30)
hepatitis_a: (4, 30)
hepatitis_b: (5, 40)
hepatitis_c: (5, 50)
hepatitis_delta: (4, 40)
hepatitis_e: (5, 50)
herpesvirus_1: (2, 50)
herpesvirus_2: (2, 50)
herpesvirus_3: (1, 50)
herpesvirus_4: (3, 50)
herpesvirus_5: (5, 50)
herpesvirus_6: (1, 50)
herpesvirus_7: (1, 50)
herpesvirus_8: (1, 50)
hervk: (1, 0)
hiv1_without_ltr: (5, 50)
hiv2_without_ltr: (4, 30)
hpiv_1: (2, 20)
hpiv_2: (2, 30)
hpiv_3: (3, 30)
hpiv_4: (2, 30)
hpv: (0, 30)
human_coronavirus_229e: (2, 30)
human_coronavirus_hku1: (1, 30)
human_coronavirus_nl63: (2, 30)
human_coronavirus_oc43: (3, 30)
human_genital_associated_circular_dna: (0, 0)
human_picobirnavirus: (0, 0)
human_smacovirus_1: (1, 30)
ikoma: (0, 0)
ilheus: (0, 30)
influenza_a: (5, 50)
influenza_b: (2, 30)
influenza_c: (0, 0)
ippy: (0, 0)
irkut: (0, 30)
j_virus: (0, 30)
jc: (2, 20)
jev: (3, 40)
junin: (3, 30)
kadipiro: (0, 30)
kamiti_river: (0, 30)
kedougou: (0, 0)
kfd: (1, 30)
khujand: (0, 0)
ki_polyomavirus: (1, 0)
kokobera: (0, 30)
lagos_bat: (1, 30)
langat: (0, 0)
lassa: (5, 50)
latino: (0, 30)
lcmv: (1, 50)
leopards_hill: (1, 30)
liao_ning: (0, 30)
lloviu_cuevavirus: (0, 30)
louping_ill: (2, 30)
lujo: (0, 0)
luna: (0, 30)
lunk_nks1: (0, 0)
lyssavirus_ozernoe: (0, 0)
machupo: (0, 30)
mamastrovirus: (4, 30)
manzanilla: (1, 30)
mapuera: (0, 30)
marburg: (3, 30)
mastadenovirus_a: (1, 50)
mastadenovirus_b: (4, 40)
mastadenovirus_c: (3, 40)
mastadenovirus_d: (4, 40)
mayaro: (1, 30)
mcv: (1, 30)
measles: (4, 30)
menangle: (1, 30)
mercadeo: (1, 30)
mers: (2, 30)
metapneumovirus: (3, 30)
mobala: (0, 0)
modoc: (0, 0)
mojiang: (0, 30)
mokola: (0, 30)
montana_myotis_leukoencephalitis: (0, 0)
mopeia: (0, 30)
mopeia_lassa_reassortant_29: (1, 0)
morogoro: (0, 0)
mossman: (0, 30)
mssi2_225: (0, 0)
mumps: (4, 30)
murine_pneumonia: (0, 30)
mvev: (2, 30)
nariva: (0, 30)
ndv: (5, 50)
nipah: (1, 30)
norwalk: (4, 50)
norway_rat_hepacivirus: (0, 30)
ntaya: (1, 0)
o_nyong_nyong: (2, 30)
oliveros: (0, 0)
omsk_hemorrhagiv_fever: (1, 30)
oropouche: (2, 30)
parana: (0, 0)
parramatta_river: (0, 0)
pichinde: (1, 30)
pirital: (0, 30)
piscihepevirus_a: (0, 0)
piv_5: (2, 30)
porcine: (0, 30)
powassan: (1, 30)
ppiv_1: (2, 30)
pprv: (4, 30)
ptlv_1: (2, 30)
ptlv_2: (2, 30)
punta_toro: (3, 30)
puumala: (3, 50)
quang_binh: (0, 0)
razdan: (0, 0)
reptile_bornavirus_1: (0, 0)
rhabdovirus: (5, 50)
rhinovirus_a: (3, 50)
rhinovirus_b: (1, 50)
rift_valley_fever: (3, 30)
rinderpest: (2, 30)
rio_bravo: (0, 0)
rodent_hepacivirus: (0, 0)
rodent_torque_teno: (1, 0)
ross_river: (2, 30)
rotavirus_a: (5, 50)
rotavirus_b: (3, 30)
rotavirus_c: (4, 50)
rotavirus_f: (0, 30)
rotavirus_g: (0, 30)
rotavirus_h: (2, 30)
rotavirus_i: (1, 30)
royal_farm: (0, 30)
rsv: (4, 40)
rubella: (4, 30)
sabia: (0, 30)
salem: (0, 30)
sapporo: (3, 30)
sars: (4, 40)
sathuperi: (1, 30)
seal_anellovirus: (0, 0)
sendai: (2, 30)
seoul: (3, 50)
sepik: (0, 0)
sfnv: (2, 0)
sfsv: (0, 30)
sfts: (4, 30)
shamonda: (1, 30)
shimoni_bat: (0, 0)
shuni: (2, 30)
simbu: (0, 0)
simian_41: (0, 30)
simian_torque_teno: (0, 30)
sin_nombre: (2, 30)
slev: (3, 30)
small_anellovirus: (0, 0)
sosuga: (0, 0)
spanish_goat_encephalitis: (0, 0)
sunshine: (0, 30)
sv40: (1, 0)
tacaribe: (1, 0)
tailam: (0, 30)
tamana_bat: (0, 0)
tamiami: (0, 30)
tbev: (4, 30)
tembusu: (3, 30)
thogoto: (0, 30)
thottapalayam: (3, 30)
tioman: (0, 30)
tlmv: (1, 0)
torque_teno: (3, 50)
torque_teno_canis: (0, 0)
torque_teno_douroucouli: (0, 0)
torque_teno_felis: (1, 0)
torque_teno_midi: (0, 0)
torque_teno_mini: (1, 30)
torque_teno_sus: (3, 50)
torque_teno_tamarin: (0, 0)
torque_teno_zalophus: (0, 0)
tuhoko: (0, 30)
tula: (2, 30)
tupaia: (0, 30)
usutu: (2, 50)
uukuniemi: (2, 50)
vaccinia: (3, 50)
variola: (2, 50)
vee: (3, 30)
vsiv: (2, 30)
wee: (2, 30)
wesselsbron: (0, 30)
west_caucasion_bat: (0, 0)
west_nile: (4, 40)
whitewater_arroyo: (0, 30)
wu_polyomavirus: (1, 0)
yellow_fever: (4, 30)
yokose: (0, 0)
ypv: (0, 0)
zika: (0, 0)
zygosaccharomyces_bailii_z: (0, 0)
TOTAL PROBE COUNT: 349994
##############################
