  NIT   NF   F                       GTG
    0    1  1.840488375539140E+04   5.37974249E+04
    1    4  1.786827461733254E+04   5.20749703E+04
    2    7  8.777193454732027E+03   2.30288943E+04
    3   10  8.206954919056783E+03   2.14630460E+04
    4   21  2.795613265223236E+03   5.21248714E+04
    5   26  2.634775096517224E+03   4.05213105E+06
    6   36  2.600062667793980E+03   2.40030644E+07
    7   40  2.580781220062000E+03   4.68683974E+05
    8   48  2.457197995523260E+03   1.23849101E+06
    9   53  1.650446350895717E+03   1.55450128E+03
   10   64  1.467987785625861E+03   1.46146534E+05
   11   74  1.402804376139125E+03   5.59664680E+06
   12   78  1.384110973792754E+03   1.01197789E+05
   13   85  1.357815736341864E+03   1.12109718E+05
   14   95  1.328507223391910E+03   4.38399621E+05
   15  106  1.298484619469602E+03   3.52895250E+06
   16  129  1.241948267752563E+03   2.53385508E+07
   17  135  1.211544641562979E+03   7.42546653E+06
   18  174  1.178454790538269E+03   3.68529658E+07
   19  183  1.132316747705582E+03   5.56629441E+06
   20  190  1.099768728742292E+03   6.13818201E+06
   21  194  1.092040695894858E+03   4.45106958E+06
   22  200  1.084720246151531E+03   6.64350263E+06
   23  205  1.075971966154116E+03   6.44578251E+06
   24  209  1.069403851294952E+03   4.06913876E+06
   25  213  1.064376315404027E+03   3.43693946E+06
   26  216  1.060112108011866E+03   2.22864278E+06
   27  272  1.057179637179986E+03   2.53930727E+06
   28  276  1.046901654841733E+03   4.93262220E+05
   29  280  1.046502845617139E+03   4.69568924E+05
   30  284  1.042911096528659E+03   3.07737384E+05
   31  288  1.042512401456386E+03   2.95282536E+05
   32  292  1.040382333792561E+03   2.38062055E+05
   33  296  1.035363273943263E+03   1.50823096E+05
   34  300  1.035191130552445E+03   1.48824747E+05
   35  304  1.033512611544403E+03   1.31010155E+05
   36  308  1.031401423401916E+03   1.12581007E+05
   37  316  1.029950816809291E+03   1.10338667E+05
   38  328  1.027867002805326E+03   1.10289056E+05
   39  333  1.023540068597872E+03   1.11348481E+05
   40  366  1.015033932361696E+03   1.07098631E+05
   41  388  1.012951531409636E+03   1.07886684E+05
   42  409  1.008030529864227E+03   1.04317637E+05
   43  412  1.005470879468074E+03   3.54218020E+04
   44  420  9.933140801019481E+02   1.21566009E+05
   45  445  9.907146870789419E+02   1.19948385E+05
   46  451  9.859889527998408E+02   2.09831442E+04
   47  455  9.811650701817100E+02   3.47167448E+04
   48  474  9.796672402129258E+02   3.41041490E+04
   49  477  9.782863678682745E+02   1.72396179E+04
   50  499  9.780945073879860E+02   1.68497174E+04
   51  504  9.578471970845210E+02   1.14319790E+04
   52  513  9.486304263274850E+02   4.75234739E+04
   53  522  9.446984548532428E+02   1.40903173E+05
   54  528  9.318412118377595E+02   5.47506369E+05
   55  537  9.229351583956169E+02   9.19691785E+05
   56  541  8.830680131042074E+02   4.59964059E+04
   57  547  8.617625429409262E+02   9.31100264E+04
   58  554  8.547432950295670E+02   2.79379060E+05
   59  557  8.517704303977607E+02   3.18007021E+05
   60  563  8.461804022438358E+02   2.99414234E+05
   61  569  8.297283242959426E+02   6.86142913E+05
   62  579  8.160788167510821E+02   7.28170863E+05
   63  583  8.038794097934122E+02   4.95183298E+04
   64  590  8.031665032120100E+02   4.91730792E+04
   65  596  8.023933445942845E+02   4.85980343E+04
   66  602  7.626802773908055E+02   2.42218600E+04
   67  608  7.625999232341918E+02   2.41908273E+04
   68  614  7.623447091203114E+02   2.41335334E+04
   69  620  7.420474746126523E+02   2.05878883E+04
   70  626  7.361647908714149E+02   1.79985828E+04
   71  630  7.347218675358909E+02   1.45312777E+04
   72  634  7.316642071749754E+02   9.31806452E+03
   73  638  7.313004589205834E+02   8.89387646E+03
   74  646  7.245624628218721E+02   8.25055344E+03
   75  650  7.243188667833485E+02   7.90079596E+03
   76  654  7.232504173749430E+02   7.38216452E+03
   77  658  7.225931538647234E+02   6.88203314E+03
   78  662  7.224244830272921E+02   6.76330794E+03
   79  666  7.222767429798879E+02   6.65769092E+03
   80  670  7.209903814355594E+02   5.80123547E+03
   81  674  7.187809921365574E+02   4.61673718E+03
   82  678  7.186639851947925E+02   4.57921803E+03
   83  682  7.178681243888836E+02   4.37469239E+03
   84  688  7.176993941642031E+02   4.31053398E+03
   85  692  7.176857663881761E+02   4.30592743E+03
   86  696  7.172800056074555E+02   3.96965281E+03
   87  700  7.166477923256112E+02   3.84568331E+03
   88  704  7.164258861680064E+02   3.76715330E+03
   89  708  7.155053266944112E+02   3.33510696E+03
   90  712  7.152838231621446E+02   3.39470832E+03
   91  716  7.148523746746647E+02   3.26967709E+03
   92  720  7.148038146987205E+02   3.25621730E+03
   93  726  7.146029374896011E+02   3.04217898E+03
   94  732  7.141358673892739E+02   2.91244029E+03
   95  737  7.139493336913332E+02   2.85854219E+03
   96  742  7.136266823769735E+02   2.76698300E+03
   97  747  7.127678952282569E+02   2.57904020E+03
   98  754  7.121719201271881E+02   2.51070020E+03
   99  761  7.113284354228645E+02   2.46027375E+03
  100  766  7.111935034736489E+02   2.43501933E+03
  101  771  7.111283352334893E+02   2.41716480E+03
  102  778  7.108130506573710E+02   2.36556000E+03
  103  783  7.106106226040058E+02   2.34248674E+03
  104  788  7.103116141276041E+02   2.34836896E+03
  105  793  7.103058304240254E+02   2.34737732E+03
  106  798  7.101790784721517E+02   2.33251308E+03
  107  803  7.096396071415766E+02   2.28392147E+03
  108  808  7.078658713318645E+02   2.40693551E+03
  109  815  7.077517805418005E+02   2.39502695E+03
  110  822  7.076862299486296E+02   2.38344750E+03
  111  829  7.066973237484726E+02   2.28531391E+03
  112  836  7.061311878963967E+02   2.24635582E+03
  113  841  7.060146409333454E+02   2.20029033E+03
  114  848  7.059115637009252E+02   2.17867157E+03
  115  853  7.056887027054757E+02   2.09585692E+03
  116  860  7.055973666573778E+02   2.08935906E+03
  117  868  7.047378702071198E+02   2.00507721E+03
  118  874  7.042307044374999E+02   2.04621847E+03
  119  884  7.028082530175145E+02   1.88422018E+03
  120  889  7.017562924951508E+02   2.14512507E+03
  121  895  6.991410033023992E+02   2.51473561E+03
  122  900  6.977593313398596E+02   2.56584342E+03
  123  908  6.945982700648547E+02   2.31258163E+03
  124  916  6.928745652694990E+02   2.76515189E+03
  125  920  6.915822062434198E+02   3.07314563E+03
  126  924  6.906213077600037E+02   3.34942515E+03
  127  927  6.905477702896238E+02   3.33266484E+03
  128  935  6.889031410375062E+02   3.96317303E+03
  129  938  6.877151390512659E+02   3.62690209E+03
  130  941  6.869937773797673E+02   3.42790115E+03
  131  945  6.869763625098686E+02   3.41924919E+03
  132  954  6.863830744384765E+02   3.52119258E+03
  133  959  6.849454377676219E+02   2.95856095E+03
  134  962  6.845438032075123E+02   2.64588485E+03
  135  966  6.845389784949679E+02   2.64428276E+03
  136  973  6.844771887834216E+02   2.64029845E+03
  137  977  6.837443400838247E+02   2.75516200E+03
  138  981  6.836589279381931E+02   2.71758142E+03
  139  986  6.832110602342213E+02   2.71745966E+03
  140  990  6.828095343562376E+02   2.49840929E+03
  141  998  6.825730736964963E+02   2.44673254E+03
  142 1003  6.825613357420269E+02   2.44089819E+03
  143 1011  6.825311274799516E+02   2.43548327E+03
  144 1016  6.824503064890398E+02   2.40932009E+03
  145 1019  6.819990924855290E+02   2.12199843E+03
  146 1023  6.818941409518502E+02   2.16680830E+03
  147 1032  6.816977095303903E+02   2.12512286E+03
  148 1037  6.813481492100759E+02   1.98475956E+03
  149 1043  6.813051223179790E+02   2.02267297E+03
  150 1048  6.812853769438398E+02   2.01350520E+03
  151 1054  6.810870401075000E+02   2.12857252E+03
  152 1062  6.807600801425377E+02   2.16986951E+03
  153 1065  6.804398106844876E+02   1.93641583E+03
  154 1069  6.802270981019078E+02   1.87502833E+03
  155 1074  6.798406818317440E+02   1.68988614E+03
  156 1079  6.795304094202376E+02   1.76955471E+03
  157 1084  6.792690753944719E+02   1.64155474E+03
  158 1089  6.791119087341290E+02   1.66620188E+03
  159 1095  6.790943308057600E+02   1.66586774E+03
  160 1102  6.790431151319154E+02   1.66368832E+03
  161 1110  6.789652495265470E+02   1.59978595E+03
  162 1115  6.789345967991287E+02   1.59525063E+03
  163 1121  6.789167976159328E+02   1.59443327E+03
  164 1127  6.789044585247638E+02   1.59631437E+03
  165 1135  6.788944023606838E+02   1.59135409E+03
  166 1140  6.788200806770398E+02   1.59204193E+03
  167 1148  6.787963577020004E+02   1.58944683E+03
  168 1153  6.786239517664307E+02   1.44731656E+03
  169 1159  6.782342733709913E+02   1.36924408E+03
  170 1163  6.782333864278039E+02   1.36888606E+03
  171 1169  6.779476883573789E+02   1.32590729E+03
  172 1176  6.777729986118173E+02   1.29484047E+03
  173 1180  6.774650916575879E+02   1.17055073E+03
  174 1184  6.773476937975967E+02   1.13344842E+03
  175 1188  6.772105707562803E+02   1.22191335E+03
  176 1199  6.765762782859074E+02   1.63124788E+03
  177 1203  6.764744874535675E+02   1.62375939E+03
  178 1208  6.763040180293402E+02   1.63241842E+03
  179 1213  6.760592676819202E+02   1.63000621E+03
  180 1219  6.756711174685402E+02   1.60415753E+03
  181 1225  6.752983159880998E+02   1.59618882E+03
  182 1231  6.751605195570071E+02   1.59903560E+03
  183 1237  6.748304956485113E+02   1.62222747E+03
  184 1243  6.744827044798942E+02   1.63589774E+03
  185 1248  6.744117781238012E+02   1.63177635E+03
  186 1254  6.737309797766791E+02   1.70123486E+03
  187 1259  6.734587282042935E+02   1.68339314E+03
  188 1264  6.731128743335266E+02   1.66524645E+03
  189 1269  6.730654308903719E+02   1.66294632E+03
  190 1274  6.715407632747061E+02   1.58527102E+03
  191 1280  6.705397720813214E+02   1.56131716E+03
  192 1285  6.700142482895119E+02   1.52570915E+03
  193 1291  6.694262484665128E+02   1.69307269E+03
  194 1303  6.688999898288537E+02   1.64138960E+03
  195 1308  6.686523351824933E+02   1.63891491E+03
  196 1313  6.685191874569247E+02   1.63251419E+03
  197 1321  6.676733195142124E+02   1.61420273E+03
  198 1324  6.665240282030079E+02   1.05574070E+03
  199 1336  6.664761750069376E+02   1.05634757E+03
  200 1341  6.663017995524903E+02   1.05601938E+03
  201 1392  6.659145839845324E+02   1.09997327E+03
  202 1400  6.658469261725352E+02   1.09225685E+03
  203 1402  6.657768730179807E+02   1.09497897E+03
  204 1409  6.656550499361836E+02   1.08195979E+03
  205 1416  6.655220803519436E+02   1.07036008E+03
  206 1424  6.654615567461487E+02   1.06316050E+03
  207 1427  6.653781565887098E+02   1.05954544E+03
  208 1439  6.653261292551117E+02   1.05599823E+03
  209 1447  6.652338679011681E+02   1.04831685E+03
  210 1451  6.652306490084296E+02   1.04803798E+03
  211 1460  6.652015721859788E+02   1.04594471E+03
  212 1464  6.650049526816256E+02   1.02327259E+03
  213 1468  6.649572748578037E+02   1.01683106E+03
  214 1479  6.649506045067982E+02   1.01631445E+03
  215 1484  6.648661998792978E+02   1.00123973E+03
  216 1489  6.647941745546052E+02   9.87566978E+02
  217 1494  6.646978090758291E+02   9.68123337E+02
  218 1506  6.646478307270489E+02   9.65092056E+02
  219 1512  6.644816973194772E+02   9.33769197E+02
  220 1522  6.643203108048477E+02   9.12217018E+02
  221 1528  6.641937843830646E+02   8.88882250E+02
  222 1532  6.640673170387970E+02   9.24348281E+02
  223 1536  6.639881438239593E+02   9.14762580E+02
  224 1546  6.639275980640700E+02   9.11016307E+02
  225 1550  6.635439827789879E+02   8.64581482E+02
  226 1554  6.635069223069252E+02   8.60085792E+02
  227 1558  6.630356492984790E+02   8.06276385E+02
  228 1567  6.629789177075388E+02   8.01765984E+02
  229 1575  6.628952166031747E+02   7.97320490E+02
  230 1582  6.628300120971269E+02   7.92904454E+02
  231 1586  6.627012539341891E+02   7.73194087E+02
  232 1591  6.626770112997056E+02   7.69907007E+02
  233 1596  6.625497000789709E+02   6.75198916E+02
  234 1602  6.623766513510747E+02   6.71675132E+02
  235 1606  6.622494198724492E+02   7.65062358E+02
  236 1616  6.622077646054961E+02   7.64535520E+02
  237 1628  6.621969588339208E+02   7.63651055E+02
  238 1633  6.621113365196396E+02   7.42851345E+02
  239 1639  6.620164793859108E+02   7.34427084E+02
  240 1647  6.618563547200343E+02   7.30892187E+02
  241 1652  6.617585786992291E+02   7.17109007E+02
  242 1660  6.616923676292062E+02   7.13297132E+02
  243 1675  6.616064314804870E+02   7.18242194E+02
  244 1682  6.614980915124254E+02   7.12353830E+02
  245 1689  6.614743974811690E+02   7.10819048E+02
  246 1694  6.613455664417656E+02   6.95021446E+02
  247 1700  6.613279843518839E+02   6.95727764E+02
  248 1706  6.612456406792677E+02   6.26078507E+02
  249 1710  6.606871692285491E+02   5.06932524E+02
  250 1716  6.606062362172846E+02   5.71649159E+02
  251 1725  6.605949211250005E+02   5.71464914E+02
  252 1734  6.605818738192804E+02   5.71925531E+02
  253 1741  6.605470052502554E+02   5.72569005E+02
  254 1747  6.604723501449220E+02   5.70434098E+02
  255 1753  6.604464658088339E+02   5.70164818E+02
  256 1759  6.603046199041386E+02   5.06291096E+02
  257 1765  6.601383871097934E+02   5.70183840E+02
  258 1771  6.600064515891070E+02   5.04171816E+02
  259 1779  6.599887268393049E+02   5.03857753E+02
  260 1806  6.599555991118757E+02   5.81886522E+02
  261 1810  6.597602287966790E+02   5.25837472E+02
  262 1813  6.596719626182260E+02   5.02929182E+02
  263 1816  6.595726353811123E+02   4.78554494E+02
  264 1819  6.594599755958734E+02   4.52315945E+02
  265 1822  6.590148404390327E+02   3.61161409E+02
  266 1825  6.587869033910823E+02   3.24800029E+02
  267 1830  6.586862447942318E+02   3.22999202E+02
  268 1840  6.586517482173036E+02   3.22532348E+02
  269 1843  6.585351879358881E+02   3.08375866E+02
  270 1846  6.582504639810915E+02   2.81532346E+02
  271 1851  6.582479808440838E+02   2.81527965E+02
  272 1859  6.582107967810842E+02   2.81473800E+02
  273 1867  6.581747384062191E+02   2.81219368E+02
  274 1874  6.581590459811046E+02   2.81226224E+02
  275 1882  6.581404183681409E+02   2.81090079E+02
  276 1888  6.579874524180613E+02   2.78930273E+02
  277 1896  6.579856839006834E+02   2.78868377E+02
  278 1899  6.579723473102729E+02   2.78416085E+02
  279 1904  6.579624083904783E+02   2.77991671E+02
  280 1907  6.579043275778580E+02   2.76178341E+02
  281 1910  6.577733708762435E+02   2.72695900E+02
  282 1913  6.571732454110770E+02   2.51986966E+02
  283 1921  6.571588744393717E+02   2.51919301E+02
  284 1931  6.571166915837175E+02   2.56036701E+02
  285 1935  6.570607426482605E+02   2.58671596E+02
  286 1938  6.568411446235207E+02   2.40736971E+02
  287 1949  6.567972195923530E+02   2.50062376E+02
  288 1953  6.567805702403048E+02   2.50602120E+02
  289 1956  6.564969335779251E+02   2.34607655E+02
  290 1959  6.563766155851040E+02   2.33161285E+02
  291 1962  6.560252835372928E+02   2.30644607E+02
  292 1967  6.560101429571697E+02   2.30038145E+02
  293 1970  6.558744426856288E+02   2.29768220E+02
  294 1973  6.557847768591052E+02   2.29329215E+02
  295 1976  6.557770479577757E+02   2.29298267E+02
  296 1979  6.556990129085439E+02   2.29046467E+02
  297 1982  6.556715941059188E+02   2.28987336E+02
  298 1985  6.556551535489841E+02   2.28898915E+02
  299 1993  6.556421778690651E+02   2.28285917E+02
  300 1996  6.554180917375822E+02   2.28349318E+02
  301 2003  6.554047327375008E+02   2.27922681E+02
  302 2006  6.554042450146492E+02   2.27924609E+02
  303 2009  6.553846857912071E+02   2.27883563E+02
  304 2012  6.553004924496005E+02   2.27780881E+02
  305 2015  6.552752964987092E+02   2.27782896E+02
  306 2018  6.551774549155675E+02   2.27514269E+02
  307 2031  6.551490455465100E+02   2.27294117E+02
  308 2034  6.550568390743651E+02   2.26696543E+02
  309 2037  6.548280465722227E+02   2.26493079E+02
  310 2047  6.547157225853575E+02   2.38355986E+02
  311 2053  6.546098679584426E+02   2.40749821E+02
  312 2059  6.544673714649953E+02   2.44974677E+02
  313 2069  6.544637484838875E+02   2.44999755E+02
  314 2078  6.544441147877583E+02   2.44978395E+02
  315 2084  6.543453556192645E+02   2.35255558E+02
  316 2087  6.542066878636072E+02   2.39405671E+02
  317 2100  6.541739962336854E+02   2.00869027E+02
  318 2104  6.540046894302252E+02   1.99501561E+02
  319 2128  6.538505887578380E+02   2.16099415E+02
  320 2132  6.538334291274850E+02   2.15354004E+02
  321 2136  6.538324280674939E+02   2.15368855E+02
  322 2142  6.538305661178797E+02   2.15420250E+02
  323 2148  6.538122397655022E+02   2.15338456E+02
  324 2154  6.537850250538954E+02   2.15234725E+02
  325 2159  6.537362306644683E+02   2.17060720E+02
  326 2167  6.537172698631632E+02   2.16939191E+02
  327 2180  6.537081109445542E+02   2.16886203E+02
  328 2199  6.537027538670836E+02   2.16878403E+02
  329 2206  6.536900253075681E+02   2.16793153E+02
  330 2217  6.536342974626548E+02   2.16445567E+02
  331 2224  6.535881729528292E+02   2.16070786E+02
  332 2235  6.535644569425107E+02   2.15941459E+02
  333 2246  6.535319774200311E+02   1.96731294E+02
  334 2257  6.534999729830236E+02   2.16266092E+02
  335 2264  6.534906449028915E+02   2.16187994E+02
  336 2277  6.534344681486189E+02   1.98747719E+02
  337 2284  6.534026203513700E+02   1.98641898E+02
  338 2291  6.533876827024006E+02   1.98591645E+02
  339 2302  6.533623483547021E+02   1.98490984E+02
  340 2314  6.532883051163874E+02   1.98344017E+02
  341 2321  6.532310833451049E+02   1.98029775E+02
  342 2333  6.532277347724928E+02   1.98022642E+02
  343 2342  6.531639137630989E+02   1.97774668E+02
  344 2353  6.531278570035546E+02   2.16087613E+02
  345 2361  6.530950072042021E+02   1.97424982E+02
  346 2366  6.530790908887479E+02   1.97210258E+02
  347 2369  6.525093062713453E+02   1.97338131E+02
  348 2373  6.523365216224762E+02   1.96934045E+02
  349 2378  6.522806339057727E+02   2.19685028E+02
  350 2381  6.520702648926998E+02   1.99591093E+02
  351 2385  6.520541267329047E+02   1.99253861E+02
  352 2391  6.520449255650303E+02   2.07459473E+02
  353 2397  6.520274881466538E+02   2.08223623E+02
  354 2401  6.518233738739667E+02   1.96151952E+02
  355 2405  6.517680649073701E+02   1.93890325E+02
  356 2409  6.517613939469501E+02   1.93663381E+02
  357 2413  6.516732286931313E+02   1.91179744E+02
  358 2417  6.516677821509447E+02   1.91073092E+02
  359 2421  6.516551912382295E+02   1.90864599E+02
  360 2425  6.515337796044116E+02   1.90380804E+02
  361 2429  6.515240215975459E+02   2.08107443E+02
  362 2441  6.514968248803478E+02   1.93540990E+02
  363 2447  6.514841269545932E+02   1.93156492E+02
  364 2453  6.514061449429753E+02   1.93012182E+02
  365 2458  6.514050302937370E+02   1.93016285E+02
  366 2462  6.513276740561275E+02   1.89731154E+02
  367 2467  6.513270700072800E+02   1.89728939E+02
  368 2471  6.513098244767464E+02   1.89392136E+02
  369 2475  6.513065930327605E+02   1.89330084E+02
  370 2479  6.512537914590108E+02   1.87966741E+02
  371 2483  6.512374470848182E+02   1.87792617E+02
  372 2486  6.511537915998302E+02   1.87390851E+02
  373 2489  6.509931385650785E+02   1.97992720E+02
  374 2493  6.509904536602426E+02   1.90622374E+02
  375 2498  6.509732951156841E+02   1.86527661E+02
  376 2500  6.509266916744589E+02   1.88896094E+02
  376 2500  6.509266916744589E+02   1.88896094E+02
  NIT   NF   F                       GTG
    0    1  7.265933866623388E+02   1.36003558E+03
    1   10  7.185006445082768E+02   2.73136660E+02
    2   13  7.178472568168065E+02   2.66303482E+02
    3   16  7.178299808790186E+02   2.65647233E+02
    4   19  7.172524709219022E+02   2.67013197E+02
    5   25  7.164649952597173E+02   3.55556547E+02
    6   31  7.162363648092854E+02   3.66592989E+02
    7   36  7.161811283088157E+02   3.54089155E+02
    8   42  7.161574437255057E+02   3.49096120E+02
    9   48  7.160834389852167E+02   3.45959326E+02
   10   56  7.155691524185108E+02   3.40879563E+02
   11   61  7.155369738273823E+02   3.38942762E+02
   12   67  7.155272557359652E+02   3.38780054E+02
   13   73  7.153977032387436E+02   3.36568962E+02
   14   79  7.153178327324472E+02   3.35497276E+02
   15   85  7.151647420531715E+02   3.34076308E+02
   16   91  7.151094640718319E+02   3.34444844E+02
   17   96  7.150096014811647E+02   3.31364166E+02
   18  102  7.150011508233723E+02   3.31316286E+02
   19  106  7.149907966569118E+02   3.31521156E+02
   20  110  7.149820858314976E+02   3.31697525E+02
   21  116  7.149389977740506E+02   3.31180512E+02
   22  120  7.149212942035808E+02   3.31727060E+02
   23  126  7.148860387588663E+02   3.30957439E+02
   24  130  7.147212339867983E+02   3.11340642E+02
   25  138  7.147197187227476E+02   3.11328867E+02
   26  144  7.146445763747255E+02   3.06914014E+02
   27  151  7.146316858785679E+02   3.06138634E+02
   28  157  7.145927595486427E+02   3.04789905E+02
   29  163  7.145652624274858E+02   3.03691652E+02
   30  169  7.145205525928340E+02   3.02096278E+02
   31  175  7.145095574784217E+02   3.01690261E+02
   32  179  7.144973664283626E+02   3.01351329E+02
   33  185  7.144175825020602E+02   2.98316344E+02
   34  193  7.144172658868442E+02   2.98305361E+02
   35  197  7.143858882769076E+02   2.97637175E+02
   36  201  7.143823124701574E+02   2.97294716E+02
   37  205  7.142989184294322E+02   2.98471956E+02
   38  209  7.142968189758957E+02   2.98497181E+02
   39  213  7.141397934843812E+02   3.04395043E+02
   40  217  7.141059522578026E+02   3.06305004E+02
   41  222  7.140845120916425E+02   3.05007814E+02
   42  226  7.140397041708612E+02   3.08480360E+02
   43  230  7.140006856402124E+02   3.12293951E+02
   44  234  7.139306303514068E+02   3.24001701E+02
   45  239  7.138980817337261E+02   3.23133396E+02
   46  243  7.138138375175496E+02   3.32724965E+02
   47  248  7.138019111646380E+02   3.32180101E+02
   48  252  7.137991898212933E+02   3.32340845E+02
   49  256  7.137627833521998E+02   3.33420202E+02
   50  260  7.137472563252124E+02   3.33840183E+02
   51  264  7.136733825306535E+02   3.35865027E+02
   52  268  7.136441739324941E+02   3.36932902E+02
   53  272  7.136284670134095E+02   3.37814524E+02
   54  276  7.135861710804184E+02   3.41121282E+02
   55  280  7.135789783095198E+02   3.41868931E+02
   56  284  7.135225329497938E+02   3.51316039E+02
   57  288  7.135110733165594E+02   3.53299756E+02
   58  294  7.134967007947184E+02   3.52311776E+02
   59  298  7.134256932124630E+02   3.64646742E+02
   60  304  7.133333911191047E+02   3.58651805E+02
   61  311  7.133057331296266E+02   3.58239440E+02
   62  315  7.132662216651569E+02   3.66540139E+02
   63  319  7.132313420458997E+02   3.74238522E+02
   64  326  7.132088177594670E+02   3.73066590E+02
   65  331  7.132028356797048E+02   3.74099097E+02
   66  335  7.131985405119904E+02   3.74921299E+02
   67  339  7.131946755005659E+02   3.75773951E+02
   68  343  7.131489989180898E+02   3.85261649E+02
   69  347  7.131390662208811E+02   3.87616110E+02
   70  351  7.131092277748379E+02   3.94208318E+02
   71  355  7.130663554219998E+02   4.04536972E+02
   72  364  7.130355379404041E+02   4.02698461E+02
   73  368  7.130054590884691E+02   4.07820788E+02
   74  372  7.129680305656387E+02   4.16213960E+02
   75  378  7.129520071011603E+02   4.14828909E+02
   76  382  7.129439867578394E+02   4.16653639E+02
   77  386  7.129261220539693E+02   4.20176496E+02
   78  392  7.128449125910033E+02   4.12541396E+02
   79  396  7.128225608569593E+02   4.18003506E+02
   80  400  7.128062004130012E+02   4.22028574E+02
   81  404  7.128033544266004E+02   4.22673213E+02
   82  408  7.127992937001628E+02   4.23644686E+02
   83  412  7.127787035985240E+02   4.28698043E+02
   84  416  7.127646276956693E+02   4.32374605E+02
   85  420  7.127544011883564E+02   4.35076780E+02
   86  424  7.127425754837720E+02   4.37035763E+02
   87  429  7.127145765142697E+02   4.35613655E+02
   88  433  7.126653145466179E+02   4.44990778E+02
   89  437  7.126375887895533E+02   4.50192923E+02
   90  441  7.126220327902815E+02   4.54094017E+02
   91  445  7.126177684972936E+02   4.55055596E+02
   92  449  7.126046538580954E+02   4.58331696E+02
   93  453  7.126016364063917E+02   4.58999176E+02
   94  457  7.125929073032949E+02   4.61341159E+02
   95  461  7.125919126023625E+02   4.61668571E+02
   96  465  7.125757501445223E+02   4.66708886E+02
   97  469  7.125440378007985E+02   4.76661907E+02
   98  473  7.124985308284154E+02   4.88237841E+02
   99  477  7.124673685424141E+02   4.97716379E+02
  100  481  7.124608114381050E+02   4.99337960E+02
  101  485  7.124465650850832E+02   5.02943703E+02
  102  489  7.124354044137895E+02   5.05321075E+02
  103  493  7.124335204426541E+02   5.05788947E+02
  104  497  7.124160214714494E+02   5.09754864E+02
  105  501  7.124037803898128E+02   5.12950542E+02
  106  505  7.123936604089406E+02   5.15648072E+02
  107  509  7.123869327422843E+02   5.17428322E+02
  108  513  7.122687898066382E+02   5.50230131E+02
  109  517  7.121851291115898E+02   5.76508832E+02
  110  521  7.121796012287105E+02   5.78210188E+02
  111  525  7.121744045713493E+02   5.79906036E+02
  112  529  7.121583282111660E+02   5.85142105E+02
  113  533  7.121496682211922E+02   5.88100117E+02
  114  537  7.121361792402145E+02   5.92904199E+02
  115  541  7.121113391281882E+02   6.01717157E+02
  116  545  7.120929708802691E+02   6.06823622E+02
  117  549  7.120520337725162E+02   6.24783324E+02
  118  553  7.120425142883507E+02   6.27817217E+02
  119  557  7.120320529178944E+02   6.30489548E+02
  120  561  7.120248305359030E+02   6.32485144E+02
  121  569  7.120073214337556E+02   6.32385671E+02
  122  574  7.119746224169426E+02   6.27077143E+02
  123  578  7.119725726404575E+02   6.27137878E+02
  124  582  7.119714954236816E+02   6.27210961E+02
  125  586  7.119152147322742E+02   6.38031827E+02
  126  590  7.119058468032085E+02   6.39081689E+02
  127  594  7.119002649191222E+02   6.39305424E+02
  128  598  7.118885103801148E+02   6.40058677E+02
  129  602  7.118746059950164E+02   6.40709233E+02
  130  606  7.118712097542270E+02   6.40943786E+02
  131  610  7.117868359350737E+02   6.56009920E+02
  132  614  7.117806900276178E+02   6.56771729E+02
  133  618  7.117802119946466E+02   6.56783508E+02
  134  626  7.117332461311050E+02   6.54714444E+02
  135  631  7.116456466361095E+02   6.43528261E+02
  136  635  7.116166213343321E+02   6.44561388E+02
  137  639  7.116002893883937E+02   6.45158723E+02
  138  650  7.115771884395660E+02   6.42105730E+02
  139  654  7.115461001548969E+02   6.38138278E+02
  140  658  7.114958832944488E+02   6.35317286E+02
  141  663  7.114566406118041E+02   6.29226461E+02
  142  686  7.114383343798364E+02   6.30967755E+02
  143  694  7.114357953094382E+02   6.30245739E+02
  144  697  7.113713881197596E+02   2.14377909E+02
  145  704  7.113713881197596E+02   2.14377853E+02
  146  712  7.113693320302232E+02   2.14378538E+02
  147  719  7.113409630957029E+02   2.13681455E+02
  148  725  7.112897817212909E+02   2.12910530E+02
  149  728  7.112849069440156E+02   2.12527537E+02
  150  739  7.111000030903110E+02   2.06615646E+02
  151  747  7.110915552484464E+02   2.06510895E+02
  152  757  7.109406616622418E+02   2.09689322E+02
  153  779  7.106682232629825E+02   2.06862725E+02
  154  791  7.100869646546710E+02   2.31660267E+02
  155  801  7.100366133405956E+02   3.46277779E+02
  156  805  7.096918390845676E+02   1.11847935E+03
  157  820  7.096711634659611E+02   1.11822933E+03
  158  824  7.096150459500492E+02   1.15393182E+03
  159  836  7.095867639477431E+02   1.15560312E+03
  160  840  7.095518225742146E+02   1.17302058E+03
  161  844  7.095301340913128E+02   1.18527972E+03
  162  848  7.094020324796140E+02   1.30432486E+03
  163  853  7.092897845906879E+02   1.29913917E+03
  164  858  7.092879818774801E+02   1.29935677E+03
  165  863  7.091478124526890E+02   1.29779134E+03
  166  879  7.091417400428522E+02   1.29743611E+03
  167  883  7.086615006646297E+02   9.71598643E+02
  168  887  7.084402986077509E+02   7.97254701E+02
  169  892  7.081106338515910E+02   5.86922769E+02
  170  897  7.080754341899319E+02   5.70327155E+02
  171  902  7.079606654201374E+02   5.14825399E+02
  172  908  7.079153511868604E+02   5.19641431E+02
  173  914  7.077828272682605E+02   5.57157291E+02
  174  918  7.074237867029952E+02   2.17043216E+02
  175  923  7.074202191930181E+02   2.17605779E+02
  176  928  7.073790327442788E+02   2.22882019E+02
  177  936  7.073775953405348E+02   2.22806794E+02
  178  942  7.073445816138751E+02   2.21205818E+02
  179  948  7.073162369562550E+02   2.21910746E+02
  180  954  7.073104362025929E+02   2.22372339E+02
  181  960  7.072783381212935E+02   2.21327107E+02
  182  966  7.072707396847933E+02   2.22024387E+02
  183  975  7.072688919774964E+02   2.21977731E+02
  184  981  7.072435767389844E+02   2.21484381E+02
  185  989  7.072092832299880E+02   2.20308261E+02
  186  995  7.071562359605166E+02   2.21766471E+02
  187 1003  7.071319215093301E+02   2.21006933E+02
  188 1015  7.070876544241786E+02   2.20494188E+02
  189 1022  7.068535067204464E+02   2.02622223E+02
  190 1032  7.068376568391611E+02   2.02300181E+02
  191 1039  7.066751618287302E+02   1.93923029E+02
  192 1046  7.065378474923791E+02   1.87768302E+02
  193 1053  7.064684409424193E+02   1.84237726E+02
  194 1059  7.064205147894331E+02   1.84497027E+02
  195 1067  7.061711356822511E+02   1.83000462E+02
  196 1072  7.059430483980819E+02   1.90126350E+02
  197 1081  7.056812414737179E+02   1.95856178E+02
  198 1091  7.056506618421761E+02   1.95483959E+02
  199 1096  7.055865381937978E+02   1.89403440E+02
  200 1111  7.054247988440992E+02   1.89536995E+02
  201 1118  7.051948201431851E+02   1.87405712E+02
  202 1138  7.050292307513912E+02   1.90288614E+02
  203 1142  7.042514635582493E+02   3.34561246E+02
  204 1148  7.041110600664394E+02   4.37361696E+02
  205 1153  7.040905012098563E+02   3.16100309E+03
  206 1158  7.038109249859817E+02   2.29378339E+03
  207 1163  7.035846689934984E+02   1.13907647E+02
  208 1171  7.035846689934984E+02   1.13907592E+02
  209 1179  7.033996891013747E+02   1.14151456E+02
  210 1187  7.032504026831909E+02   1.14335204E+02
  211 1196  7.028846779941620E+02   1.28571543E+02
  212 1208  7.027183658852797E+02   1.25525769E+02
  213 1216  7.026292191643156E+02   2.41118264E+02
  214 1220  7.024699963964476E+02   2.12205002E+02
  215 1228  7.024369280100730E+02   2.12629008E+02
  216 1251  7.020331901702768E+02   3.30006049E+02
  217 1255  7.019774723617705E+02   1.51796997E+02
  218 1288  7.019774405727997E+02   1.52229274E+02
  219 1293  7.012777937465519E+02   6.20905305E+02
  220 1302  7.012427967012696E+02   6.09494457E+02
  221 1308  7.011199976304150E+02   6.10395332E+02
  222 1314  7.010718999067423E+02   6.06219265E+02
  223 1327  7.009492178729818E+02   6.28522706E+02
  224 1335  7.009020523880356E+02   6.27824334E+02
  225 1338  7.000454048895991E+02   3.83512709E+02
  226 1345  6.996878956307391E+02   4.84264917E+02
  227 1352  6.995112318112579E+02   4.71269477E+02
  228 1359  6.990753543770753E+02   4.21684642E+02
  229 1365  6.989825984172137E+02   4.21095142E+02
  230 1370  6.982202910206591E+02   4.33707719E+02
  231 1375  6.980029559386849E+02   4.32233901E+02
  232 1392  6.974203700459859E+02   6.82422138E+02
  233 1397  6.970207027652776E+02   5.92379170E+02
  234 1410  6.959262663720248E+02   1.72703076E+03
  235 1414  6.958175591624503E+02   1.20924180E+03
  236 1428  6.955807086480079E+02   1.91760834E+03
  237 1463  6.955158063924164E+02   2.06815130E+03
  238 1473  6.953380092648836E+02   4.17719628E+03
  239 1477  6.946691625506356E+02   4.50884938E+02
  240 1485  6.946691625506356E+02   4.50879954E+02
  241 1491  6.942735517086511E+02   3.94471907E+02
  242 1505  6.937055377745863E+02   2.39613671E+02
  243 1521  6.925134067096528E+02   1.61204101E+02
  244 1528  6.919942852987349E+02   2.01056437E+02
  245 1551  6.916152623521047E+02   9.74707506E+02
  246 1567  6.912330387135514E+02   6.04652926E+03
  247 1577  6.906616055235371E+02   2.08780830E+04
  248 1587  6.900734149889140E+02   4.44063753E+04
  249 1598  6.895646945916562E+02   6.10727807E+04
  250 1679  6.894034976066652E+02   6.12208226E+04
  251 1683  6.883842834018508E+02   4.59898599E+02
  252 1694  6.883842834018508E+02   4.59898592E+02
  253 1701  6.882604467041275E+02   4.28454631E+02
  254 1731  6.881716740099108E+02   4.46490775E+02
  255 1739  6.879970954256098E+02   4.11252349E+02
  256 1756  6.878595716616423E+02   4.20808315E+02
  257 1764  6.877802595972919E+02   6.01499088E+02
  258 1785  6.876720995540319E+02   6.53776044E+02
  259 1793  6.876720656930016E+02   6.53755015E+02
  260 1811  6.875282965351321E+02   1.30003908E+03
  261 1828  6.873022766786997E+02   1.43707643E+03
  262 1833  6.869502475247509E+02   3.21269940E+02
  263 1841  6.866195207128009E+02   2.07070670E+02
  264 1848  6.865785610527126E+02   2.15838729E+02
  265 1854  6.865214100637722E+02   2.49530156E+02
  266 1862  6.865080897179946E+02   3.18578716E+02
  267 1870  6.864344943121886E+02   3.37420681E+02
  268 1878  6.864283860349153E+02   3.38187856E+02
  269 1913  6.863639108380595E+02   6.87793865E+02
  270 1922  6.860880787557392E+02   5.63017670E+02
  271 1930  6.860409870813893E+02   5.39127187E+02
  272 1949  6.858059728887398E+02   8.59646818E+02
  273 1963  6.856850614665163E+02   7.98658255E+02
  274 1969  6.854719490826442E+02   3.17154070E+02
  275 1975  6.854017131308998E+02   1.50349222E+02
  276 1983  6.853588822833174E+02   1.79063688E+02
  277 2023  6.853061223065237E+02   2.47444831E+02
  278 2033  6.853025038870321E+02   2.93382931E+02
  279 2061  6.852754990983315E+02   2.93269412E+02
  280 2064  6.852062699630631E+02   7.69329293E+01
  281 2068  6.851682125327640E+02   7.85550170E+01
  282 2109  6.851610572678776E+02   8.03116399E+01
  283 2118  6.850813059362993E+02   7.63291426E+01
  284 2150  6.850263662460036E+02   2.52598577E+02
  285 2154  6.849062926674975E+02   2.35470087E+02
  286 2161  6.848748644411254E+02   3.29144119E+02
  287 2169  6.848380714539408E+02   3.66338099E+02
  288 2176  6.848166533445424E+02   4.18461016E+02
  289 2190  6.848063678917259E+02   7.43723397E+02
  290 2197  6.847720428489588E+02   9.07564634E+02
  291 2236  6.846923360720392E+02   9.12784600E+02
  292 2240  6.846106240269211E+02   1.58812751E+02
  293 2267  6.845144236184682E+02   1.52608107E+02
  294 2274  6.844770910559886E+02   1.21685904E+02
  295 2285  6.844770910559886E+02   1.21685877E+02
  296 2304  6.844113809446053E+02   1.19943165E+02
  297 2328  6.843707162300905E+02   1.15851519E+02
  298 2386  6.843706563978741E+02   1.15900818E+02
  299 2396  6.842555682747718E+02   2.65270732E+02
  300 2419  6.841386687057449E+02   3.70039599E+02
  301 2427  6.841089602564775E+02   6.99448804E+02
  302 2456  6.840899510221792E+02   6.83992184E+02
  303 2459  6.839409692795722E+02   8.81836477E+01
  304 2476  6.839409692795722E+02   8.81836192E+01
  305 2498  6.838530411236029E+02   1.73973240E+02
  305 2500  6.838530411236029E+02   1.73973240E+02
  NIT   NF   F                       GTG
    0    1  6.889960616249974E+02   1.22177471E+03
    1   10  6.885337210358929E+02   1.48902162E+02
    2   18  6.885100795863996E+02   1.72971669E+02
    3   36  6.884881626742642E+02   8.73489563E+02
    4   57  6.884543459265274E+02   2.08188911E+03
    5   70  6.884467241636759E+02   2.29402571E+03
    6   78  6.884220201770883E+02   3.53884260E+03
    7   93  6.884201462972675E+02   3.93440125E+03
    8   99  6.884173728452196E+02   3.91560568E+03
    9  105  6.883977728496355E+02   4.32477585E+03
   10  109  6.883325258529544E+02   2.58770602E+03
   11  113  6.883322485776138E+02   2.57738346E+03
   12  117  6.883298405858192E+02   2.43219602E+03
   13  121  6.883281267675685E+02   2.27724468E+03
   14  125  6.883260325537459E+02   2.14989752E+03
   15  129  6.883074158924928E+02   1.27272601E+03
   16  133  6.883070315828298E+02   1.25369417E+03
   17  137  6.883062281522228E+02   1.21478162E+03
   18  141  6.883007919445403E+02   9.72028102E+02
   19  145  6.882984249363720E+02   8.98243394E+02
   20  150  6.882950308912384E+02   8.55946703E+02
   21  155  6.882932226106675E+02   8.37601537E+02
   22  165  6.882878523542928E+02   8.30698345E+02
   23  185  6.882667235942026E+02   1.20339618E+03
   24  195  6.882488096707986E+02   1.25388644E+03
   25  203  6.882437851432604E+02   1.33294545E+03
   26  207  6.882287481505689E+02   8.96638577E+02
   27  212  6.881903128522353E+02   4.68746578E+01
   28  218  6.881792408916393E+02   6.34276383E+01
   29  259  6.881764195040157E+02   6.74127024E+01
   30  263  6.881684767800391E+02   5.51455152E+01
   31  271  6.881484938278019E+02   4.38178133E+01
   32  288  6.881096668409698E+02   1.26036980E+02
   33  301  6.880992351120620E+02   1.40939950E+02
   34  314  6.880965092038089E+02   1.39880777E+02
   35  323  6.880683518822241E+02   1.03521094E+02
   36  343  6.880630098144277E+02   9.92518986E+02
   37  359  6.880354977309808E+02   1.65265691E+03
   38  378  6.880133090354099E+02   1.67849132E+03
   39  391  6.880127970408511E+02   1.67635946E+03
   40  399  6.879800327081949E+02   1.58099253E+03
   41  429  6.879157061628258E+02   3.12908261E+03
   42  433  6.878827432947977E+02   1.29563895E+03
   43  484  6.878620426489953E+02   1.75860152E+03
   44  489  6.878289296639664E+02   1.41962847E+02
   45  494  6.878289296639664E+02   1.41962843E+02
   46  506  6.878151897435413E+02   2.54276433E+01
   47  533  6.877852572178081E+02   4.41473747E+01
   48  537  6.877608746862290E+02   2.06439199E+01
   49  549  6.877593240492997E+02   2.57020684E+01
   50  581  6.877339068593910E+02   1.05115912E+02
   51  587  6.876975530243990E+02   3.94967975E+02
   52  603  6.876975530243990E+02   3.94962147E+02
   53  609  6.876460257653991E+02   3.58264680E+02
   54  625  6.875824978795306E+02   2.57680768E+01
   55  643  6.875455814580843E+02   1.22971297E+01
   56  659  6.875441927752777E+02   1.19408165E+01
   57  684  6.875210058703387E+02   7.35383207E+01
   58  693  6.875174887634353E+02   2.67496853E+02
   59  715  6.874961403995253E+02   2.57824309E+02
   60  722  6.874797454175228E+02   1.05809840E+02
   61  727  6.874797454175228E+02   1.05809833E+02
   62  733  6.874573875626559E+02   4.91946187E+01
   63  747  6.874279198373329E+02   3.05846776E+02
   64  757  6.874071703347640E+02   8.57242759E+02
   65  762  6.873867925147766E+02   1.06277529E+03
   66  771  6.873681267343846E+02   1.13783495E+03
   67  800  6.873480560009255E+02   1.12659452E+03
   68  819  6.873274257309946E+02   1.10126226E+03
   69  834  6.872932490422193E+02   1.86692626E+03
   70  842  6.872670681226208E+02   2.01594871E+03
   71  852  6.872467299431981E+02   2.05516880E+03
   72  863  6.872371528593251E+02   3.89610597E+03
   73  867  6.872076767689980E+02   3.64726136E+03
   74  896  6.871952152660656E+02   3.65002834E+03
   75  911  6.871469831305394E+02   4.30981022E+03
   76  914  6.871240754211417E+02   1.45378308E+03
   77  922  6.871081654246909E+02   1.46181844E+03
   78  927  6.870618182685486E+02   2.64499497E+02
   79  943  6.869341730200857E+02   1.27413299E+02
   80  954  6.868272441265754E+02   1.27044260E+02
   81  969  6.865090971237449E+02   1.20753758E+02
   82  989  6.863085854647724E+02   6.31443451E+03
   83 1012  6.862693365160181E+02   4.49749163E+03
   84 1018  6.862242532456935E+02   5.00657118E+01
   85 1022  6.861749657201126E+02   2.69794230E+01
   86 1026  6.860267004481101E+02   1.13470103E+01
   87 1030  6.859227720630232E+02   1.46507839E+01
   88 1034  6.857118753019930E+02   2.98756996E+01
   89 1041  6.857006120294030E+02   5.35882526E+01
   90 1054  6.856627933769947E+02   6.42316668E+01
   91 1062  6.856619593113821E+02   6.42709890E+01
   92 1074  6.856617323918018E+02   8.43313083E+01
   93 1085  6.856602408401918E+02   8.33055961E+01
   94 1118  6.856044282931921E+02   6.07336786E+02
   95 1126  6.855871247078786E+02   8.01459267E+02
   96 1142  6.855831191852184E+02   8.23669543E+02
   97 1148  6.855584432044419E+02   6.15406440E+01
   98 1169  6.855584432044419E+02   6.15406161E+01
   99 1174  6.855380701679613E+02   1.72710589E+01
  100 1212  6.855059250164592E+02   8.64173882E+01
  101 1245  6.854550421111871E+02   1.53808332E+02
  102 1249  6.854473490649234E+02   4.99539036E+00
  103 1269  6.854473490649234E+02   4.99534874E+00
  104 1293  6.853205324302680E+02   5.90904048E+02
  105 1303  6.852483580905573E+02   1.76757741E+03
  106 1315  6.852224396724318E+02   1.65992242E+03
  107 1326  6.852088210843305E+02   1.63496167E+03
  108 1336  6.851308443270686E+02   2.20671621E+03
  109 1348  6.850927118283431E+02   2.25872914E+03
  110 1352  6.849046896779155E+02   1.78578588E+03
  111 1358  6.848330320014242E+02   1.50819469E+03
  112 1364  6.847840518703528E+02   1.54562656E+03
  113 1394  6.847553625815247E+02   1.58767494E+03
  114 1401  6.845225197283785E+02   1.26895226E+03
  115 1408  6.844986976637416E+02   3.84166667E+01
  116 1419  6.844949337508904E+02   3.56533874E+01
  117 1439  6.844871513104075E+02   1.04755687E+01
  118 1451  6.844799451073072E+02   8.17288075E+00
  119 1457  6.844704874755196E+02   1.14938503E+01
  120 1468  6.844418178543596E+02   1.88294796E+01
  121 1478  6.844262896353226E+02   1.28933037E+01
  122 1487  6.844230940476066E+02   1.39021541E+01
  123 1496  6.844218619532597E+02   1.13128369E+01
  124 1502  6.844187696301851E+02   1.16285149E+01
  125 1531  6.843778049851491E+02   9.07771259E+01
  126 1537  6.843682514563849E+02   6.74387568E+01
  127 1557  6.843682514563849E+02   6.74386705E+01
  128 1569  6.843676503075305E+02   1.46278871E+02
  129 1572  6.843618230437190E+02   4.69031422E+00
  130 1596  6.843618230437190E+02   4.69025159E+00
  131 1619  6.843584696154910E+02   8.04272713E+00
  132 1636  6.843571432763323E+02   2.01558709E+01
  133 1670  6.843567747521754E+02   2.02731128E+01
  134 1682  6.843521333743770E+02   2.72706523E+01
  135 1690  6.843462818522546E+02   1.51055356E+01
  136 1695  6.843455814056996E+02   5.44435418E+00
  137 1703  6.843209733972271E+02   4.02152736E+01
  138 1754  6.843200931735756E+02   3.96827787E+02
  139 1767  6.843118718760795E+02   6.13100932E+02
  140 1778  6.843117080358874E+02   7.31634058E+02
  141 1785  6.843090610203944E+02   6.92937122E+02
  142 1791  6.842897177195442E+02   4.12371188E+02
  143 1800  6.842799447190291E+02   3.07320316E+02
  144 1810  6.842159266984187E+02   7.20348888E+02
  145 1816  6.841946701506635E+02   5.25790714E+02
  146 1827  6.841943680880216E+02   5.24733825E+02
  147 1831  6.841676195391462E+02   5.60956491E+02
  148 1844  6.841469893997845E+02   5.06011620E+02
  149 1857  6.841329956599565E+02   4.74062434E+02
  150 1873  6.841327294547791E+02   4.73826512E+02
  151 1887  6.841045016101668E+02   6.74265918E+02
  152 1897  6.840938934491936E+02   6.52343537E+02
  153 1918  6.840912705548195E+02   6.50915149E+02
  154 1930  6.840855719690078E+02   6.19347716E+02
  155 1936  6.840690000917874E+02   4.12661821E+01
  156 1954  6.840690000917874E+02   4.12661524E+01
  157 1960  6.840474637409093E+02   2.33125836E+01
  158 1981  6.839939779274669E+02   1.26274103E+01
  159 1988  6.839896885711288E+02   7.20152819E+01
  160 2003  6.839762224461102E+02   7.35912120E+01
  161 2009  6.839682135227401E+02   5.00272483E+01
  162 2023  6.839548332030605E+02   3.67221191E+01
  163 2032  6.839499403381619E+02   9.43630661E+01
  164 2045  6.839464864612789E+02   3.88947617E+02
  165 2055  6.839190325043271E+02   3.97580851E+01
  166 2073  6.839190325043271E+02   3.97580058E+01
  167 2106  6.839078855362322E+02   6.40599544E+01
  168 2111  6.838978523787570E+02   4.45722318E+01
  169 2121  6.838978523787570E+02   4.45721508E+01
  170 2164  6.838948752694234E+02   7.11340882E+01
  171 2199  6.838938984339611E+02   7.07255020E+01
  172 2203  6.838868381990727E+02   8.79217412E+00
  173 2211  6.838793843624054E+02   4.65793978E+00
  174 2218  6.838747725646997E+02   5.21406752E+00
  175 2244  6.837837777142190E+02   3.11889062E+03
  176 2255  6.837770352688080E+02   3.16774987E+03
  177 2279  6.837456160733195E+02   2.88812120E+03
  178 2285  6.837146849160854E+02   7.35507395E+01
  179 2292  6.837146849160854E+02   7.35507012E+01
  180 2299  6.837022432875875E+02   1.86630878E+01
  181 2335  6.836814721867767E+02   2.98140039E+02
  182 2341  6.836600762034349E+02   1.30549845E+02
  183 2351  6.836466961411148E+02   6.09684083E+01
  184 2358  6.836408933025064E+02   5.87898286E+01
  185 2367  6.836250174026037E+02   4.11215009E+01
  186 2375  6.835521555822343E+02   2.26108205E+02
  187 2379  6.835248610208636E+02   1.86732599E+02
  188 2389  6.835248610208636E+02   1.86732488E+02
  189 2414  6.835083964021468E+02   1.37097364E+02
  190 2422  6.834977543208587E+02   6.30347192E+01
  191 2428  6.834873138777477E+02   2.47633158E+01
  192 2453  6.834760350298671E+02   1.44219332E+01
  193 2464  6.834695058449961E+02   1.41835900E+01
  194 2474  6.834655994405417E+02   4.17943175E+00
  195 2485  6.834655994405417E+02   4.17936212E+00
  196 2492  6.834559226496174E+02   4.26591682E+00
  196 2500  6.834559226496174E+02   4.26591682E+00
  NIT   NF   F                       GTG
    0    1  6.837758406344161E+02   1.26847366E+03
    1    4  6.837758406344160E+02   1.26781596E+03
    2   14  6.837211960701704E+02   2.36171439E+01
    3   41  6.837211950325838E+02   3.50690374E+01
    4   73  6.837211944583137E+02   3.82124034E+01
    5  113  6.837211942383007E+02   3.96957370E+01
    6  158  6.837211942383001E+02   3.96957374E+01
Number of probes: 699999
Loss: 1018.000000
