Sender: LSF System <lsf@node1965>
Subject: Job 6209723: <python -u ../../scripts/find_optimal_params.py -i ./ --max_probe_count 525000 -o ../2015-10_params/count_525000.params> in cluster <cromwell> Done

Job <python -u ../../scripts/find_optimal_params.py -i ./ --max_probe_count 525000 -o ../2015-10_params/count_525000.params> was submitted from host <silver> by user <hmetsky> in cluster <cromwell>.
Job was executed on host(s) <node1965>, in queue <week>, as user <hmetsky> in cluster <cromwell>.
</home/unix/hmetsky> was used as the home directory.
</home/unix/hmetsky/viral/viral-work/results/hybsel_design/viral-probe-set_all-human-host-viruses/2015-10> was used as the working directory.
Started at Thu Jan  7 16:16:00 2016
Results reported on Thu Jan  7 23:25:25 2016

Your job looked like:

------------------------------------------------------------
# LSBATCH: User input
python -u ../../scripts/find_optimal_params.py -i ./ --max_probe_count 525000 -o ../2015-10_params/count_525000.params
------------------------------------------------------------

Successfully completed.

Resource usage summary:

    CPU time :               23933.48 sec.
    Max Memory :             4218 MB
    Average Memory :         4189.08 MB
    Total Requested Memory : 8592.00 MB
    Delta Memory :           4374.00 MB
    (Delta: the difference between Total Requested Memory and Max Memory.)
    Max Processes :          6
    Max Threads :            7

The output (if any) follows:

Starting an iteration with eps=10.000000, with x0 yielding 373342.500000 probes
  NIT   NF   F                       GTG
    0    1  1.468972113031253E+04   4.11360015E+04
    1   16  6.505578015162921E+03   3.91472678E+05
    2   52  6.222963393256486E+03   3.20088689E+07
    3   56  6.202492225471078E+03   6.62390922E+05
    4   95  5.514677061835082E+03   1.51315449E+08
    5  117  5.514288424842544E+03   7.41756567E+07
    6  127  4.458408714469722E+03   3.39687766E+05
    7  137  4.408369104059786E+03   4.54037654E+06
    8  179  4.378303272013778E+03   2.80414021E+07
    9  190  4.377114566861649E+03   1.39811468E+08
   10  220  4.377080477790842E+03   1.69956977E+08
   11  259  4.377080477790801E+03   1.69956977E+08
  Iteration was successful
Starting an iteration with eps=1.000000, with x0 yielding 524989.355993 probes
  NIT   NF   F                       GTG
    0    1  4.399173602785925E+03   1.64057051E+06
    1    5  4.397110694569650E+03   4.09760453E+04
    2   20  4.305600903866204E+03   5.28374732E+06
    3   31  4.256509997776110E+03   7.59727300E+06
    4   43  4.215425799315754E+03   7.48534397E+06
    5  101  4.127682993440999E+03   6.56295183E+06
    6  185  4.073058344881433E+03   8.18491821E+06
    7  267  3.965974133088338E+03   1.38233018E+07
    8  318  3.744038010840145E+03   3.97471614E+03
    9  333  3.642818751865103E+03   1.24379637E+06
   10  384  3.612926049652795E+03   2.68188405E+04
   11  392  3.605482186522414E+03   1.19304362E+06
   12  399  3.603700377531276E+03   1.10287300E+06
   13  404  3.603480399012763E+03   1.08109350E+06
   14  420  3.603409102439528E+03   1.07821988E+06
   15  437  3.603319712198263E+03   1.51613091E+06
   16  488  3.602581446745482E+03   1.29340334E+06
   17  539  3.602120628569985E+03   1.23025164E+06
   18  542  3.599671795316943E+03   7.96467435E+05
   19  589  3.599611128485669E+03   8.00752467E+05
   20  642  3.591880218128043E+03   1.02382425E+06
   21  693  3.589606174932997E+03   1.10614651E+06
   22  736  3.578056415812563E+03   6.71964578E+06
   23  787  3.572752512102508E+03   1.72499366E+05
   24  809  3.571732653559162E+03   8.68919558E+05
   25  827  3.569562700114015E+03   3.34241909E+06
   26  905  3.568854704236615E+03   1.44942231E+06
   27  914  3.568785149911585E+03   7.51067963E+05
   28  965  3.568002573868370E+03   6.24988333E+05
   29  974  3.567650176867645E+03   5.89474477E+05
   30  978  3.566910873286050E+03   5.60091101E+05
   31  986  3.566746120228335E+03   5.63740328E+05
   32  990  3.565857381109271E+03   5.28945128E+05
   33 1016  3.565854282818988E+03   5.29585989E+05
   34 1023  3.565844603321729E+03   5.28661940E+05
   35 1026  3.565842345340189E+03   5.28684456E+05
   36 1030  3.565342410373753E+03   5.50940802E+05
   37 1036  3.564659672773740E+03   1.29568981E+06
   38 1039  3.564488812120734E+03   1.10143132E+06
   39 1054  3.564068905759488E+03   1.13445902E+06
   40 1060  3.563586660201551E+03   1.09416909E+06
   41 1066  3.563122335518142E+03   1.05299046E+06
   42 1070  3.562407355874692E+03   9.54857211E+05
   43 1073  3.562383440482743E+03   9.52199107E+05
   44 1076  3.562194191690335E+03   9.35510338E+05
   45 1080  3.562134825211742E+03   1.04057147E+06
   46 1089  3.562084349496594E+03   1.03025658E+06
   47 1140  3.562066913923160E+03   1.02307848E+06
   48 1147  3.562064562798539E+03   1.02124098E+06
   49 1157  3.562029211940789E+03   1.01675869E+06
   50 1166  3.562026926716198E+03   1.01711775E+06
   51 1174  3.561949707452380E+03   6.76892153E+05
   52 1178  3.561933027375392E+03   6.55081540E+05
   53 1182  3.561776081521217E+03   5.91683866E+05
   54 1186  3.561726314137105E+03   5.79188425E+05
   55 1191  3.561714658560414E+03   5.77203956E+05
   56 1195  3.561712559096489E+03   5.77018506E+05
   57 1199  3.561667328040600E+03   5.71275036E+05
   58 1204  3.561665525149714E+03   5.70958614E+05
   59 1208  3.561649359957523E+03   5.68027199E+05
   60 1212  3.561638301041429E+03   5.65917155E+05
   61 1216  3.561632442143364E+03   5.64759563E+05
   62 1221  3.561611729260387E+03   5.60427215E+05
   63 1225  3.561609477329258E+03   5.59903464E+05
   64 1229  3.561609233227042E+03   5.59843293E+05
   65 1233  3.561582976824061E+03   5.52576590E+05
   66 1240  3.561553127579410E+03   5.47525977E+05
   67 1244  3.561516130279289E+03   5.33895640E+05
   68 1248  3.561507892932055E+03   5.31287056E+05
   69 1251  3.561491751917688E+03   5.25122690E+05
   70 1271  3.561487112464102E+03   5.25141033E+05
   71 1276  3.560461194454054E+03   9.19168293E+04
   72 1279  3.559376398735911E+03   4.86739980E+04
   73 1285  3.558590456255405E+03   4.42138770E+04
   74 1290  3.558456374168986E+03   4.39294467E+04
   75 1294  3.558185445933098E+03   4.40267493E+04
   76 1297  3.557931198591921E+03   4.44306637E+04
   77 1300  3.557616549338303E+03   4.49907021E+04
   78 1303  3.557355622051954E+03   4.52770953E+04
   79 1306  3.557216747592198E+03   4.47419612E+04
   80 1309  3.556950848414353E+03   4.31636939E+04
   81 1312  3.556868259883716E+03   4.31168785E+04
   82 1315  3.552458094481932E+03   2.38630005E+04
   83 1319  3.552433501553974E+03   2.35877662E+04
   84 1327  3.552426307849705E+03   2.35808157E+04
   85 1332  3.552361741758211E+03   2.34721297E+04
   86 1338  3.552343002779888E+03   2.34601888E+04
   87 1345  3.552342108521457E+03   2.34593286E+04
   88 1351  3.552321561435977E+03   2.34460055E+04
   89 1355  3.552304747897578E+03   2.34405958E+04
   90 1363  3.552259012469235E+03   2.34311605E+04
   91 1371  3.552254960828851E+03   2.34281142E+04
   92 1377  3.552253466328509E+03   2.34275491E+04
   93 1383  3.552250553279011E+03   2.34249751E+04
   94 1389  3.552247487666279E+03   2.34231201E+04
   95 1396  3.552247079010268E+03   2.34228537E+04
   96 1401  3.552242432870471E+03   2.34274666E+04
   97 1407  3.552239713722340E+03   2.34250845E+04
   98 1416  3.552228653901743E+03   2.34208761E+04
   99 1424  3.552192723625331E+03   2.34123142E+04
  100 1432  3.552176647154770E+03   2.34000861E+04
  101 1439  3.552155268247646E+03   2.33925093E+04
  102 1446  3.552106144404718E+03   2.33664118E+04
  103 1453  3.552105164149346E+03   2.33654383E+04
  104 1460  3.552085955514407E+03   2.33458465E+04
  105 1467  3.552070304067588E+03   2.33390314E+04
  106 1473  3.552049589113969E+03   2.33215666E+04
  107 1480  3.551983961854027E+03   2.33035047E+04
  108 1487  3.551907857864849E+03   2.32612331E+04
  109 1494  3.551860945765477E+03   2.32292754E+04
  110 1500  3.551796255232675E+03   2.31900538E+04
  111 1507  3.551660816460767E+03   2.31302169E+04
  112 1514  3.549077773130615E+03   5.01127075E+04
  113 1522  3.545669364667078E+03   5.99406025E+05
  114 1527  3.544333206427833E+03   5.15685038E+05
  115 1532  3.543357419925634E+03   4.52825276E+05
  116 1537  3.543232072664335E+03   4.49709301E+05
  117 1541  3.541980515143130E+03   4.92108812E+05
  118 1546  3.541287798430399E+03   4.60097786E+05
  119 1551  3.538646115574622E+03   3.53221157E+05
  120 1556  3.535795513890365E+03   2.45854292E+05
  121 1560  3.535540721951321E+03   2.31042736E+05
  122 1565  3.534544511138983E+03   2.06545732E+05
  123 1570  3.533351159276174E+03   1.89336373E+05
  124 1574  3.531263911168775E+03   1.45502657E+05
  125 1579  3.531069341813707E+03   1.41691680E+05
  126 1605  3.530414136341214E+03   1.13248815E+05
  127 1612  3.527011959321210E+03   7.98451764E+03
  128 1615  3.526887788800178E+03   9.64272236E+03
  129 1620  3.526784920530687E+03   1.45606759E+04
  130 1625  3.522952467375140E+03   6.11870142E+03
  131 1631  3.516943969463326E+03   4.24437494E+03
  132 1634  3.516925469248194E+03   4.42325816E+03
  133 1641  3.502329811521988E+03   3.72994267E+03
  134 1645  3.502268815163351E+03   3.69149583E+03
  135 1659  3.487817655151278E+03   6.98840212E+03
  136 1668  3.477095561631610E+03   3.58871630E+05
  137 1676  3.463616298384491E+03   4.00546766E+05
  138 1686  3.459175594875431E+03   4.39810003E+05
  139 1698  3.445887809662974E+03   1.68909958E+04
  140 1702  3.432514384100061E+03   1.05895242E+04
  141 1706  3.426151922876011E+03   7.67958731E+03
  142 1710  3.425508300538117E+03   7.16522627E+03
  143 1715  3.425276092377493E+03   7.09177639E+03
  144 1720  3.419873566057261E+03   6.12431173E+03
  145 1724  3.418231633723598E+03   5.74407471E+03
  146 1728  3.412092232992019E+03   5.29011653E+03
  147 1732  3.411994487280754E+03   5.27811375E+03
  148 1737  3.408231842839167E+03   5.12882761E+03
  149 1741  3.405996202516640E+03   5.00550788E+03
  150 1746  3.405373548479567E+03   2.11520456E+04
  151 1750  3.380514512567627E+03   5.77299897E+05
  152 1758  3.357634414906129E+03   1.02356884E+05
  153 1786  3.357265923602798E+03   1.19558072E+05
  154 1812  3.357253694526056E+03   1.52304888E+05
  155 1840  3.357101423694736E+03   1.54369195E+05
  156 1845  3.356809962914932E+03   3.73566127E+05
  157 1867  3.356230822662268E+03   1.31370058E+06
  158 1878  3.356144934517777E+03   6.44592338E+05
  159 1962  3.356142928339758E+03   6.46029570E+05
  160 1967  3.354381877623024E+03   1.07954749E+04
  161 2006  3.330713803681442E+03   5.19065647E+03
  162 2010  3.323078510228640E+03   4.82861854E+03
  163 2020  3.298557024473134E+03   3.28422795E+03
  164 2024  3.272766677553198E+03   3.07546607E+03
  165 2028  3.271348199081269E+03   3.07803767E+03
  166 2032  3.253946085803249E+03   3.12708472E+03
  167 2036  3.222626739473301E+03   3.14611462E+03
  168 2039  3.209296914342094E+03   3.11473408E+03
  169 2043  3.189756822347785E+03   3.09819798E+03
  170 2049  3.186687528892388E+03   3.92179034E+04
  171 2065  3.161610519143884E+03   2.46766765E+04
  172 2071  3.161462664573939E+03   6.18255263E+04
  173 2122  3.151403094183993E+03   1.33671657E+04
  174 2132  3.150368857723810E+03   1.30314514E+04
  175 2137  3.140356770318899E+03   2.72617295E+03
  176 2140  3.134806119761977E+03   1.51846984E+04
  177 2143  3.131501241498962E+03   2.37208468E+04
  178 2150  3.129440529004076E+03   2.22342190E+04
  179 2154  3.122877072067066E+03   2.75200262E+03
  180 2158  3.110465920501851E+03   2.75620575E+03
  181 2162  3.110271582788604E+03   2.75589706E+03
  182 2166  3.096386701614335E+03   2.71508438E+03
  183 2175  3.052996374146551E+03   5.65196599E+03
  184 2179  3.046337434615345E+03   5.46460927E+03
  185 2182  3.029640357083735E+03   2.94413749E+03
  186 2186  3.002172608618398E+03   3.11710681E+03
  187 2189  2.980441649392271E+03   3.13027308E+03
  188 2200  2.979796234827131E+03   3.05490558E+03
  189 2203  2.979751583949726E+03   3.07117296E+03
  190 2209  2.963637546528786E+03   2.88575712E+03
  191 2212  2.963588300803071E+03   2.90742685E+03
  192 2222  2.891227564699017E+03   3.10597504E+03
  193 2228  2.889678186830801E+03   3.09750080E+03
  194 2233  2.877074748553120E+03   3.04180816E+03
  195 2236  2.870163996654587E+03   3.13434308E+03
  196 2239  2.869058483385650E+03   3.13896639E+03
  197 2245  2.868553812813224E+03   3.13917064E+03
  198 2249  2.817048720210912E+03   3.18833968E+03
  199 2252  2.816434039873666E+03   3.18886521E+03
  200 2255  2.800389990921717E+03   3.21244037E+03
  201 2258  2.795143497638206E+03   3.22419985E+03
  202 2262  2.793703898580914E+03   3.22792812E+03
  203 2265  2.792449115952061E+03   3.23139007E+03
  204 2269  2.786264097071686E+03   3.05128955E+03
  205 2273  2.784231779264717E+03   3.02476294E+03
  206 2277  2.782159651507986E+03   2.99070029E+03
  207 2283  2.750236421938831E+03   2.48653067E+03
  208 2287  2.734461639133255E+03   2.19661099E+03
  209 2320  2.634820615197206E+03   5.01086477E+05
  210 2352  2.473125062552993E+03   7.74853613E+05
  211 2362  2.364696893870188E+03   4.72395785E+05
  212 2442  2.329879697846893E+03   1.20830955E+06
  213 2446  2.328096340624457E+03   1.92433135E+04
  214 2449  2.328096340624457E+03   1.85081783E+04
  215 2474  2.327159653362583E+03   3.39379827E+04
  216 2489  2.263519485536992E+03   1.82819875E+05
  217 2495  2.235479405788531E+03   1.59531255E+03
  217 2500  2.235479405788530E+03   1.59531255E+03
  Iteration failed to converge!
Starting an iteration with eps=0.100000, with x0 yielding 524207.781292 probes
  NIT   NF   F                       GTG
    0    1  2.241487894871757E+03   2.59484464E+03
    1    4  2.241487894871757E+03   2.35631207E+03
    2    8  2.241487894871757E+03   2.35631206E+03
    3   13  2.241487894871757E+03   2.35626477E+03
    4   17  2.241487894871757E+03   2.35626477E+03
    5   31  2.199787665594356E+03   3.70361503E+04
    6   33  2.196000721013054E+03   1.22041319E+03
    7   44  2.186428351749226E+03   9.70854975E+04
    8   57  2.165830349756641E+03   1.25614151E+05
    9   70  2.111603453231714E+03   1.38487206E+05
   10   83  2.018262354873330E+03   6.94782468E+04
   11   92  1.977393995118598E+03   1.07264096E+05
   12   94  1.915214134562908E+03   2.25599745E+03
   13   97  1.845087102523769E+03   2.10038225E+03
   14  100  1.843224078432899E+03   2.10274587E+03
   15  103  1.835940736351695E+03   2.11142114E+03
   16  115  1.813683768411080E+03   6.20478354E+04
   17  117  1.732069958308764E+03   2.24582362E+03
   18  120  1.689478308325120E+03   2.26702248E+03
   19  124  1.665530204110730E+03   2.25163083E+03
   20  127  1.641086617156284E+03   2.26065869E+03
   21  130  1.613635291413018E+03   2.02022131E+03
   22  133  1.587054775976028E+03   1.93439633E+03
   23  138  1.585309917219875E+03   1.95116548E+03
   24  156  1.537395543361172E+03   1.52634781E+05
   25  158  1.494924116901655E+03   1.86717850E+03
   26  172  1.459355581512379E+03   1.04353769E+05
   27  183  1.427956758704708E+03   2.34766448E+05
   28  234  1.392068899077028E+03   1.46663701E+03
   29  238  1.386973021688786E+03   1.46782465E+03
   30  242  1.381564965181931E+03   1.27304014E+03
   31  246  1.374062325867886E+03   1.26994245E+03
   32  250  1.364608474178485E+03   1.34768794E+03
   33  254  1.351897906698624E+03   6.09447556E+02
   34  258  1.348539444664826E+03   7.16415066E+02
   35  263  1.337532140234211E+03   8.50707723E+02
   36  291  1.327416934841960E+03   3.05792614E+05
   37  297  1.327416885282883E+03   3.32178234E+05
   38  310  1.326955224852556E+03   1.22846436E+03
   39  314  1.325982165636340E+03   1.13820992E+03
   40  318  1.323974378670647E+03   1.03476882E+03
   41  323  1.317505698690743E+03   4.99211396E+02
   42  328  1.315457679755628E+03   4.88336919E+02
   43  332  1.315440747414586E+03   4.89213290E+02
   44  337  1.311411546799173E+03   5.80321028E+02
   45  343  1.310904385903431E+03   5.44761909E+02
   46  347  1.310843351733371E+03   5.42672125E+02
   47  351  1.310800983867706E+03   5.43104716E+02
   48  355  1.308871532892108E+03   5.15353146E+02
   49  359  1.305775953863615E+03   5.50952224E+04
   50  364  1.305727004704628E+03   4.53342150E+03
   51  367  1.305556917753358E+03   3.90861743E+03
   52  402  1.302520347801340E+03   7.81444164E+02
   53  406  1.299098247602205E+03   1.17646114E+03
   54  416  1.298206382878386E+03   5.81263863E+02
   55  420  1.297472174138685E+03   5.27892912E+02
   56  426  1.297096583567425E+03   5.45161712E+02
   57  430  1.297081223926981E+03   5.44339727E+02
   58  454  1.295457835311672E+03   3.01811366E+05
   59  497  1.295457835311656E+03   3.01811366E+05
  Iteration was successful
Starting an iteration with eps=0.010000, with x0 yielding 524999.828262 probes
  NIT   NF   F                       GTG
    0    1  1.295472099241156E+03   9.30492235E+02
    1   88  1.295436608471714E+03   1.29568074E+16
    1  169  1.295436608471714E+03   1.29568074E+16
  Iteration failed to converge!
##############################
Continuous parameter values:
ablv: (0.130754, 9.279587)
achimota: (0.000000, 7.626774)
aedes: (0.252863, 7.867652)
aguacate: (0.000001, 9.550599)
akabane: (0.971320, 13.659206)
alethinophid_reptarenavirus: (0.000000, 3.260474)
allpahuayo: (0.000000, 1.595758)
amapari: (0.000001, 6.164781)
ampv: (0.936700, 9.445360)
andes: (0.456066, 8.608721)
apmv: (1.078087, 48.320760)
apoi: (0.000000, 2.664591)
aravan: (0.000000, 3.183929)
aroa: (0.000000, 10.797005)
arumowot: (0.000000, 1.082125)
aspv: (0.000000, 5.650023)
avian_vornavirus: (0.000000, 3.799877)
b19: (0.595739, 12.385994)
bagaza: (0.830727, 3.715332)
banna: (0.854912, 11.111082)
bat_hepevirus: (0.000000, 7.220062)
bat_sapovirus_tlc58: (0.000000, 0.000000)
bear_canyon: (0.158033, 1.997561)
beilong: (0.000000, 10.850202)
betapapillomavirus_1: (0.308701, 0.000000)
betapapillomavirus_2: (0.750697, 28.780400)
betapapillomavirus_3: (0.000001, 8.336232)
betapapillomavirus_4: (0.000000, 2.912646)
betapapillomavirus_5: (0.000000, 3.497887)
betapapillomavirus_6: (0.000000, 0.000000)
bhanja: (0.000000, 0.746512)
bk: (1.525780, 7.902775)
bokeloh_bat: (0.000000, 2.780612)
borna_disease: (0.636256, 9.986691)
bovine_hepacivirus: (0.183697, 7.283737)
bpv_3: (1.261727, 23.595953)
brazoran: (0.000000, 0.000000)
brsv: (0.000001, 0.979559)
bunyamwera: (0.863810, 18.663510)
california_encephalitis: (1.431867, 25.738477)
candiru: (0.233463, 30.328992)
canine_distemper: (1.591871, 24.971227)
canine_pneumovirus: (0.000000, 5.241768)
cedar: (0.000000, 6.035189)
cell_fusing_agent: (0.000000, 0.000000)
cetacean_morbillivirus: (0.000000, 3.741550)
chandipura: (0.272914, 2.428677)
chaoyang: (0.238146, 5.334690)
chapare: (0.000000, 1.559986)
chikungunya: (2.000199, 10.707419)
colobus_monkey_papillomavirus: (0.000000, 0.370019)
crimean_congo: (3.077864, 32.502741)
ctfv: (0.000000, 11.391191)
cupixi: (0.000000, 1.411386)
cxfv: (1.405241, 17.478898)
dengue: (4.049098, 32.510145)
dobrava_belgrade: (0.803226, 18.064706)
donggang: (0.000000, 2.685394)
dugbe: (0.137742, 9.347407)
duvenhage: (0.348889, 6.481026)
eblv_1: (0.804977, 5.364137)
eblv_2: (0.277584, 7.460308)
ebola_nonzaire: (1.380201, 32.927893)
ebola_zaire_with_2014: (1.183961, 8.823896)
eee: (0.749354, 10.097741)
entebbe_bat: (0.000000, 0.899224)
enterovirus_a: (4.175746, 31.844514)
enterovirus_b: (3.576205, 30.648719)
enterovirus_c: (3.255425, 29.945709)
enterovirus_d: (1.849938, 19.035030)
eyach: (0.000000, 12.303774)
feline_morbillivirus: (0.745611, 12.226073)
fer_de_lance: (0.000000, 11.208070)
fitzroy_river: (0.000000, 0.466276)
flexal: (0.000001, 0.000000)
gairo: (0.000000, 0.799804)
gbv_c: (2.747707, 30.911653)
gemycircularvirus_sl1: (0.000004, 0.000000)
goose_paramyxovirus_sf02: (0.000000, 3.598883)
great_island: (0.589409, 17.110165)
guanarito: (0.816643, 6.264974)
hantaan: (1.008544, 25.444213)
hantavirus_z10: (0.000003, 2.627149)
hbov: (0.997812, 7.097914)
heartland: (0.000019, 8.957784)
hecv_4408: (0.000000, 7.286421)
hendra: (0.000064, 21.206625)
hepatitis_a: (2.307012, 21.199218)
hepatitis_b: (3.958963, 28.597144)
hepatitis_c: (7.785984, 48.975297)
hepatitis_delta: (1.496561, 30.755500)
hepatitis_e: (3.897169, 29.170916)
herpesvirus_1: (0.000167, 32.621002)
herpesvirus_2: (0.801764, 29.841843)
herpesvirus_3: (0.321251, 24.846948)
herpesvirus_4: (1.432382, 38.413428)
herpesvirus_5: (3.096467, 37.294544)
herpesvirus_6: (0.328993, 30.776606)
herpesvirus_7: (0.000001, 28.611111)
herpesvirus_8: (0.000008, 30.102562)
hervk: (0.000008, 2.879307)
hiv1_without_ltr: (7.998836, 45.817760)
hiv2_without_ltr: (2.137349, 33.052245)
hpiv_1: (0.856527, 10.429214)
hpiv_2: (0.583073, 3.684128)
hpiv_3: (2.116058, 10.876471)
hpiv_4: (0.900515, 21.587651)
hpv: (0.000001, 16.464660)
human_coronavirus_229e: (0.911919, 9.223472)
human_coronavirus_hku1: (0.608992, 8.405107)
human_coronavirus_nl63: (0.887427, 1.700899)
human_coronavirus_oc43: (2.014395, 13.147255)
human_genital_associated_circular_dna: (0.000000, 0.000000)
human_picobirnavirus: (0.000000, 0.000000)
human_smacovirus_1: (0.661993, 0.000000)
ikoma: (0.000000, 1.409073)
ilheus: (0.167791, 0.000000)
influenza_a: (3.707114, 29.347328)
influenza_b: (0.876171, 12.029328)
influenza_c: (0.000000, 0.121749)
ippy: (0.000000, 1.747308)
irkut: (0.000000, 6.104864)
j_virus: (0.000000, 0.000000)
jc: (0.761348, 10.114711)
jev: (2.229158, 25.276932)
junin: (1.083674, 8.299599)
kadipiro: (0.000000, 10.682470)
kamiti_river: (0.000003, 1.649698)
kedougou: (0.000000, 0.000000)
kfd: (0.900419, 11.446728)
khujand: (0.000000, 1.290872)
ki_polyomavirus: (0.000007, 0.747879)
kokobera: (0.000002, 0.000000)
lagos_bat: (0.645777, 0.000000)
langat: (0.117161, 0.000000)
lassa: (4.045290, 29.387138)
latino: (0.000002, 1.229257)
lcmv: (0.650803, 48.727062)
leopards_hill: (0.000010, 4.661255)
liao_ning: (0.000000, 4.754446)
lloviu_cuevavirus: (0.000000, 0.000000)
louping_ill: (0.308056, 7.749997)
lujo: (0.000000, 0.072367)
luna: (0.000000, 11.003100)
lunk_nks1: (0.000000, 3.664977)
lyssavirus_ozernoe: (0.000000, 0.000000)
machupo: (0.092034, 8.044976)
mamastrovirus: (1.408839, 26.252332)
manzanilla: (0.000000, 0.000000)
mapuera: (0.000000, 7.077701)
marburg: (1.500851, 25.415653)
mastadenovirus_a: (0.908993, 25.413896)
mastadenovirus_b: (2.424781, 29.085733)
mastadenovirus_c: (1.822235, 30.052366)
mastadenovirus_d: (2.933293, 28.268903)
mayaro: (0.301404, 0.962690)
mcv: (0.000042, 10.621276)
measles: (2.314118, 22.920720)
menangle: (0.388550, 6.450088)
mercadeo: (0.251710, 4.603519)
mers: (0.818044, 18.994679)
metapneumovirus: (1.904830, 13.567793)
mobala: (0.000000, 0.000000)
modoc: (0.000000, 0.000000)
mojiang: (0.000000, 0.000000)
mokola: (0.000001, 25.275964)
montana_myotis_leukoencephalitis: (0.000000, 1.392831)
mopeia: (0.123456, 1.692496)
mopeia_lassa_reassortant_29: (0.206582, 4.936073)
morogoro: (0.000000, 2.252876)
mossman: (0.000000, 4.746229)
mssi2_225: (0.000000, 0.000000)
mumps: (2.559223, 19.207316)
murine_pneumonia: (0.000004, 8.539335)
mvev: (0.895269, 18.362794)
nariva: (0.000000, 8.718672)
ndv: (4.786529, 25.414434)
nipah: (0.408851, 13.943082)
norwalk: (3.133686, 27.522920)
norway_rat_hepacivirus: (0.000000, 0.000000)
ntaya: (0.111692, 1.393334)
o_nyong_nyong: (0.353201, 0.000000)
oliveros: (0.000000, 0.462706)
omsk_hemorrhagiv_fever: (0.635168, 8.172103)
oropouche: (0.774900, 9.609911)
parana: (0.086927, 0.163328)
parramatta_river: (0.000000, 1.803706)
pichinde: (0.140363, 6.849877)
pirital: (0.230306, 0.000000)
piscihepevirus_a: (0.000000, 3.868865)
piv_5: (0.820047, 6.981807)
porcine: (0.000000, 0.131217)
powassan: (0.327185, 2.578500)
ppiv_1: (0.515566, 0.000000)
pprv: (1.669717, 30.902591)
ptlv_1: (0.905473, 8.608668)
ptlv_2: (0.869842, 0.313641)
punta_toro: (0.917210, 19.542550)
puumala: (1.031145, 30.420264)
quang_binh: (0.000000, 6.844632)
razdan: (0.000000, 1.480027)
reptile_bornavirus_1: (0.000000, 0.100269)
rhabdovirus: (4.279786, 31.696511)
rhinovirus_a: (1.402655, 29.193058)
rhinovirus_b: (0.693910, 33.698771)
rift_valley_fever: (1.896472, 21.275762)
rinderpest: (0.717362, 0.000000)
rio_bravo: (0.000003, 5.616952)
rodent_hepacivirus: (0.000000, 2.767952)
rodent_torque_teno: (0.000002, 2.270735)
ross_river: (0.599377, 0.278457)
rotavirus_a: (6.453067, 34.683057)
rotavirus_b: (0.908816, 23.622175)
rotavirus_c: (2.571652, 30.483667)
rotavirus_f: (0.000000, 0.000000)
rotavirus_g: (0.065805, 1.747174)
rotavirus_h: (0.594825, 2.591148)
rotavirus_i: (0.000002, 5.216648)
royal_farm: (0.000001, 10.560781)
rsv: (2.550114, 21.284056)
rubella: (2.768910, 8.236475)
sabia: (0.000000, 2.015519)
salem: (0.000000, 2.805814)
sapporo: (0.899823, 0.000000)
sars: (2.066626, 31.027121)
sathuperi: (0.443486, 0.000000)
seal_anellovirus: (0.000001, 1.487494)
sendai: (0.753694, 22.561801)
seoul: (2.056411, 24.467189)
sepik: (0.000000, 0.000000)
sfnv: (0.767795, 27.202912)
sfsv: (0.000002, 0.000000)
sfts: (2.025070, 23.168207)
shamonda: (0.000006, 6.308795)
shimoni_bat: (0.000000, 4.043819)
shuni: (0.264512, 0.000000)
simbu: (0.000000, 4.652526)
simian_41: (0.000000, 0.398209)
simian_torque_teno: (0.000000, 0.000000)
sin_nombre: (0.878557, 6.525021)
slev: (0.984200, 16.610509)
small_anellovirus: (0.000000, 0.000000)
sosuga: (0.000000, 4.838243)
spanish_goat_encephalitis: (0.000000, 5.226505)
sunshine: (0.000000, 5.175551)
sv40: (0.000020, 3.154210)
tacaribe: (0.000005, 10.241513)
tailam: (0.000000, 0.000000)
tamana_bat: (0.000000, 0.000000)
tamiami: (0.000002, 0.000000)
tbev: (2.860575, 25.671965)
tembusu: (1.388696, 16.954542)
thogoto: (0.000000, 0.000000)
thottapalayam: (0.872813, 12.640548)
tioman: (0.000000, 6.611881)
tlmv: (0.000002, 9.485429)
torque_teno: (1.200928, 29.718969)
torque_teno_canis: (0.000001, 2.266476)
torque_teno_douroucouli: (0.000000, 0.000000)
torque_teno_felis: (0.000004, 3.645590)
torque_teno_midi: (0.027136, 2.750370)
torque_teno_mini: (0.000001, 4.415421)
torque_teno_sus: (1.726165, 25.576432)
torque_teno_tamarin: (0.000000, 0.000000)
torque_teno_zalophus: (0.000000, 0.000000)
tuhoko: (0.000000, 9.075714)
tula: (0.000012, 0.000000)
tupaia: (0.000000, 4.025567)
usutu: (1.279370, 14.492885)
uukuniemi: (0.903849, 29.273705)
vaccinia: (1.913011, 31.906666)
variola: (1.239890, 23.402435)
vee: (1.751110, 29.755199)
vsiv: (0.747240, 7.671650)
wee: (0.554397, 6.615646)
wesselsbron: (0.000001, 5.255078)
west_caucasion_bat: (0.000000, 1.501561)
west_nile: (2.355629, 30.068925)
whitewater_arroyo: (0.070436, 6.765304)
wu_polyomavirus: (0.000043, 0.000000)
yellow_fever: (1.519410, 28.913688)
yokose: (0.000000, 2.302376)
ypv: (0.000000, 3.748258)
zika: (0.080538, 0.000000)
zygosaccharomyces_bailii_z: (0.000000, 0.000000)
TOTAL INTERPOLATED PROBE COUNT: 525000.000000
##############################

##############################
Rounded parameter values:
ablv: (0, 0)
achimota: (0, 0)
aedes: (0, 0)
aguacate: (0, 0)
akabane: (1, 0)
alethinophid_reptarenavirus: (0, 0)
allpahuayo: (0, 0)
amapari: (0, 0)
ampv: (1, 0)
andes: (0, 0)
apmv: (2, 30)
apoi: (0, 0)
aravan: (0, 0)
aroa: (0, 0)
arumowot: (0, 0)
aspv: (0, 0)
avian_vornavirus: (0, 0)
b19: (1, 0)
bagaza: (0, 0)
banna: (0, 0)
bat_hepevirus: (0, 0)
bat_sapovirus_tlc58: (0, 0)
bear_canyon: (0, 0)
beilong: (0, 0)
betapapillomavirus_1: (0, 0)
betapapillomavirus_2: (0, 30)
betapapillomavirus_3: (0, 0)
betapapillomavirus_4: (0, 0)
betapapillomavirus_5: (0, 0)
betapapillomavirus_6: (0, 0)
bhanja: (0, 0)
bk: (1, 0)
bokeloh_bat: (0, 0)
borna_disease: (0, 0)
bovine_hepacivirus: (0, 0)
bpv_3: (1, 30)
brazoran: (0, 0)
brsv: (0, 0)
bunyamwera: (1, 0)
california_encephalitis: (2, 30)
candiru: (0, 30)
canine_distemper: (2, 30)
canine_pneumovirus: (0, 0)
cedar: (0, 0)
cell_fusing_agent: (0, 0)
cetacean_morbillivirus: (0, 0)
chandipura: (0, 0)
chaoyang: (0, 0)
chapare: (0, 0)
chikungunya: (2, 10)
colobus_monkey_papillomavirus: (0, 0)
crimean_congo: (4, 30)
ctfv: (0, 0)
cupixi: (0, 0)
cxfv: (2, 0)
dengue: (4, 40)
dobrava_belgrade: (0, 0)
donggang: (0, 0)
dugbe: (0, 0)
duvenhage: (0, 0)
eblv_1: (0, 0)
eblv_2: (0, 0)
ebola_nonzaire: (1, 30)
ebola_zaire_with_2014: (2, 10)
eee: (1, 0)
entebbe_bat: (0, 0)
enterovirus_a: (4, 30)
enterovirus_b: (4, 30)
enterovirus_c: (4, 30)
enterovirus_d: (2, 0)
eyach: (0, 0)
feline_morbillivirus: (0, 0)
fer_de_lance: (0, 0)
fitzroy_river: (0, 0)
flexal: (0, 0)
gairo: (0, 0)
gbv_c: (3, 30)
gemycircularvirus_sl1: (0, 0)
goose_paramyxovirus_sf02: (0, 0)
great_island: (0, 0)
guanarito: (0, 0)
hantaan: (1, 30)
hantavirus_z10: (0, 0)
hbov: (1, 0)
heartland: (0, 0)
hecv_4408: (0, 0)
hendra: (0, 30)
hepatitis_a: (3, 0)
hepatitis_b: (4, 30)
hepatitis_c: (4, 50)
hepatitis_delta: (2, 30)
hepatitis_e: (4, 30)
herpesvirus_1: (0, 40)
herpesvirus_2: (1, 30)
herpesvirus_3: (1, 30)
herpesvirus_4: (2, 40)
herpesvirus_5: (4, 40)
herpesvirus_6: (0, 30)
herpesvirus_7: (0, 30)
herpesvirus_8: (0, 30)
hervk: (0, 0)
hiv1_without_ltr: (4, 50)
hiv2_without_ltr: (3, 30)
hpiv_1: (1, 0)
hpiv_2: (0, 0)
hpiv_3: (3, 10)
hpiv_4: (1, 30)
hpv: (0, 0)
human_coronavirus_229e: (1, 0)
human_coronavirus_hku1: (1, 0)
human_coronavirus_nl63: (1, 0)
human_coronavirus_oc43: (3, 0)
human_genital_associated_circular_dna: (0, 0)
human_picobirnavirus: (0, 0)
human_smacovirus_1: (0, 0)
ikoma: (0, 0)
ilheus: (0, 0)
influenza_a: (4, 30)
influenza_b: (1, 0)
influenza_c: (0, 0)
ippy: (0, 0)
irkut: (0, 0)
j_virus: (0, 0)
jc: (1, 10)
jev: (3, 30)
junin: (2, 0)
kadipiro: (0, 0)
kamiti_river: (0, 0)
kedougou: (0, 0)
kfd: (1, 0)
khujand: (0, 0)
ki_polyomavirus: (0, 0)
kokobera: (0, 0)
lagos_bat: (0, 0)
langat: (0, 0)
lassa: (4, 30)
latino: (0, 0)
lcmv: (0, 50)
leopards_hill: (0, 0)
liao_ning: (0, 0)
lloviu_cuevavirus: (0, 0)
louping_ill: (0, 0)
lujo: (0, 0)
luna: (0, 0)
lunk_nks1: (0, 0)
lyssavirus_ozernoe: (0, 0)
machupo: (0, 0)
mamastrovirus: (2, 30)
manzanilla: (0, 0)
mapuera: (0, 0)
marburg: (2, 30)
mastadenovirus_a: (0, 30)
mastadenovirus_b: (3, 30)
mastadenovirus_c: (2, 30)
mastadenovirus_d: (3, 30)
mayaro: (0, 0)
mcv: (0, 0)
measles: (2, 30)
menangle: (0, 0)
mercadeo: (0, 0)
mers: (1, 0)
metapneumovirus: (2, 20)
mobala: (0, 0)
modoc: (0, 0)
mojiang: (0, 0)
mokola: (0, 0)
montana_myotis_leukoencephalitis: (0, 0)
mopeia: (0, 0)
mopeia_lassa_reassortant_29: (0, 0)
morogoro: (0, 0)
mossman: (0, 0)
mssi2_225: (0, 0)
mumps: (3, 0)
murine_pneumonia: (0, 0)
mvev: (0, 0)
nariva: (0, 0)
ndv: (5, 30)
nipah: (1, 0)
norwalk: (4, 30)
norway_rat_hepacivirus: (0, 0)
ntaya: (0, 0)
o_nyong_nyong: (0, 0)
oliveros: (0, 0)
omsk_hemorrhagiv_fever: (0, 0)
oropouche: (0, 0)
parana: (0, 0)
parramatta_river: (0, 0)
pichinde: (0, 0)
pirital: (0, 0)
piscihepevirus_a: (0, 0)
piv_5: (1, 0)
porcine: (0, 0)
powassan: (1, 0)
ppiv_1: (0, 0)
pprv: (2, 30)
ptlv_1: (1, 0)
ptlv_2: (1, 0)
punta_toro: (1, 0)
puumala: (1, 30)
quang_binh: (0, 0)
razdan: (0, 0)
reptile_bornavirus_1: (0, 0)
rhabdovirus: (5, 30)
rhinovirus_a: (2, 30)
rhinovirus_b: (0, 30)
rift_valley_fever: (2, 30)
rinderpest: (1, 0)
rio_bravo: (0, 0)
rodent_hepacivirus: (0, 0)
rodent_torque_teno: (0, 0)
ross_river: (0, 0)
rotavirus_a: (5, 40)
rotavirus_b: (0, 30)
rotavirus_c: (3, 30)
rotavirus_f: (0, 0)
rotavirus_g: (0, 0)
rotavirus_h: (0, 0)
rotavirus_i: (0, 0)
royal_farm: (0, 0)
rsv: (3, 20)
rubella: (3, 0)
sabia: (0, 0)
salem: (0, 0)
sapporo: (0, 0)
sars: (3, 30)
sathuperi: (0, 0)
seal_anellovirus: (0, 0)
sendai: (1, 30)
seoul: (2, 30)
sepik: (0, 0)
sfnv: (1, 30)
sfsv: (0, 0)
sfts: (3, 0)
shamonda: (0, 0)
shimoni_bat: (0, 0)
shuni: (0, 0)
simbu: (0, 0)
simian_41: (0, 0)
simian_torque_teno: (0, 0)
sin_nombre: (0, 0)
slev: (1, 0)
small_anellovirus: (0, 0)
sosuga: (0, 0)
spanish_goat_encephalitis: (0, 0)
sunshine: (0, 0)
sv40: (0, 0)
tacaribe: (0, 0)
tailam: (0, 0)
tamana_bat: (0, 0)
tamiami: (0, 0)
tbev: (3, 30)
tembusu: (2, 0)
thogoto: (0, 0)
thottapalayam: (1, 0)
tioman: (0, 0)
tlmv: (0, 0)
torque_teno: (2, 30)
torque_teno_canis: (0, 0)
torque_teno_douroucouli: (0, 0)
torque_teno_felis: (0, 0)
torque_teno_midi: (0, 0)
torque_teno_mini: (0, 0)
torque_teno_sus: (2, 30)
torque_teno_tamarin: (0, 0)
torque_teno_zalophus: (0, 0)
tuhoko: (0, 0)
tula: (0, 0)
tupaia: (0, 0)
usutu: (2, 0)
uukuniemi: (1, 30)
vaccinia: (2, 30)
variola: (1, 30)
vee: (2, 30)
vsiv: (1, 0)
wee: (1, 0)
wesselsbron: (0, 0)
west_caucasion_bat: (0, 0)
west_nile: (3, 30)
whitewater_arroyo: (0, 0)
wu_polyomavirus: (0, 0)
yellow_fever: (2, 30)
yokose: (0, 0)
ypv: (0, 0)
zika: (0, 0)
zygosaccharomyces_bailii_z: (0, 0)
TOTAL PROBE COUNT: 524872
##############################
