Sender: LSF System <lsf@node1967>
Subject: Job 6209727: <python -u ../../scripts/find_optimal_params.py -i ./ --max_probe_count 262500 -o ../2015-10_params/count_262500.params> in cluster <cromwell> Done

Job <python -u ../../scripts/find_optimal_params.py -i ./ --max_probe_count 262500 -o ../2015-10_params/count_262500.params> was submitted from host <silver> by user <hmetsky> in cluster <cromwell>.
Job was executed on host(s) <node1967>, in queue <week>, as user <hmetsky> in cluster <cromwell>.
</home/unix/hmetsky> was used as the home directory.
</home/unix/hmetsky/viral/viral-work/results/hybsel_design/viral-probe-set_all-human-host-viruses/2015-10> was used as the working directory.
Started at Thu Jan  7 16:16:02 2016
Results reported on Thu Jan  7 23:08:45 2016

Your job looked like:

------------------------------------------------------------
# LSBATCH: User input
python -u ../../scripts/find_optimal_params.py -i ./ --max_probe_count 262500 -o ../2015-10_params/count_262500.params
------------------------------------------------------------

Successfully completed.

Resource usage summary:

    CPU time :               24652.83 sec.
    Max Memory :             1242 MB
    Average Memory :         1224.10 MB
    Total Requested Memory : 8592.00 MB
    Delta Memory :           7350.00 MB
    (Delta: the difference between Total Requested Memory and Max Memory.)
    Max Processes :          6
    Max Threads :            7

The output (if any) follows:

WARNING: Initial guess is beyond the probe barrier (373342, but the max is 262500)
         ...continuing anyway
Starting an iteration with eps=10.000000, with x0 yielding 373342.500000 probes
  NIT   NF   F                       GTG
    0    1  1.410008334619536E+05   5.16149060E+05
    1    2  1.410008334619536E+05   5.08309187E+05
    2    4  1.367556920990537E+05   5.98243478E+05
    3    6  1.320110062931882E+05   1.20885096E+06
    4    8  1.303342667128649E+05   8.24799879E+05
    5   10  1.299239308198823E+05   8.75599440E+05
    6   12  1.292857203615061E+05   9.72201379E+05
    7   14  1.289389448980965E+05   1.02217907E+06
    8   16  1.287696369913712E+05   1.04288744E+06
    9   18  1.255548060460884E+05   1.28875252E+06
   10   20  1.201967168975224E+05   2.93934163E+06
   11   22  1.200378995047227E+05   3.00114400E+06
   12   24  1.188548078738696E+05   3.77236586E+06
   13   26  1.169516143404611E+05   5.28220918E+06
   14   28  1.113668523933697E+05   1.61311672E+07
   15   30  1.102289905645532E+05   2.01284738E+07
   16   32  1.101112837377735E+05   2.04455073E+07
   17   34  1.094423068208548E+05   2.32552888E+07
   18   36  1.537025837416013E+04   3.57701711E+04
   19   39  1.506345759820220E+04   3.40605937E+04
   20   42  1.496305077807243E+04   3.36673441E+04
   21   45  1.471881203602854E+04   3.25654909E+04
   22   49  1.437664810579844E+04   3.16736733E+04
   23   53  1.397510587491159E+04   3.05081044E+04
   24   57  1.394610574629817E+04   3.04038756E+04
   25   61  1.393929032287050E+04   3.03764031E+04
   26   65  1.350952696088311E+04   2.86169506E+04
   27   69  1.313168217415458E+04   2.72325301E+04
   28   72  1.301525565268911E+04   2.51293239E+04
   29   76  1.270385040532766E+04   2.40140405E+04
   30   80  1.254686636078398E+04   2.33168080E+04
   31   84  1.242394197024824E+04   2.28032445E+04
   32   88  1.231948122334226E+04   2.23242654E+04
   33   93  1.202832585521655E+04   2.11546208E+04
   34   97  1.196672484168788E+04   2.08482491E+04
   35  101  1.166789289253051E+04   1.99949288E+04
   36  105  1.157033213023161E+04   1.96079196E+04
   37  109  1.052172335958225E+04   1.70944608E+04
   38  113  1.004619323761165E+04   1.85597941E+04
   39  118  9.367090184385474E+03   3.67314304E+04
   40  123  9.099471108393394E+03   4.56865639E+04
   41  134  8.327020467298476E+03   2.14305308E+07
   42  145  8.143038586548186E+03   2.11593300E+08
   43  149  8.123325114141607E+03   4.53693682E+06
   44  177  7.898784805246212E+03   7.01129553E+07
   45  181  7.826391472695430E+03   6.39444518E+07
   46  187  7.823371143627437E+03   1.23147701E+07
   47  196  7.780134564873374E+03   7.03891743E+07
   48  212  7.744448360003859E+03   9.49582948E+07
   49  219  7.470809532265078E+03   1.12250941E+05
   50  223  7.453375372588583E+03   1.11341969E+05
   51  234  7.352254657504951E+03   3.76329991E+06
   52  242  7.326000489242824E+03   1.41973051E+07
   53  255  7.312931399762278E+03   3.92243710E+07
   54  310  7.306185063702927E+03   7.60605322E+07
   55  314  7.286863039077170E+03   1.49094866E+06
   56  319  7.258505249711036E+03   4.58710022E+05
   57  378  7.240664278221577E+03   1.93561325E+06
   58  389  7.236730960831454E+03   2.81355250E+06
   59  400  7.225311705835760E+03   9.67689083E+06
   60  414  7.213884298767609E+03   2.19786705E+07
   61  421  7.169702782245066E+03   1.72932174E+06
   62  425  7.150343022200399E+03   5.07169204E+05
   63  433  7.124612342323008E+03   4.48011733E+06
   64  444  7.101000530760466E+03   2.26156114E+07
   65  502  7.087166111919437E+03   6.27478729E+07
   66  584  7.083326884267788E+03   1.87532184E+08
   67  588  7.040842541894986E+03   3.34765464E+06
   68  599  7.023628009818256E+03   1.63893526E+07
   69  636  7.020557258522947E+03   2.01275525E+07
   70  641  6.778061436186307E+03   4.27026625E+03
   71  652  6.771391809628170E+03   4.35865865E+03
   72  660  6.719665512971083E+03   4.45139994E+05
   73  666  6.698647720713352E+03   4.16717689E+06
   74  670  6.681082606578086E+03   5.38667551E+04
   75  702  6.680533843722949E+03   5.38601304E+04
   76  705  6.673669730191713E+03   4.27160820E+04
   77  708  6.643160617429945E+03   2.78534910E+04
   78  722  6.640662609834239E+03   2.81372567E+04
   79  773  6.632223456377155E+03   2.84860787E+04
   80  776  6.629491584940693E+03   1.01901280E+05
   81  831  6.614471314195452E+03   6.45635743E+05
   82  860  6.590048084765249E+03   1.53728901E+06
   83  865  6.561932568053416E+03   8.49812353E+04
   84  875  6.537438661396240E+03   6.20125600E+05
   85  883  6.516960005974940E+03   3.39947139E+06
   86  894  6.507800416933791E+03   1.04787640E+07
   87  910  6.500210199775264E+03   2.42175745E+07
   88  967  6.493472530715466E+03   2.33285943E+07
   89  971  6.475959868476239E+03   1.05266022E+06
   90  981  6.447302840688442E+03   3.12798743E+06
   91  988  6.443922785987011E+03   3.91034936E+06
   92  994  6.421710039366262E+03   5.89611997E+06
   93 1040  6.421653512885705E+03   7.06154035E+06
   94 1043  6.415391951975859E+03   7.48334361E+06
   95 1046  6.414187881873036E+03   4.89230627E+06
   96 1084  6.414041835677512E+03   4.88806665E+06
   97 1089  6.387999856265470E+03   1.19410765E+05
   98 1093  6.355027687781760E+03   4.64103485E+03
   99 1097  6.350328635318708E+03   4.93170177E+03
  100 1101  6.345912154533846E+03   2.55871837E+03
  101 1107  6.333665609885597E+03   1.92142790E+03
  102 1113  6.321486323587478E+03   1.54045463E+03
  103 1121  6.289754548403984E+03   2.45594631E+04
  104 1125  6.276257396966927E+03   3.52553793E+04
  105 1135  6.256708855413796E+03   5.65952565E+05
  106 1139  6.254385830587395E+03   5.02719742E+05
  107 1144  6.213233152273126E+03   1.42692045E+04
  108 1150  6.211700059321122E+03   1.42885852E+04
  109 1159  6.201738365625950E+03   7.94635439E+04
  110 1164  6.187786310241470E+03   1.95655923E+05
  111 1168  6.184298010011943E+03   1.94417184E+05
  112 1174  6.180867017154129E+03   2.34465278E+05
  113 1182  6.180000852167816E+03   3.24016666E+05
  114 1191  6.176995359359761E+03   4.45103280E+05
  115 1198  6.173372841561616E+03   6.38598296E+05
  116 1203  6.170756599274014E+03   1.11479263E+06
  117 1208  6.170301892950189E+03   1.11416723E+06
  118 1213  6.169367185698974E+03   1.10976859E+06
  119 1219  6.157901708467211E+03   1.15655071E+06
  120 1223  6.156063585853274E+03   1.35140527E+06
  121 1227  6.155375909957879E+03   1.34794372E+06
  122 1231  6.149357447606749E+03   1.41782231E+06
  123 1234  6.149180393996342E+03   1.36528285E+06
  124 1238  6.149139490091446E+03   1.36541567E+06
  125 1242  6.148924927765898E+03   1.36383344E+06
  126 1245  6.146742058757561E+03   8.24328575E+05
  127 1248  6.146663713448243E+03   8.11056643E+05
  128 1251  6.145096737193579E+03   5.84688506E+05
  129 1254  6.144878413348865E+03   5.62098558E+05
  130 1257  6.144683093409698E+03   5.42989268E+05
  131 1260  6.144041012076929E+03   4.85781343E+05
  132 1264  6.143893437208540E+03   4.84185518E+05
  133 1293  6.143860602376220E+03   4.84147985E+05
  134 1298  6.143832211669416E+03   4.84035082E+05
  135 1303  6.143654375185701E+03   4.82602485E+05
  136 1309  6.143639023859558E+03   4.82501106E+05
  137 1315  6.143515835064909E+03   4.81873113E+05
  138 1323  6.142427145730595E+03   4.80239509E+05
  139 1331  6.141519277498667E+03   4.87449706E+05
  140 1342  6.141036051864425E+03   4.99249195E+05
  141 1353  6.140010228488027E+03   4.94209662E+05
  142 1360  6.139392709271251E+03   4.90912576E+05
  143 1373  6.138991170468590E+03   4.89256460E+05
  144 1380  6.138381404511725E+03   4.87371034E+05
  145 1392  6.138200094362686E+03   4.99427599E+05
  146 1405  6.138043666573534E+03   4.99322619E+05
  147 1412  6.137642406884667E+03   4.96269245E+05
  148 1423  6.137220402772789E+03   4.92523841E+05
  149 1427  6.137170962945548E+03   4.91683125E+05
  150 1432  6.137085889700823E+03   4.90947955E+05
  151 1443  6.136997919948414E+03   4.89733012E+05
  152 1450  6.136882036871320E+03   4.89022616E+05
  153 1455  6.136599030925538E+03   4.85160344E+05
  154 1461  6.136589590379478E+03   4.85219588E+05
  155 1470  6.136499096524657E+03   4.84231237E+05
  156 1475  6.136099974377514E+03   4.79822987E+05
  157 1482  6.136058326791508E+03   4.79545486E+05
  158 1492  6.135927577972730E+03   4.79360256E+05
  159 1503  6.135762376740198E+03   4.78931645E+05
  160 1508  6.135707384370668E+03   4.78340587E+05
  161 1550  6.134937597414762E+03   4.76218840E+05
  162 1553  6.129027788318655E+03   6.63836608E+05
  163 1558  6.110965043082598E+03   1.37650640E+04
  164 1565  6.109749164679223E+03   2.00912279E+04
  165 1571  6.107491624699995E+03   2.04569401E+04
  166 1577  6.105391381384672E+03   2.02841062E+04
  167 1582  6.103770071276383E+03   1.99541500E+04
  168 1586  6.102553321400006E+03   2.19767410E+04
  169 1594  6.102453750117169E+03   2.17118787E+04
  170 1599  6.101929418492921E+03   2.14503973E+04
  171 1605  6.101039249909003E+03   2.01846958E+04
  172 1619  6.100971983587391E+03   2.01511498E+04
  173 1624  6.099572251354362E+03   1.80605389E+04
  174 1631  6.099483011501479E+03   1.80195394E+04
  175 1635  6.094681827916586E+03   1.36524028E+04
  176 1648  6.094291091534719E+03   1.36059954E+04
  177 1653  6.094017826885099E+03   1.30989001E+04
  178 1658  6.093960984907721E+03   1.30984366E+04
  179 1668  6.093840580479286E+03   1.41212756E+04
  180 1686  6.092529842518866E+03   1.64574884E+04
  181 1713  6.092187327773964E+03   1.65001451E+04
  182 1717  6.091934643289522E+03   1.56124583E+04
  183 1721  6.090660650844306E+03   9.53609160E+03
  184 1727  6.090277851091979E+03   8.43382770E+03
  185 1734  6.090249890140324E+03   1.01530655E+04
  186 1740  6.089355636195146E+03   8.87056311E+03
  187 1744  6.089259326137412E+03   8.85641951E+03
  188 1751  6.089234860593941E+03   8.95760048E+03
  189 1755  6.086914598950816E+03   4.35297970E+03
  190 1761  6.086761358095820E+03   4.34559718E+03
  191 1765  6.086643347437910E+03   4.29565262E+03
  192 1768  6.086125953485089E+03   4.65855190E+03
  193 1780  6.086054826640750E+03   4.68309332E+03
  194 1789  6.086023679135251E+03   4.66130802E+03
  195 1793  6.085044292890932E+03   6.34291105E+03
  196 1798  6.084884071660123E+03   6.33505552E+03
  197 1806  6.084876109981755E+03   6.33562942E+03
  198 1842  6.084190109299045E+03   6.32334529E+03
  199 1847  6.080880347648806E+03   3.25228655E+03
  200 1857  6.080877745214473E+03   3.33389822E+03
  201 1880  6.080748867714857E+03   4.67664513E+03
  202 1893  6.078848176306796E+03   4.64596042E+03
  203 1899  6.078507608860487E+03   4.61791945E+03
  204 1950  6.078356587871817E+03   4.67036831E+03
  205 1977  6.077765398291167E+03   5.06048209E+03
  206 1981  6.076377441356938E+03   2.33862239E+03
  207 1989  6.075991912710364E+03   2.35336866E+03
  208 1996  6.075912328785723E+03   2.35142260E+03
  209 2000  6.075502086023483E+03   2.15889189E+03
  210 2007  6.074977721175039E+03   2.25012740E+03
  211 2012  6.074408054726488E+03   2.10524886E+03
  212 2016  6.073975053293717E+03   2.11297712E+03
  213 2024  6.071488866537039E+03   3.79565647E+03
  214 2034  6.070318943977571E+03   4.47546661E+03
  215 2042  6.070250330497670E+03   4.46706045E+03
  216 2051  6.070054344530015E+03   6.40027699E+03
  217 2058  6.069263387476516E+03   5.53051828E+03
  218 2062  6.068029656404338E+03   6.10517768E+03
  219 2066  6.062786927969667E+03   1.75675747E+03
  220 2070  6.062239995260041E+03   1.84298350E+03
  221 2083  6.059663161831897E+03   2.97648737E+03
  222 2087  6.057264246475985E+03   3.97274457E+03
  223 2097  6.055327644004863E+03   3.96731310E+03
  224 2148  6.052606179176914E+03   3.94945564E+03
  225 2167  6.052223489055793E+03   3.88941919E+03
  226 2180  6.051043569818896E+03   2.45813911E+03
  227 2186  6.050111388563945E+03   1.72704751E+03
  228 2191  6.049612826293204E+03   1.36212587E+03
  229 2196  6.048947942072977E+03   8.15764179E+02
  230 2201  6.048256994467420E+03   7.33047122E+02
  231 2206  6.047963838536678E+03   7.19376482E+02
  232 2211  6.047938281709745E+03   7.18617457E+02
  233 2216  6.047838632011395E+03   7.15660237E+02
  234 2246  6.047610874231598E+03   7.15776658E+02
  235 2250  6.047524249340537E+03   7.10743915E+02
  236 2254  6.047283617567320E+03   7.01338537E+02
  237 2270  6.047111650574496E+03   7.03251381E+02
  238 2275  6.045557357080169E+03   6.89406854E+02
  239 2281  6.043098035929816E+03   1.19752795E+03
  240 2292  6.043097404989996E+03   1.33698907E+03
  241 2313  6.038882016247363E+03   1.17554591E+04
  242 2319  6.037432992831589E+03   1.93312565E+04
  243 2352  6.035922645639175E+03   1.89912595E+04
  244 2356  6.032591488839142E+03   5.84023162E+03
  245 2361  6.032232536715937E+03   1.38724723E+04
  246 2367  6.025056864982519E+03   1.46716027E+04
  247 2385  6.022331513199890E+03   1.49881725E+04
  248 2389  6.020086481131391E+03   1.11984760E+04
  249 2394  6.017854220440066E+03   1.13565506E+04
  250 2401  6.017790687136762E+03   1.12980898E+04
  251 2414  6.005412301912912E+03   1.80016082E+04
  252 2417  6.003067722564381E+03   4.68554246E+03
  253 2438  6.001364970613266E+03   4.99425781E+03
  254 2442  5.999553306569494E+03   3.10041173E+03
  255 2451  5.998492569709554E+03   3.06850031E+03
  256 2478  5.996317433960745E+03   9.01362448E+03
  257 2480  5.993561428220758E+03   1.21107090E+04
  258 2484  5.991365467545071E+03   3.52144713E+04
  259 2500  5.991365467545071E+03   3.52144713E+04
  259 2500  5.991365467545071E+03   3.52144713E+04
  Iteration failed to converge!
Starting an iteration with eps=1.000000, with x0 yielding 262422.718791 probes
  NIT   NF   F                       GTG
    0    1  6.030608235834868E+03   4.66938650E+03
    1    2  6.030608235834868E+03   3.84752023E+03
    2    6  6.030608235834868E+03   3.80558189E+03
    3   12  6.024467117879557E+03   2.41146829E+04
    4   16  6.019702771999899E+03   4.42877484E+04
    5   27  6.017334604165630E+03   4.23891720E+05
    6   61  6.017269197856455E+03   4.28262467E+05
    7   65  6.016912473787093E+03   4.30268888E+05
    8   98  6.016672451462814E+03   4.35099482E+05
    9  134  6.015877589110045E+03   4.15129143E+05
   10  158  6.015476190457857E+03   2.57239341E+05
   11  163  6.014459992863319E+03   7.68191664E+03
   12  167  5.995321364624028E+03   5.69832063E+03
   13  170  5.995283684825802E+03   5.68967568E+03
   14  173  5.995162689861090E+03   5.66087050E+03
   15  176  5.995133569692905E+03   5.65239558E+03
   16  179  5.994140308908638E+03   5.36107281E+03
   17  182  5.993417391022311E+03   5.05077055E+03
   18  185  5.991553722117340E+03   3.30715139E+03
   19  190  5.991050270311325E+03   8.17657860E+02
   20  204  5.990041446659185E+03   6.79791905E+02
   21  214  5.988053310517344E+03   1.01754493E+03
   22  229  5.987797648815402E+03   9.67204037E+02
   23  239  5.986239140178825E+03   2.22591672E+04
   24  244  5.985444877082767E+03   2.19883077E+04
   25  258  5.985314874700050E+03   2.17165422E+04
   26  263  5.984973799878450E+03   6.51501693E+02
   27  313  5.984973799878450E+03   6.51478369E+02
   28  318  5.984323478802550E+03   7.12853393E+03
   29  323  5.984172448309298E+03   2.14408480E+04
   30  328  5.983317018357981E+03   1.82208649E+04
   31  383  5.982808677991445E+03   2.51632655E+04
   32  399  5.982296541885818E+03   9.62528741E+04
   33  437  5.982288892132768E+03   9.62080976E+04
   34  445  5.981935745943303E+03   2.13838237E+03
   35  477  5.981416176316970E+03   2.06645348E+03
   36  481  5.981025783694757E+03   5.26658310E+02
   37  485  5.980900115678950E+03   6.70243680E+02
   38  489  5.980339056932219E+03   4.38101569E+03
   39  496  5.980136861273662E+03   7.26240890E+02
   40  525  5.979185092293663E+03   2.74275388E+03
   41  530  5.977382091211582E+03   1.12400998E+04
   42  576  5.976623869579794E+03   3.54358184E+04
   43  607  5.972907193549123E+03   1.12229209E+05
   44  612  5.971387196197847E+03   9.89630961E+02
   45  639  5.971387196197847E+03   9.89627057E+02
   46  649  5.965535175610953E+03   4.01525323E+04
   47  652  5.964116856336205E+03   8.62694032E+04
   48  657  5.962660830943547E+03   8.03396585E+02
   49  662  5.962660830943547E+03   8.03387742E+02
   50  665  5.957284526754800E+03   4.61430710E+04
   51  669  5.957283721619616E+03   4.60972935E+04
   52  673  5.955321638704851E+03   2.68867556E+04
   53  677  5.953304554066856E+03   1.89736773E+03
   54  683  5.951118232369196E+03   1.52473192E+03
   55  717  5.949993373704144E+03   1.60091153E+03
   56  722  5.949208027165692E+03   8.42724919E+03
   57  727  5.947605233814073E+03   2.44305507E+03
   58  742  5.940728072600151E+03   1.97535272E+05
   59  768  5.940129391055659E+03   1.98247090E+05
   60  773  5.938418161700973E+03   5.89053174E+02
   61  777  5.936451008210905E+03   8.86286923E+02
   62  782  5.932842965802082E+03   1.26554186E+03
   63  801  5.922634646644978E+03   7.18632886E+04
   64  812  5.920610896708048E+03   1.81544299E+05
   65  844  5.920515303027038E+03   1.80372436E+05
   66  848  5.919411321861821E+03   4.36423256E+02
   67  852  5.916166044288216E+03   4.62825818E+02
   68  903  5.912014386459726E+03   9.57922758E+02
   69  907  5.911677321671527E+03   4.91827589E+02
   70  913  5.911143560952688E+03   5.32480778E+02
   71  949  5.902951514460317E+03   1.89893821E+05
   72  953  5.902482901529820E+03   1.34575476E+05
   73  958  5.894451868238710E+03   2.55672163E+03
   74  960  5.894451868238710E+03   2.55665834E+03
   75  969  5.871801680439222E+03   3.86985892E+03
   76  979  5.867546036774712E+03   3.10204053E+03
   77  986  5.865409787494566E+03   2.85893241E+03
   78  990  5.861724068912543E+03   2.41054604E+03
   79  997  5.855448877040581E+03   2.48543334E+03
   80 1001  5.854208112390112E+03   2.18529761E+03
   81 1005  5.852430591039230E+03   1.83361678E+03
   82 1012  5.850258288897058E+03   1.80421242E+03
   83 1016  5.849821332938914E+03   3.64938811E+03
   84 1021  5.846410358841569E+03   3.55382742E+03
   85 1027  5.837718000432521E+03   3.30582179E+03
   86 1032  5.836284056761862E+03   3.23583264E+03
   87 1039  5.830810397060260E+03   1.74582950E+04
   88 1043  5.830328732106991E+03   1.54051675E+04
   89 1047  5.824367083373136E+03   1.40554977E+03
   90 1063  5.820666272029713E+03   1.01781428E+03
   91 1069  5.819904674949399E+03   9.21389661E+02
   92 1075  5.818663348801149E+03   8.99189749E+02
   93 1080  5.817231855977384E+03   8.34944609E+02
   94 1106  5.817072998273842E+03   8.32440262E+02
   95 1112  5.814553355673513E+03   9.11788373E+02
   96 1117  5.813195983312030E+03   9.46333567E+02
   97 1122  5.812798312809473E+03   9.48782756E+02
   98 1129  5.811459092210617E+03   1.03469090E+03
   99 1135  5.809743940207189E+03   9.91826267E+02
  100 1139  5.809003824784681E+03   1.04351540E+03
  101 1144  5.809002565584916E+03   1.04348009E+03
  102 1149  5.806781144757646E+03   1.00392677E+03
  103 1154  5.803876971177383E+03   1.01740623E+03
  104 1158  5.802323891346961E+03   9.93065641E+02
  105 1169  5.799251152586181E+03   6.43965840E+02
  106 1179  5.791054958624732E+03   3.23503112E+03
  107 1196  5.789176679018417E+03   1.22217186E+05
  108 1202  5.786320611550481E+03   5.19620831E+05
  109 1212  5.784509316589582E+03   1.77240104E+06
  110 1235  5.779031334859448E+03   9.03439829E+14
  110 1274  5.779031334859448E+03   9.03439829E+14
  Iteration failed to converge!
Starting an iteration with eps=0.100000, with x0 yielding 262499.999996 probes
  NIT   NF   F                       GTG
    0    1  5.779031338740314E+03   9.03439825E+14
    1    3  5.779031338740313E+03   9.03439825E+14
    2    6  5.779031338740313E+03   9.03439825E+14
    2   44  5.779031338740313E+03   9.03439825E+14
  Iteration failed to converge!
Starting an iteration with eps=0.010000, with x0 yielding 262499.999996 probes
  NIT   NF   F                       GTG
    0    1  5.779031339128400E+03   9.03439825E+14
    1    4  5.779031339128400E+03   9.03439825E+14
    2    5  5.779031339128400E+03   9.03439825E+14
    2   39  5.779031339128400E+03   9.03439825E+14
  Iteration failed to converge!
##############################
Continuous parameter values:
ablv: (1.054845, 42.652057)
achimota: (0.000000, 48.980444)
aedes: (1.510913, 30.333341)
aguacate: (0.000000, 49.999000)
akabane: (2.919336, 49.999000)
alethinophid_reptarenavirus: (0.000000, 43.125853)
allpahuayo: (0.000000, 23.914358)
amapari: (0.000000, 26.779484)
ampv: (1.484387, 49.999000)
andes: (0.287511, 49.999000)
apmv: (3.576235, 49.999000)
apoi: (0.000000, 0.000000)
aravan: (0.000000, 22.564810)
aroa: (0.000000, 49.999000)
arumowot: (0.000000, 21.510551)
aspv: (0.000000, 29.817224)
avian_vornavirus: (0.000000, 0.000000)
b19: (2.076345, 28.323190)
bagaza: (3.272969, 25.894640)
banna: (1.881698, 49.999000)
bat_hepevirus: (0.000000, 23.313994)
bat_sapovirus_tlc58: (0.000000, 0.000000)
bear_canyon: (0.405095, 29.954597)
beilong: (0.000000, 26.118571)
betapapillomavirus_1: (0.983272, 49.999000)
betapapillomavirus_2: (1.034766, 49.999000)
betapapillomavirus_3: (0.012079, 46.856465)
betapapillomavirus_4: (0.000000, 0.000000)
betapapillomavirus_5: (0.000000, 25.828162)
betapapillomavirus_6: (0.000000, 0.000000)
bhanja: (0.000000, 49.990229)
bk: (2.299121, 10.842349)
bokeloh_bat: (0.000000, 13.367697)
borna_disease: (1.379179, 47.464619)
bovine_hepacivirus: (0.903629, 30.136168)
bpv_3: (2.949717, 49.999000)
brazoran: (0.000000, 22.909191)
brsv: (0.000000, 23.062581)
bunyamwera: (2.980161, 49.999000)
california_encephalitis: (4.009168, 49.999000)
candiru: (0.047050, 49.999000)
canine_distemper: (4.462594, 31.025361)
canine_pneumovirus: (0.000000, 21.966829)
cedar: (0.000000, 29.615444)
cell_fusing_agent: (1.815156, 26.425536)
cetacean_morbillivirus: (0.000000, 22.977119)
chandipura: (0.947616, 49.470044)
chaoyang: (1.185029, 28.815676)
chapare: (0.000000, 15.917448)
chikungunya: (3.420983, 31.639341)
colobus_monkey_papillomavirus: (0.000000, 0.000000)
crimean_congo: (6.463178, 49.999000)
ctfv: (0.000000, 48.411207)
cupixi: (0.000000, 13.785277)
cxfv: (2.876507, 30.094865)
dengue: (7.037077, 49.999000)
dobrava_belgrade: (1.459697, 49.999000)
donggang: (0.000000, 17.918000)
dugbe: (0.284073, 29.345650)
duvenhage: (1.038170, 29.891779)
eblv_1: (2.878399, 30.340386)
eblv_2: (1.006304, 31.088617)
ebola_nonzaire: (2.897289, 49.999000)
ebola_zaire_with_2014: (2.839944, 33.541999)
eee: (1.840196, 49.999000)
entebbe_bat: (0.000000, 0.000000)
enterovirus_a: (7.076925, 49.999000)
enterovirus_b: (8.192604, 49.999000)
enterovirus_c: (7.028493, 49.999000)
enterovirus_d: (3.472106, 49.870352)
eyach: (0.000000, 48.860635)
feline_morbillivirus: (2.769206, 30.516048)
fer_de_lance: (0.000000, 48.648458)
fitzroy_river: (0.000000, 15.063348)
flexal: (0.256575, 0.000000)
gairo: (0.000000, 0.000000)
gbv_c: (8.011094, 49.999000)
gemycircularvirus_sl1: (0.983993, 0.000000)
goose_paramyxovirus_sf02: (0.000000, 24.213561)
great_island: (0.525980, 49.999000)
guanarito: (1.999620, 46.499925)
hantaan: (2.656115, 49.999000)
hantavirus_z10: (0.526523, 21.315758)
hbov: (2.032139, 28.497334)
heartland: (1.938682, 29.737634)
hecv_4408: (0.000000, 49.210481)
hendra: (1.261328, 29.909406)
hepatitis_a: (4.196870, 46.623951)
hepatitis_b: (4.999000, 49.999000)
hepatitis_c: (8.999000, 49.999000)
hepatitis_delta: (4.752319, 49.999000)
hepatitis_e: (8.460974, 49.999000)
herpesvirus_1: (1.999552, 49.999000)
herpesvirus_2: (2.910077, 49.999000)
herpesvirus_3: (1.989117, 49.999000)
herpesvirus_4: (3.944744, 49.999000)
herpesvirus_5: (6.144596, 49.999000)
herpesvirus_6: (1.876192, 49.999000)
herpesvirus_7: (1.036775, 49.999000)
herpesvirus_8: (1.013882, 49.999000)
hervk: (1.158709, 23.604499)
hiv1_without_ltr: (7.999000, 49.999000)
hiv2_without_ltr: (5.968877, 49.999000)
hpiv_1: (2.950143, 23.234878)
hpiv_2: (2.199607, 27.108191)
hpiv_3: (3.984854, 34.241915)
hpiv_4: (2.886671, 46.372296)
hpv: (0.000000, 49.999000)
human_coronavirus_229e: (2.798660, 27.382337)
human_coronavirus_hku1: (1.616346, 44.033341)
human_coronavirus_nl63: (1.973043, 40.915410)
human_coronavirus_oc43: (2.744762, 48.108572)
human_genital_associated_circular_dna: (0.000000, 0.000000)
human_picobirnavirus: (0.000000, 0.000000)
human_smacovirus_1: (1.887300, 29.974707)
ikoma: (0.000000, 23.914968)
ilheus: (1.285993, 28.804218)
influenza_a: (7.011280, 49.999000)
influenza_b: (3.093384, 26.938158)
influenza_c: (0.000000, 0.000000)
ippy: (0.000000, 0.000000)
irkut: (0.000000, 29.521670)
j_virus: (0.000000, 21.610259)
jc: (2.277678, 18.779095)
jev: (3.993481, 49.999000)
junin: (2.867713, 30.002984)
kadipiro: (0.000000, 43.449671)
kamiti_river: (0.000000, 26.031425)
kedougou: (0.000000, 0.000000)
kfd: (1.462300, 27.904763)
khujand: (0.000000, 26.281633)
ki_polyomavirus: (0.904688, 0.000000)
kokobera: (0.188562, 49.999000)
lagos_bat: (1.335898, 49.999000)
langat: (0.000000, 23.936432)
lassa: (7.081765, 49.999000)
latino: (0.000000, 24.347039)
lcmv: (1.463531, 49.999000)
leopards_hill: (1.057516, 27.944006)
liao_ning: (0.000000, 43.993813)
lloviu_cuevavirus: (0.000000, 28.126902)
louping_ill: (1.618756, 28.989683)
lujo: (0.000000, 0.000000)
luna: (0.000000, 49.999000)
lunk_nks1: (0.000000, 0.000000)
lyssavirus_ozernoe: (0.000000, 14.494997)
machupo: (0.000000, 24.507802)
mamastrovirus: (4.789906, 49.089544)
manzanilla: (1.859794, 24.865707)
mapuera: (0.000000, 22.476930)
marburg: (3.623425, 49.999000)
mastadenovirus_a: (1.766695, 49.999000)
mastadenovirus_b: (4.932039, 49.999000)
mastadenovirus_c: (3.738687, 49.999000)
mastadenovirus_d: (4.993489, 49.999000)
mayaro: (1.797598, 40.673862)
mcv: (0.999541, 26.963429)
measles: (3.663922, 49.999000)
menangle: (2.008328, 30.186532)
mercadeo: (1.002352, 28.470635)
mers: (1.351177, 49.999000)
metapneumovirus: (4.194841, 37.767053)
mobala: (0.000000, 0.000000)
modoc: (0.000000, 0.000000)
mojiang: (0.000000, 24.832184)
mokola: (0.632222, 49.999000)
montana_myotis_leukoencephalitis: (0.000000, 21.138586)
mopeia: (0.000000, 42.992493)
mopeia_lassa_reassortant_29: (0.537387, 21.409598)
morogoro: (0.000000, 0.000000)
mossman: (0.000000, 26.207573)
mssi2_225: (0.000000, 0.000000)
mumps: (4.163007, 48.519368)
murine_pneumonia: (0.749871, 22.906604)
mvev: (1.585757, 49.999000)
nariva: (0.000000, 23.869727)
ndv: (8.053738, 49.999000)
nipah: (1.778457, 25.590561)
norwalk: (5.953736, 49.999000)
norway_rat_hepacivirus: (0.000000, 27.284157)
ntaya: (0.000000, 26.478958)
o_nyong_nyong: (1.926763, 27.434031)
oliveros: (0.000000, 24.908867)
omsk_hemorrhagiv_fever: (1.412383, 28.979204)
oropouche: (2.592182, 30.106416)
parana: (0.000000, 20.480494)
parramatta_river: (0.000000, 0.000000)
pichinde: (0.664566, 44.355618)
pirital: (0.000000, 48.668783)
piscihepevirus_a: (0.000000, 0.000000)
piv_5: (2.157217, 29.659013)
porcine: (0.000000, 18.754791)
powassan: (2.230617, 17.919573)
ppiv_1: (2.606239, 26.055919)
pprv: (4.730302, 48.532707)
ptlv_1: (2.448429, 48.175469)
ptlv_2: (2.368643, 29.560850)
punta_toro: (2.516785, 49.999000)
puumala: (3.497056, 49.999000)
quang_binh: (0.000000, 43.322691)
razdan: (0.000000, 17.963607)
reptile_bornavirus_1: (0.000000, 0.000000)
rhabdovirus: (7.989418, 49.999000)
rhinovirus_a: (4.108619, 49.999000)
rhinovirus_b: (0.993156, 49.999000)
rift_valley_fever: (3.977364, 30.521081)
rinderpest: (1.870781, 47.923298)
rio_bravo: (0.000000, 14.052066)
rodent_hepacivirus: (0.000000, 0.000000)
rodent_torque_teno: (0.593151, 0.000000)
ross_river: (2.315293, 40.056355)
rotavirus_a: (8.999000, 49.999000)
rotavirus_b: (2.108821, 49.999000)
rotavirus_c: (6.315601, 49.999000)
rotavirus_f: (0.000000, 27.053349)
rotavirus_g: (0.000000, 0.000000)
rotavirus_h: (2.110190, 32.514399)
rotavirus_i: (0.370462, 47.274608)
royal_farm: (0.000000, 49.051860)
rsv: (4.178821, 48.685708)
rubella: (5.003664, 28.419533)
sabia: (0.000000, 28.828556)
salem: (0.000000, 28.556257)
sapporo: (2.611070, 49.999000)
sars: (5.834896, 49.999000)
sathuperi: (1.402297, 46.010655)
seal_anellovirus: (0.000000, 0.000000)
sendai: (1.963382, 49.999000)
seoul: (3.995547, 30.386445)
sepik: (0.000000, 3.357661)
sfnv: (1.902364, 49.999000)
sfsv: (0.104001, 26.362747)
sfts: (4.402523, 29.981839)
shamonda: (0.419183, 49.999000)
shimoni_bat: (0.000000, 17.447006)
shuni: (1.478598, 47.755850)
simbu: (0.000000, 12.491150)
simian_41: (0.000000, 22.907585)
simian_torque_teno: (0.219840, 29.784490)
sin_nombre: (1.962338, 48.924653)
slev: (4.023343, 28.438498)
small_anellovirus: (0.000000, 0.000000)
sosuga: (0.000000, 26.582991)
spanish_goat_encephalitis: (0.000000, 0.000000)
sunshine: (0.000000, 24.850158)
sv40: (0.000000, 24.086903)
tacaribe: (0.000000, 29.700691)
tailam: (0.000000, 28.967378)
tamana_bat: (0.000000, 14.487566)
tamiami: (0.000000, 29.715456)
tbev: (4.955354, 49.067996)
tembusu: (2.991738, 29.840572)
thogoto: (0.251596, 43.756610)
thottapalayam: (3.274427, 43.572768)
tioman: (0.000000, 26.198617)
tlmv: (0.483411, 29.989993)
torque_teno: (3.728958, 49.999000)
torque_teno_canis: (0.402680, 0.000000)
torque_teno_douroucouli: (0.000000, 0.000000)
torque_teno_felis: (1.091958, 14.128291)
torque_teno_midi: (0.140313, 2.885492)
torque_teno_mini: (0.043471, 49.059627)
torque_teno_sus: (2.993136, 49.999000)
torque_teno_tamarin: (0.000000, 0.000000)
torque_teno_zalophus: (0.000000, 0.000000)
tuhoko: (0.000000, 49.999000)
tula: (1.858247, 29.421591)
tupaia: (0.000000, 28.590071)
usutu: (3.050955, 26.005373)
uukuniemi: (1.631112, 49.999000)
vaccinia: (3.450902, 49.999000)
variola: (1.904036, 49.999000)
vee: (3.989907, 49.999000)
vsiv: (2.751007, 25.727231)
wee: (2.049237, 25.975446)
wesselsbron: (0.396699, 30.421628)
west_caucasion_bat: (0.000000, 17.491520)
west_nile: (4.025104, 49.999000)
whitewater_arroyo: (0.000000, 49.999000)
wu_polyomavirus: (1.672579, 3.509877)
yellow_fever: (4.840799, 49.999000)
yokose: (0.000000, 0.000000)
ypv: (0.000000, 14.417896)
zika: (0.511690, 0.000000)
zygosaccharomyces_bailii_z: (0.000000, 0.000000)
TOTAL INTERPOLATED PROBE COUNT: 262499.999996
##############################

##############################
Rounded parameter values:
ablv: (1, 50)
achimota: (0, 50)
aedes: (1, 30)
aguacate: (0, 50)
akabane: (3, 50)
alethinophid_reptarenavirus: (0, 50)
allpahuayo: (0, 30)
amapari: (0, 30)
ampv: (1, 50)
andes: (0, 50)
apmv: (4, 50)
apoi: (0, 0)
aravan: (0, 0)
aroa: (0, 50)
arumowot: (0, 0)
aspv: (0, 30)
avian_vornavirus: (0, 0)
b19: (2, 30)
bagaza: (4, 30)
banna: (2, 50)
bat_hepevirus: (0, 30)
bat_sapovirus_tlc58: (0, 0)
bear_canyon: (1, 30)
beilong: (0, 30)
betapapillomavirus_1: (1, 50)
betapapillomavirus_2: (1, 50)
betapapillomavirus_3: (0, 50)
betapapillomavirus_4: (0, 0)
betapapillomavirus_5: (0, 30)
betapapillomavirus_6: (0, 0)
bhanja: (0, 50)
bk: (3, 10)
bokeloh_bat: (0, 0)
borna_disease: (1, 50)
bovine_hepacivirus: (1, 30)
bpv_3: (3, 50)
brazoran: (0, 30)
brsv: (0, 30)
bunyamwera: (3, 50)
california_encephalitis: (4, 50)
candiru: (0, 50)
canine_distemper: (5, 30)
canine_pneumovirus: (0, 30)
cedar: (0, 30)
cell_fusing_agent: (2, 30)
cetacean_morbillivirus: (0, 30)
chandipura: (1, 50)
chaoyang: (2, 30)
chapare: (0, 0)
chikungunya: (4, 30)
colobus_monkey_papillomavirus: (0, 0)
crimean_congo: (6, 50)
ctfv: (0, 50)
cupixi: (0, 0)
cxfv: (3, 30)
dengue: (7, 50)
dobrava_belgrade: (2, 50)
donggang: (0, 0)
dugbe: (0, 30)
duvenhage: (1, 30)
eblv_1: (3, 30)
eblv_2: (1, 30)
ebola_nonzaire: (3, 50)
ebola_zaire_with_2014: (3, 40)
eee: (2, 50)
entebbe_bat: (0, 0)
enterovirus_a: (7, 50)
enterovirus_b: (7, 50)
enterovirus_c: (7, 50)
enterovirus_d: (4, 50)
eyach: (0, 50)
feline_morbillivirus: (3, 30)
fer_de_lance: (0, 50)
fitzroy_river: (0, 0)
flexal: (1, 0)
gairo: (0, 0)
gbv_c: (7, 50)
gemycircularvirus_sl1: (1, 0)
goose_paramyxovirus_sf02: (0, 30)
great_island: (1, 50)
guanarito: (2, 50)
hantaan: (3, 50)
hantavirus_z10: (0, 30)
hbov: (2, 30)
heartland: (2, 30)
hecv_4408: (0, 50)
hendra: (1, 30)
hepatitis_a: (5, 50)
hepatitis_b: (5, 50)
hepatitis_c: (7, 50)
hepatitis_delta: (5, 50)
hepatitis_e: (7, 50)
herpesvirus_1: (2, 50)
herpesvirus_2: (3, 50)
herpesvirus_3: (2, 50)
herpesvirus_4: (4, 50)
herpesvirus_5: (7, 50)
herpesvirus_6: (2, 50)
herpesvirus_7: (1, 50)
herpesvirus_8: (2, 50)
hervk: (1, 30)
hiv1_without_ltr: (7, 50)
hiv2_without_ltr: (6, 50)
hpiv_1: (3, 30)
hpiv_2: (2, 30)
hpiv_3: (4, 40)
hpiv_4: (3, 50)
hpv: (0, 50)
human_coronavirus_229e: (3, 30)
human_coronavirus_hku1: (2, 50)
human_coronavirus_nl63: (2, 50)
human_coronavirus_oc43: (3, 50)
human_genital_associated_circular_dna: (0, 0)
human_picobirnavirus: (0, 0)
human_smacovirus_1: (2, 30)
ikoma: (0, 0)
ilheus: (2, 30)
influenza_a: (7, 50)
influenza_b: (4, 30)
influenza_c: (0, 0)
ippy: (0, 0)
irkut: (0, 30)
j_virus: (0, 30)
jc: (2, 20)
jev: (4, 50)
junin: (3, 30)
kadipiro: (0, 50)
kamiti_river: (0, 30)
kedougou: (0, 0)
kfd: (2, 30)
khujand: (0, 0)
ki_polyomavirus: (1, 0)
kokobera: (0, 50)
lagos_bat: (2, 50)
langat: (0, 30)
lassa: (7, 50)
latino: (0, 30)
lcmv: (2, 50)
leopards_hill: (1, 30)
liao_ning: (0, 50)
lloviu_cuevavirus: (0, 30)
louping_ill: (2, 30)
lujo: (0, 0)
luna: (0, 50)
lunk_nks1: (0, 0)
lyssavirus_ozernoe: (0, 0)
machupo: (0, 30)
mamastrovirus: (5, 50)
manzanilla: (2, 30)
mapuera: (0, 30)
marburg: (4, 50)
mastadenovirus_a: (2, 50)
mastadenovirus_b: (5, 50)
mastadenovirus_c: (4, 50)
mastadenovirus_d: (5, 50)
mayaro: (2, 50)
mcv: (1, 30)
measles: (4, 50)
menangle: (2, 30)
mercadeo: (1, 30)
mers: (2, 50)
metapneumovirus: (5, 40)
mobala: (0, 0)
modoc: (0, 0)
mojiang: (0, 30)
mokola: (1, 50)
montana_myotis_leukoencephalitis: (0, 0)
mopeia: (0, 50)
mopeia_lassa_reassortant_29: (1, 30)
morogoro: (0, 0)
mossman: (0, 30)
mssi2_225: (0, 0)
mumps: (5, 50)
murine_pneumonia: (1, 30)
mvev: (2, 50)
nariva: (0, 30)
ndv: (7, 50)
nipah: (2, 30)
norwalk: (6, 50)
norway_rat_hepacivirus: (0, 30)
ntaya: (0, 30)
o_nyong_nyong: (2, 30)
oliveros: (0, 30)
omsk_hemorrhagiv_fever: (2, 30)
oropouche: (3, 30)
parana: (0, 30)
parramatta_river: (0, 0)
pichinde: (1, 50)
pirital: (0, 50)
piscihepevirus_a: (0, 0)
piv_5: (2, 30)
porcine: (0, 0)
powassan: (3, 20)
ppiv_1: (2, 30)
pprv: (5, 50)
ptlv_1: (2, 50)
ptlv_2: (3, 30)
punta_toro: (3, 50)
puumala: (4, 50)
quang_binh: (0, 50)
razdan: (0, 0)
reptile_bornavirus_1: (0, 0)
rhabdovirus: (7, 50)
rhinovirus_a: (5, 50)
rhinovirus_b: (1, 50)
rift_valley_fever: (4, 30)
rinderpest: (2, 50)
rio_bravo: (0, 20)
rodent_hepacivirus: (0, 0)
rodent_torque_teno: (1, 0)
ross_river: (3, 30)
rotavirus_a: (8, 50)
rotavirus_b: (3, 50)
rotavirus_c: (6, 50)
rotavirus_f: (0, 30)
rotavirus_g: (0, 0)
rotavirus_h: (3, 30)
rotavirus_i: (1, 50)
royal_farm: (0, 50)
rsv: (5, 50)
rubella: (5, 30)
sabia: (0, 30)
salem: (0, 30)
sapporo: (3, 50)
sars: (6, 50)
sathuperi: (2, 50)
seal_anellovirus: (0, 0)
sendai: (2, 50)
seoul: (4, 30)
sepik: (0, 0)
sfnv: (2, 50)
sfsv: (0, 30)
sfts: (5, 30)
shamonda: (1, 50)
shimoni_bat: (0, 0)
shuni: (2, 50)
simbu: (0, 0)
simian_41: (0, 30)
simian_torque_teno: (1, 30)
sin_nombre: (2, 50)
slev: (4, 30)
small_anellovirus: (0, 0)
sosuga: (0, 30)
spanish_goat_encephalitis: (0, 0)
sunshine: (0, 30)
sv40: (0, 20)
tacaribe: (0, 30)
tailam: (0, 30)
tamana_bat: (0, 0)
tamiami: (0, 30)
tbev: (5, 50)
tembusu: (3, 30)
thogoto: (0, 50)
thottapalayam: (4, 50)
tioman: (0, 30)
tlmv: (1, 30)
torque_teno: (4, 50)
torque_teno_canis: (1, 0)
torque_teno_douroucouli: (0, 0)
torque_teno_felis: (2, 0)
torque_teno_midi: (0, 0)
torque_teno_mini: (1, 50)
torque_teno_sus: (3, 50)
torque_teno_tamarin: (0, 0)
torque_teno_zalophus: (0, 0)
tuhoko: (0, 50)
tula: (2, 30)
tupaia: (0, 30)
usutu: (3, 30)
uukuniemi: (2, 50)
vaccinia: (4, 50)
variola: (2, 50)
vee: (4, 50)
vsiv: (3, 30)
wee: (2, 30)
wesselsbron: (1, 30)
west_caucasion_bat: (0, 0)
west_nile: (5, 50)
whitewater_arroyo: (0, 50)
wu_polyomavirus: (2, 0)
yellow_fever: (5, 50)
yokose: (0, 0)
ypv: (0, 0)
zika: (1, 0)
zygosaccharomyces_bailii_z: (0, 0)
TOTAL PROBE COUNT: 262498
##############################
