Sender: LSF System <lsf@node1965>
Subject: Job 6209722: <python -u ../../scripts/find_optimal_params.py -i ./ --max_probe_count 700000 -o ../2015-10_params/count_700000.params> in cluster <cromwell> Done

Job <python -u ../../scripts/find_optimal_params.py -i ./ --max_probe_count 700000 -o ../2015-10_params/count_700000.params> was submitted from host <silver> by user <hmetsky> in cluster <cromwell>.
Job was executed on host(s) <node1965>, in queue <week>, as user <hmetsky> in cluster <cromwell>.
</home/unix/hmetsky> was used as the home directory.
</home/unix/hmetsky/viral/viral-work/results/hybsel_design/viral-probe-set_all-human-host-viruses/2015-10> was used as the working directory.
Started at Thu Jan  7 16:16:00 2016
Results reported on Fri Jan  8 04:53:32 2016

Your job looked like:

------------------------------------------------------------
# LSBATCH: User input
python -u ../../scripts/find_optimal_params.py -i ./ --max_probe_count 700000 -o ../2015-10_params/count_700000.params
------------------------------------------------------------

Successfully completed.

Resource usage summary:

    CPU time :               43696.71 sec.
    Max Memory :             1939 MB
    Average Memory :         1923.55 MB
    Total Requested Memory : 8592.00 MB
    Delta Memory :           6653.00 MB
    (Delta: the difference between Total Requested Memory and Max Memory.)
    Max Processes :          6
    Max Threads :            7

The output (if any) follows:

Starting an iteration with eps=10.000000, with x0 yielding 373342.500000 probes
  NIT   NF   F                       GTG
    0    1  1.468203489206811E+04   4.11623165E+04
    1   15  3.693193594370910E+03   4.69953322E+04
    2   22  3.416089865851969E+03   8.04933616E+06
    3   26  2.946662999739744E+03   7.61727236E+05
    4   41  2.943413738594743E+03   1.49898312E+06
    5   53  2.923880795223346E+03   7.14445991E+06
    6  110  2.911516773153543E+03   2.09584333E+07
    7  114  2.891671236656227E+03   4.22851783E+05
    8  129  2.876682581577448E+03   2.60832015E+06
    9  210  2.858358296484596E+03   1.24603680E+07
   10  268  2.825603199590057E+03   2.87345516E+07
   11  326  2.440610630520374E+03   8.82537982E+06
   12  330  2.100539563154523E+03   8.82719720E+05
   13  337  2.095667230927593E+03   8.68901495E+05
   14  342  2.094712422724319E+03   8.65626157E+05
   15  347  2.085905334360124E+03   8.41906931E+05
   16  352  2.084949853818056E+03   8.39425858E+05
   17  357  2.084427968660456E+03   8.37907920E+05
   18  362  2.084272651702004E+03   8.37481744E+05
   19  370  2.084271889890849E+03   8.37478771E+05
   20  375  2.084266941469280E+03   8.37465845E+05
   21  380  2.084241950473737E+03   8.37388807E+05
   22  390  2.084238372629614E+03   8.37376212E+05
   23  396  2.083707945405936E+03   8.36082762E+05
   24  401  2.083686794421539E+03   8.36023226E+05
   25  411  2.083685943286949E+03   8.36020074E+05
   26  417  2.083684834193066E+03   8.36016474E+05
   27  424  2.083684535169145E+03   8.36015695E+05
   28  430  2.083683175044390E+03   8.36010879E+05
   29  435  2.083682246928892E+03   8.36008369E+05
   30  441  2.083681150319356E+03   8.36005816E+05
   31  446  2.083680950045573E+03   8.36005228E+05
   32  450  2.083680904562296E+03   8.36004944E+05
   33  455  2.083680890714435E+03   8.36004903E+05
   34  459  2.083680723135117E+03   8.36004030E+05
   35  462  2.083680712950687E+03   8.36005881E+05
   36  468  2.083680344601401E+03   8.36004666E+05
   37  473  2.083663211973476E+03   8.35953242E+05
   38  482  2.083656320873547E+03   8.35928310E+05
   39  488  2.083655744331384E+03   8.35926339E+05
   40  500  2.083652884799655E+03   8.35914531E+05
   41  505  2.083652876342618E+03   8.35914507E+05
   42  510  2.083652453425729E+03   8.35913129E+05
   43  514  2.083651527422238E+03   8.35907363E+05
   44  519  2.083649763808331E+03   8.35902489E+05
   45  523  2.083649373461772E+03   8.35900807E+05
   46  528  2.083649312311261E+03   8.35900639E+05
   47  532  2.083648927489616E+03   8.35898340E+05
   48  538  2.083648528614350E+03   8.35897486E+05
   49  543  2.083648444919244E+03   8.35897280E+05
   50  549  2.083647920798635E+03   8.35895759E+05
   51  556  2.083632376494500E+03   8.35847929E+05
   52  561  2.083625833027011E+03   8.35827714E+05
   53  572  2.083625785586054E+03   8.35827511E+05
   54  577  2.083625290174125E+03   8.35826036E+05
   55  582  2.083621782644920E+03   8.35815794E+05
   56  587  2.083621064862292E+03   8.35813400E+05
   57  592  2.083589275086533E+03   8.35722231E+05
   58  597  2.083522132345640E+03   8.35542776E+05
   59  602  2.083064838789405E+03   8.34182606E+05
   60  608  2.083042853063673E+03   8.34131069E+05
   61  613  2.083041225841984E+03   8.34126128E+05
   62  616  2.083038778591940E+03   8.34552484E+05
   63  620  2.083017018990784E+03   8.34453806E+05
   64  623  2.083016807353012E+03   8.34490509E+05
   65  628  2.083016067999230E+03   8.34488551E+05
   66  636  2.083015172896270E+03   8.34485436E+05
   67  640  2.083015166663091E+03   8.34485401E+05
   68  645  2.083013073095590E+03   8.34479175E+05
   69  652  2.083010606444340E+03   8.34470380E+05
   70  657  2.083010242518998E+03   8.34469321E+05
   71  663  2.083010094043284E+03   8.34468850E+05
   72  668  2.082985637342198E+03   8.34440969E+05
   73  673  2.082985368348558E+03   8.34440312E+05
   74  682  2.082985255268038E+03   8.34440034E+05
   75  692  2.082984648242709E+03   8.34438678E+05
   76  701  2.082984647061306E+03   8.34438675E+05
   77  708  2.082984642365609E+03   8.34438664E+05
   78  717  2.082984639663973E+03   8.34438658E+05
   79  724  2.082984639034665E+03   8.34438657E+05
   80  734  2.082984613694116E+03   8.34438629E+05
   81  743  2.082984606739970E+03   8.34438612E+05
   82  750  2.082984588471374E+03   8.34438561E+05
   83  757  2.082984582639032E+03   8.34438547E+05
   84  766  2.082984580837568E+03   8.34438542E+05
   85  775  2.082984567791667E+03   8.34438514E+05
   86  785  2.082984552763809E+03   8.34438485E+05
   87  794  2.082984523313686E+03   8.34438443E+05
   88  803  2.082983651164395E+03   8.34435954E+05
   89  810  2.082982655065124E+03   8.34433373E+05
   90  821  2.082982306679923E+03   8.34432951E+05
   91  830  2.082981608485001E+03   8.34431652E+05
   92  838  2.082981575960604E+03   8.34431556E+05
   93  848  2.082981568047284E+03   8.34431535E+05
   94  856  2.082981567841291E+03   8.34431535E+05
   95  866  2.082981567762833E+03   8.34431534E+05
   96  876  2.082981509966969E+03   8.34431444E+05
   97  885  2.082981453532275E+03   8.34431328E+05
   98  895  2.082979458256860E+03   8.34427263E+05
   99  906  2.082976199243649E+03   8.34421905E+05
  100  915  2.082828534426383E+03   8.34183294E+05
  101  924  2.082442600667007E+03   8.33611029E+05
  102  933  2.082334854034711E+03   8.33268996E+05
  103  943  2.081967565298310E+03   8.32663199E+05
  104  960  2.081466512894079E+03   8.32112589E+05
  105  970  2.080144430434817E+03   8.29954208E+05
  106  980  2.079373766313007E+03   8.28097165E+05
  107  988  2.077864558110052E+03   8.23087036E+05
  108  998  2.067050336256096E+03   8.00681807E+05
  109 1005  2.060495520401869E+03   7.85072194E+05
  110 1014  2.051896027586916E+03   7.70007354E+05
  111 1024  2.046064129803619E+03   7.61847941E+05
  112 1033  2.039364467321947E+03   7.48497699E+05
  113 1040  2.037410968821970E+03   7.44153884E+05
  114 1047  2.036035707689184E+03   7.39805642E+05
  115 1055  2.035601922695919E+03   7.38715438E+05
  116 1066  2.032991278380976E+03   7.35431268E+05
  117 1075  2.030262497718786E+03   7.29982390E+05
  118 1084  2.027025580670307E+03   7.20809565E+05
  119 1093  2.026116681514502E+03   7.19321048E+05
  120 1102  2.024456726660000E+03   7.17239074E+05
  121 1109  2.021489150895314E+03   7.11078403E+05
  122 1114  2.019359619259916E+03   7.05482312E+05
  123 1117  2.016638189727100E+03   1.65682223E+06
  124 1168  2.013361099324666E+03   1.56611320E+06
  125 1219  1.987710397960599E+03   1.29485801E+06
  126 1237  1.981396860903233E+03   1.26432681E+06
  127 1239  1.980581886025726E+03   1.26647925E+06
  128 1242  1.963377388013136E+03   1.23465434E+06
  129 1245  1.952834248055080E+03   1.09933080E+06
  130 1250  1.950122188426846E+03   1.08447093E+06
  131 1255  1.931112949148279E+03   1.14547233E+06
  132 1259  1.925538616066955E+03   9.25129780E+05
  133 1264  1.925419607709706E+03   9.24676876E+05
  134 1267  1.924890634375806E+03   5.37371157E+05
  135 1278  1.858156542093596E+03   3.34645450E+06
  136 1288  1.845700009355566E+03   3.86020593E+06
  137 1339  1.811809745256868E+03   4.28835352E+06
  138 1390  1.740384963397731E+03   4.41862418E+05
  139 1393  1.702266224142923E+03   3.40594960E+05
  140 1397  1.634797482511775E+03   8.78232841E+05
  141 1403  1.593701516151326E+03   6.59582839E+05
  142 1407  1.589500574602198E+03   6.44697930E+05
  143 1411  1.585725661517631E+03   6.34204619E+05
  144 1415  1.565887713723195E+03   5.43060552E+05
  145 1419  1.561616281105206E+03   5.33820795E+05
  146 1423  1.559362083930320E+03   5.28534092E+05
  147 1427  1.540680204834466E+03   5.25839396E+05
  148 1432  1.528433211788210E+03   4.87974202E+05
  149 1439  1.513932725601108E+03   4.50813769E+05
  150 1444  1.481027580802659E+03   7.66940528E+05
  151 1448  1.389332479831694E+03   1.79361659E+05
  152 1452  1.377365557829070E+03   1.69944012E+05
  153 1457  1.368615402487955E+03   1.65153346E+05
  154 1462  1.315149634792509E+03   9.09056439E+05
  155 1467  1.301986465982800E+03   8.28092000E+05
  156 1472  1.266005974863181E+03   4.57394245E+05
  157 1476  1.263129780115991E+03   4.66281508E+05
  158 1482  1.259756353016855E+03   4.01901579E+05
  159 1487  1.252983674150971E+03   3.87418519E+05
  160 1492  1.240206237970282E+03   2.96644747E+05
  161 1498  1.224914314921282E+03   2.84153026E+05
  162 1503  1.223768238268371E+03   2.80562529E+05
  163 1508  1.210480310878465E+03   2.53003393E+05
  164 1513  1.193080162603899E+03   2.18872078E+05
  165 1519  1.192056028601889E+03   2.17494218E+05
  166 1527  1.187483607355683E+03   2.18045141E+05
  167 1545  1.184996896051440E+03   2.17083049E+05
  168 1549  1.183303019850562E+03   1.88060994E+05
  169 1553  1.181291104663559E+03   1.87220852E+05
  170 1557  1.174660775757329E+03   1.82567084E+05
  171 1561  1.168574138377585E+03   1.86064746E+05
  172 1565  1.163310389426504E+03   1.78913416E+05
  173 1569  1.159818093016709E+03   1.74724621E+05
  174 1574  1.157776631811763E+03   1.75008389E+05
  175 1578  1.150757736364056E+03   1.74354062E+05
  176 1582  1.144636893695293E+03   1.77423254E+05
  177 1586  1.143642177120556E+03   1.76290024E+05
  178 1590  1.136298784798043E+03   1.79200424E+05
  179 1594  1.128168641171650E+03   1.64683099E+05
  180 1598  1.123376096020180E+03   1.61239354E+05
  181 1602  1.121460101012769E+03   1.59779385E+05
  182 1606  1.117944673195394E+03   1.56426867E+05
  183 1610  1.109292376407029E+03   1.42606030E+05
  184 1614  1.105221052534813E+03   1.39986793E+05
  185 1624  1.104996460241982E+03   1.40114500E+05
  186 1630  1.104650082252635E+03   1.39586308E+05
  187 1634  1.103792683973456E+03   1.39338599E+05
  188 1638  1.103774859431622E+03   1.39304218E+05
  189 1642  1.103092640116898E+03   1.39032935E+05
  190 1645  1.096276593849095E+03   7.00482525E+04
  191 1649  1.095907491346923E+03   6.99173072E+04
  192 1653  1.087750335548993E+03   6.79832545E+04
  193 1657  1.077815227126181E+03   5.38252976E+04
  194 1661  1.077284764045224E+03   5.31120524E+04
  195 1665  1.075777988524782E+03   5.25042089E+04
  196 1669  1.073165941279009E+03   5.17121256E+04
  197 1674  1.071434009541162E+03   5.15341603E+04
  198 1678  1.071351159351470E+03   5.14936349E+04
  199 1682  1.062905354735166E+03   5.01407933E+04
  200 1687  1.058746079303095E+03   5.11927190E+04
  201 1691  1.058504707764219E+03   5.11387041E+04
  202 1695  1.056036926881366E+03   5.11545759E+04
  203 1700  1.049711072594050E+03   6.34044254E+04
  204 1704  1.047620854393967E+03   6.34072587E+04
  205 1708  1.047303108842277E+03   6.32554596E+04
  206 1712  1.041333519492080E+03   5.95743538E+04
  207 1716  1.039096427864540E+03   5.41457232E+04
  208 1722  1.038363951276334E+03   5.69138685E+04
  209 1725  1.036591661835469E+03   4.45626427E+04
  210 1729  1.036293550311913E+03   4.44467201E+04
  211 1733  1.032821112965756E+03   4.38834512E+04
  212 1737  1.031026074822805E+03   4.35716258E+04
  213 1749  1.028961945554947E+03   4.41498144E+04
  214 1753  1.028903954983860E+03   4.41292760E+04
  215 1757  1.027175039853426E+03   4.39930263E+04
  216 1761  1.026854061025510E+03   4.39366151E+04
  217 1765  1.024047200940117E+03   4.33179820E+04
  218 1771  1.023868210819648E+03   4.33164567E+04
  219 1774  1.019646416806522E+03   2.72707321E+04
  220 1783  9.843015277591538E+02   9.53555561E+04
  221 1793  9.633507553323111E+02   8.29102169E+05
  222 1798  9.404993006762249E+02   4.91926190E+05
  223 1816  9.147166332868657E+02   2.24521357E+06
  224 1820  8.644556780383363E+02   4.04526784E+06
  225 1825  7.990769029845246E+02   1.83932563E+05
  226 1838  7.668838597916745E+02   7.35428170E+05
  227 1843  7.246265113942035E+02   1.18188380E+04
  228 1849  6.849195108021065E+02   1.42612678E+04
  229 1852  6.604746476301684E+02   7.15515779E+03
  230 1856  6.572015170796374E+02   6.89175951E+03
  231 1861  6.414927412222148E+02   7.64371358E+03
  232 1866  6.183008187502089E+02   3.41010586E+03
  233 1871  5.868903918453734E+02   2.13676468E+03
  234 1881  5.765450698639461E+02   1.92328832E+03
  235 1885  5.713139494669396E+02   1.63838481E+03
  236 1893  5.563371384808543E+02   3.97508401E+03
  237 1903  5.532886690513694E+02   3.85740586E+03
  238 1914  5.514748474297178E+02   3.76770697E+03
  239 1919  5.490144488396290E+02   3.49485265E+03
  240 1928  5.442628792295302E+02   3.47268388E+03
  241 1941  5.393613514880927E+02   3.29266865E+03
  242 1947  5.390772786967927E+02   3.22284840E+03
  243 1952  5.389003652856904E+02   3.19363407E+03
  244 1957  5.383233872909789E+02   3.07959716E+03
  245 1962  5.378222060659522E+02   2.97250888E+03
  246 1968  5.357501699336017E+02   2.81986555E+03
  247 1973  5.351064550101356E+02   2.70359905E+03
  248 1983  5.328523554310535E+02   2.58310339E+03
  249 1988  5.318976350873138E+02   2.25603285E+03
  250 1996  5.315065308477515E+02   2.24504330E+03
  251 2005  5.313705485858792E+02   2.24102739E+03
  252 2014  5.298482157794938E+02   2.17235605E+03
  253 2024  5.292004675131163E+02   2.14378381E+03
  254 2032  5.288905413377635E+02   2.13191000E+03
  255 2043  5.278864019875834E+02   1.35642589E+03
  256 2047  5.278506582505723E+02   1.34883429E+03
  257 2056  5.274353863219801E+02   1.34309702E+03
  258 2065  5.267703332525671E+02   1.33271882E+03
  259 2069  5.263283223436104E+02   1.91175137E+03
  260 2077  5.261118775978024E+02   1.26488717E+03
  261 2087  5.260675744171810E+02   1.26415012E+03
  262 2096  5.259084281712600E+02   1.26192391E+03
  263 2107  5.258456936088960E+02   1.26131641E+03
  264 2116  5.253643803353121E+02   1.25179639E+03
  265 2120  5.253450596958247E+02   1.24832924E+03
  266 2141  5.240663425359274E+02   1.24062816E+03
  267 2148  5.234236766749718E+02   1.21245771E+03
  268 2158  5.227629799870647E+02   1.20053790E+03
  269 2167  5.219324638901860E+02   1.18186095E+03
  270 2176  5.210634662073843E+02   1.15621852E+03
  271 2180  5.209538073245817E+02   1.13356250E+03
  272 2189  5.198789564695041E+02   1.11193815E+03
  273 2202  5.193166881245293E+02   1.11047157E+03
  274 2217  5.188949934147304E+02   1.10785798E+03
  275 2225  5.187930547130215E+02   1.10636043E+03
  276 2230  5.185175481832403E+02   1.09467917E+03
  277 2240  5.171946104136625E+02   1.07073341E+03
  278 2250  5.166801791724256E+02   1.06130168E+03
  279 2254  5.166430514715991E+02   1.05502372E+03
  280 2263  5.164144714792432E+02   1.05123889E+03
  281 2272  5.162950151088198E+02   1.04876663E+03
  282 2280  5.160884742222570E+02   1.04750069E+03
  283 2287  5.160143910457829E+02   1.04613329E+03
  284 2290  5.154520550988312E+02   9.09897988E+02
  285 2297  5.153004856489090E+02   9.07801156E+02
  286 2304  5.144184247609579E+02   8.94568281E+02
  287 2320  5.133299483191099E+02   8.78601055E+02
  288 2326  5.130931623961402E+02   8.64494783E+02
  289 2332  5.129601115981595E+02   8.57340537E+02
  290 2338  5.127833995799670E+02   8.49018439E+02
  291 2344  5.126358662329155E+02   8.41935405E+02
  292 2351  5.125206079531064E+02   8.38625126E+02
  293 2358  5.124557306997029E+02   8.36763175E+02
  294 2365  5.123854276049499E+02   8.35269305E+02
  295 2371  5.122437398142959E+02   8.31487088E+02
  296 2378  5.120037703556176E+02   8.28788328E+02
  297 2384  5.119881487558890E+02   8.28385651E+02
  298 2390  5.116742868264670E+02   8.19060042E+02
  299 2396  5.116164400596813E+02   8.17383821E+02
  300 2409  5.110812037519295E+02   8.08011080E+02
  301 2415  5.109982895909843E+02   8.04795067E+02
  302 2421  5.109774606627155E+02   8.04108450E+02
  303 2428  5.107359480407837E+02   7.99509880E+02
  304 2440  5.107008804574187E+02   7.99115906E+02
  305 2447  5.105550590359232E+02   7.96679612E+02
  306 2453  5.103027222761007E+02   7.86083736E+02
  307 2459  5.102452062676235E+02   7.84168864E+02
  308 2465  5.102269268376172E+02   7.83717782E+02
  309 2471  5.101322405527214E+02   7.81188259E+02
  310 2477  5.101269449335494E+02   7.80996236E+02
  310 2500  5.101269449335494E+02   7.80996236E+02
  Iteration failed to converge!
Starting an iteration with eps=1.000000, with x0 yielding 695916.593250 probes
  NIT   NF   F                       GTG
    0    1  5.849613308663697E+02   6.91182135E+02
    1    9  5.796456214576524E+02   5.29492027E+02
    2   12  5.770301751860178E+02   2.59872746E+03
    3   16  5.769745494048559E+02   2.60171166E+03
    4   20  5.769153989505058E+02   2.60666742E+03
    5   24  5.759307407165303E+02   2.73738997E+03
    6   29  5.743958985856274E+02   2.69512856E+03
    7   33  5.741121901731838E+02   2.72865188E+03
    8   38  5.728220012188654E+02   2.69065739E+03
    9   42  5.726550055448504E+02   2.70891752E+03
   10   47  5.723949814253161E+02   2.70064829E+03
   11   51  5.713685569202524E+02   2.74451347E+03
   12   55  5.707167854401681E+02   2.82487089E+03
   13   60  5.691805165380216E+02   2.64399364E+03
   14   64  5.690876180854464E+02   2.65143869E+03
   15   68  5.686918006529939E+02   2.70228628E+03
   16   73  5.683665217827388E+02   2.69053096E+03
   17   77  5.672262446735140E+02   2.82734550E+03
   18   81  5.668780364623747E+02   2.87400047E+03
   19   85  5.658101472530298E+02   3.09915300E+03
   20   91  5.643718492728390E+02   3.19399476E+03
   21   95  5.636721344360002E+02   3.26815459E+03
   22   99  5.628059589704350E+02   3.44346720E+03
   23  104  5.624265297622009E+02   3.42283428E+03
   24  109  5.616234527312887E+02   3.37872058E+03
   25  114  5.601869486123171E+02   3.29396786E+03
   26  119  5.563811093116660E+02   3.07135128E+03
   27  124  5.562919032898637E+02   3.06630245E+03
   28  129  5.562206513441386E+02   3.06204829E+03
   29  133  5.553802356823101E+02   3.27010310E+03
   30  138  5.545322312216393E+02   3.21231002E+03
   31  143  5.538743176508808E+02   3.21944737E+03
   32  150  5.522921732017104E+02   3.02921284E+03
   33  155  5.517950630539789E+02   2.99050489E+03
   34  160  5.505843668251986E+02   2.91161480E+03
   35  165  5.494500001396386E+02   2.83852117E+03
   36  170  5.477838500361539E+02   2.63351301E+03
   37  175  5.457779167218575E+02   2.51420785E+03
   38  180  5.448609647076395E+02   2.26691238E+03
   39  187  5.436300432203598E+02   4.54132252E+03
   40  191  5.433012713391356E+02   4.52223883E+03
   41  197  5.430243076178094E+02   4.45477823E+03
   42  205  5.429777523314159E+02   4.44376322E+03
   43  208  5.419259853405489E+02   4.34287572E+03
   44  211  5.407159889910229E+02   3.29700289E+03
   45  216  5.363201452386174E+02   3.02127815E+03
   46  222  5.360816529337163E+02   3.02715965E+03
   47  224  5.360627698237425E+02   2.98453267E+03
   48  230  5.352424241874400E+02   2.64932486E+03
   49  235  5.322016021348287E+02   1.87797103E+03
   50  240  5.316968325345903E+02   1.94890596E+03
   51  246  5.311497486603697E+02   1.94378081E+03
   52  254  5.310418394107833E+02   1.94032557E+03
   53  259  5.308487859262332E+02   1.93459579E+03
   54  265  5.298660536406956E+02   1.93676957E+03
   55  270  5.294468203896305E+02   2.00183546E+03
   56  278  5.291066541617173E+02   1.98921954E+03
   57  288  5.289798388127764E+02   1.98791471E+03
   58  294  5.289501125629046E+02   1.99051470E+03
   59  300  5.288249929296413E+02   2.00142715E+03
   60  308  5.263952596619229E+02   1.27576534E+03
   61  313  5.249696928184397E+02   1.14478261E+03
   62  320  5.235782711560637E+02   1.11691812E+03
   63  328  5.225193570630631E+02   1.11818875E+03
   64  337  5.224208574430902E+02   1.11871594E+03
   65  343  5.209268760972476E+02   1.22677226E+03
   66  349  5.203126918499605E+02   1.27024685E+03
   67  356  5.200724007402229E+02   1.27014055E+03
   68  364  5.192791282987655E+02   1.25699033E+03
   69  370  5.187220544851871E+02   1.26229321E+03
   70  377  5.179835741770924E+02   2.06484767E+03
   71  382  5.166580854043292E+02   2.09234244E+03
   72  387  5.161489986126239E+02   2.19291289E+03
   73  404  5.145799260039895E+02   2.17331348E+03
   74  413  5.138612998127112E+02   2.17357740E+03
   75  424  5.120892404580210E+02   2.07133567E+03
   76  434  5.118960975053650E+02   2.07228161E+03
   77  441  5.105681421456047E+02   1.97301745E+03
   78  450  5.103139062319547E+02   1.99115116E+03
   79  459  5.075133064470739E+02   1.71501380E+03
   80  472  5.068750529537402E+02   2.08604993E+03
   81  478  5.014240861191063E+02   4.48243777E+02
   82  486  4.981806427096096E+02   7.05312280E+02
   83  493  4.973757394585627E+02   7.25851107E+02
   84  519  4.962371973581568E+02   1.41789202E+04
   85  525  4.928763732031302E+02   1.03718995E+04
   86  531  4.926354893574369E+02   1.02527509E+04
   87  540  4.911065829258350E+02   8.06534365E+03
   88  549  4.905806103960138E+02   8.25798563E+03
   89  558  4.884685882403751E+02   9.14673845E+03
   90  565  4.860538989165468E+02   8.90798788E+03
   91  572  4.856112628391756E+02   8.35402321E+03
   92  579  4.844657829615969E+02   1.47365902E+04
   93  589  4.838087660919222E+02   4.25687938E+04
   94  595  4.837050118903978E+02   4.19440926E+04
   95  626  4.835065718240288E+02   4.13281830E+04
   96  630  4.821172295976376E+02   8.32388102E+02
   97  642  4.798658904302172E+02   7.52454452E+02
   98  649  4.798453090733282E+02   7.51777705E+02
   99  657  4.791228094720829E+02   7.59747754E+02
  100  667  4.786646561236732E+02   7.32972628E+02
  101  676  4.782071083997598E+02   7.23334879E+02
  102  685  4.781003269826704E+02   7.23706059E+02
  103  694  4.768898113528476E+02   7.63433602E+02
  104  701  4.764043211141097E+02   7.65068594E+02
  105  708  4.751954131623428E+02   9.02395277E+02
  106  716  4.713189481375497E+02   1.94698090E+02
  107  722  4.696986987640101E+02   2.95544282E+02
  108  737  4.681620258637220E+02   1.76693728E+03
  109  743  4.672174115372889E+02   1.96621545E+03
  110  751  4.663472885207777E+02   1.91761229E+03
  111  756  4.660935131284980E+02   1.60554840E+03
  112  766  4.656003832791291E+02   9.01580910E+03
  113  770  4.654519430866615E+02   9.97246263E+03
  114  779  4.641121608648442E+02   1.21499136E+04
  115  785  4.618283156513230E+02   4.67965629E+03
  116  790  4.599837637005899E+02   3.32453782E+03
  117  795  4.592843690945872E+02   3.25863494E+03
  118  802  4.581304868692130E+02   2.77636809E+04
  119  805  4.578286454942800E+02   1.20957122E+04
  120  810  4.573908616415784E+02   1.19516361E+04
  121  818  4.559381572209913E+02   2.06995674E+04
  122  826  4.558764273995312E+02   2.07114668E+04
  123  831  4.556465047284275E+02   2.33823011E+04
  124  836  4.555165061549375E+02   2.17215723E+04
  125  870  4.547311400607907E+02   1.15221444E+05
  126  874  4.545497805250403E+02   1.09212769E+05
  127  878  4.543072750297513E+02   1.06376864E+05
  128  882  4.528562827092121E+02   3.48011566E+03
  129  890  4.498356181193830E+02   9.16314050E+03
  130  905  4.477860349095075E+02   2.54319986E+04
  131  909  4.469249211273269E+02   1.54002270E+02
  132  959  4.469249211273269E+02   1.53989227E+02
  133  971  4.407084620639566E+02   1.58524792E+02
  134  984  4.381541999502633E+02   5.61779843E+03
  135  990  4.366078197576988E+02   1.26518125E+04
  136  997  4.363282926415088E+02   1.22906650E+04
  137 1001  4.357024425786672E+02   2.00653979E+04
  138 1005  4.345206829181856E+02   1.37055064E+04
  139 1014  4.344649033164640E+02   1.36609463E+04
  140 1020  4.343072957653238E+02   1.30658319E+04
  141 1024  4.335570251856078E+02   1.12358855E+04
  142 1034  4.334608561365195E+02   1.11589657E+04
  143 1041  4.330283374733452E+02   1.02448448E+04
  144 1048  4.328629102137327E+02   9.93073586E+03
  145 1054  4.326756395716363E+02   9.52115899E+03
  146 1060  4.318600175663177E+02   7.62528214E+03
  147 1068  4.310560222205054E+02   6.94232566E+03
  148 1075  4.304656067513113E+02   6.65986361E+03
  149 1083  4.304209509011786E+02   6.61511645E+03
  150 1091  4.296583561859463E+02   5.81978863E+03
  151 1097  4.283266630958313E+02   6.05815945E+03
  152 1105  4.279934362389677E+02   6.62887750E+03
  153 1111  4.272779455561280E+02   8.76641151E+03
  154 1122  4.263133806476800E+02   1.15664822E+04
  155 1127  4.260878738080953E+02   7.05677637E+03
  156 1134  4.259393119923196E+02   6.79746546E+03
  157 1141  4.258587812464160E+02   6.66701678E+03
  158 1146  4.258423684678385E+02   6.39431218E+03
  159 1156  4.255768825202888E+02   6.22408643E+03
  160 1161  4.251998478026909E+02   1.94022752E+03
  161 1166  4.250211351913447E+02   1.77049326E+03
  162 1175  4.246892194794489E+02   1.64630689E+03
  163 1184  4.242921712222893E+02   1.66719909E+03
  164 1193  4.240786594868290E+02   1.76292497E+03
  165 1225  4.238727868821219E+02   1.70163040E+03
  166 1229  4.233421008149641E+02   4.57685300E+02
  167 1237  4.232690936260386E+02   2.10831536E+02
  168 1244  4.228784866470816E+02   2.36827831E+02
  169 1252  4.219196121006560E+02   9.78240757E+02
  170 1257  4.216210859960427E+02   8.36910548E+02
  171 1266  4.195579760120020E+02   3.92924832E+02
  172 1295  4.194259843711986E+02   3.91779236E+02
  173 1299  4.192406306891204E+02   1.86941534E+02
  174 1304  4.190497369189566E+02   1.26266922E+02
  175 1308  4.189205589978697E+02   9.20522170E+01
  176 1324  4.177742194999336E+02   1.33530636E+02
  177 1334  4.175385103704720E+02   1.86739307E+02
  178 1345  4.173441449529838E+02   9.62940166E+02
  179 1352  4.171438756305768E+02   8.92629831E+02
  180 1386  4.168778759388913E+02   2.31012380E+03
  181 1392  4.165748106625014E+02   1.39328431E+02
  182 1398  4.155124256402885E+02   5.80112866E+02
  183 1439  4.131574927617943E+02   1.26741233E+03
  184 1444  4.128187120519264E+02   1.91820299E+02
  185 1451  4.126140265241443E+02   9.96835343E+02
  186 1455  4.113402261617421E+02   1.89203686E+03
  187 1462  4.081727672756593E+02   2.99301953E+03
  188 1467  4.068097933966564E+02   2.44295753E+03
  189 1472  4.066503144153078E+02   2.33591235E+03
  190 1477  4.054568909093037E+02   1.66202804E+03
  191 1483  4.040561436192709E+02   2.06533456E+03
  192 1490  4.023261073007316E+02   9.08753785E+03
  193 1494  4.000237247184773E+02   1.60419715E+04
  194 1500  3.993901262049233E+02   3.94086757E+02
  195 1505  3.993901262049233E+02   3.94081341E+02
  196 1508  3.989996084135841E+02   5.42934056E+02
  197 1530  3.988779496549719E+02   5.43236435E+02
  198 1533  3.985954492201122E+02   1.07456198E+02
  199 1543  3.985954492201122E+02   1.07453982E+02
  200 1547  3.975624038314513E+02   8.60593619E+01
  201 1558  3.967140799767497E+02   1.59926228E+02
  202 1566  3.958122423421106E+02   4.78470206E+02
  203 1573  3.952562499568199E+02   9.35520430E+02
  204 1588  3.941649773659106E+02   5.66482070E+03
  205 1601  3.937932868149406E+02   7.83188315E+03
  206 1607  3.935486425785546E+02   7.05070115E+02
  207 1616  3.935486425785546E+02   7.05062272E+02
  208 1620  3.915760970529033E+02   1.13691959E+02
  209 1624  3.892109491096980E+02   2.14547337E+02
  210 1654  3.876379251231266E+02   6.22383078E+02
  211 1658  3.873438675454860E+02   3.98713519E+02
  212 1662  3.869185127598013E+02   7.70239353E+01
  213 1666  3.869101145430931E+02   7.57863458E+01
  214 1670  3.867810508278013E+02   9.33258276E+01
  215 1679  3.867810508278013E+02   9.33244930E+01
  216 1688  3.866312808033923E+02   5.67544279E+01
  217 1697  3.864292199833976E+02   1.95386688E+02
  218 1718  3.859662758724753E+02   1.33972648E+03
  219 1735  3.855928551873366E+02   1.50313478E+03
  220 1740  3.852464840692416E+02   4.39118749E+01
  221 1743  3.852464840692416E+02   4.39097414E+01
  222 1752  3.847174270342090E+02   2.08540574E+02
  223 1755  3.838051899162963E+02   1.29025041E+02
  224 1759  3.832563239212352E+02   1.61821143E+02
  225 1770  3.821800723020617E+02   2.25233412E+03
  226 1776  3.816052561917624E+02   3.37423361E+03
  227 1781  3.813788803232633E+02   3.01768897E+03
  228 1784  3.811311643136294E+02   8.56340771E+02
  229 1790  3.809174000652673E+02   8.36793795E+01
  230 1800  3.809174000652673E+02   8.36777047E+01
  231 1826  3.808888284935630E+02   8.35070149E+01
  232 1830  3.808115207873294E+02   1.35566816E+02
  233 1840  3.808115207873294E+02   1.35563653E+02
  234 1849  3.805902703491753E+02   1.22521996E+02
  235 1853  3.805154382838879E+02   6.55117948E+01
  236 1870  3.805154382838879E+02   6.55095963E+01
  237 1896  3.804810961300770E+02   6.51267712E+01
  238 1902  3.803814705296948E+02   1.26171157E+02
  239 1921  3.803782012761370E+02   1.29857552E+02
  240 1936  3.803381624807781E+02   1.02642971E+02
  241 1952  3.803372438938925E+02   1.24773369E+02
  242 1964  3.803257832996449E+02   2.51651963E+02
  243 1997  3.802441990917944E+02   3.47484198E+02
  244 2009  3.801574886164910E+02   4.65293376E+02
  245 2025  3.801130023906067E+02   1.02190821E+03
  246 2034  3.793296010525187E+02   2.52811965E+03
  247 2059  3.786099560619431E+02   2.57736851E+03
  248 2065  3.780769149456481E+02   2.56098954E+02
  249 2083  3.780769149456481E+02   2.56097969E+02
  250 2104  3.777924548614018E+02   1.01883619E+02
  251 2120  3.774312610827103E+02   3.70571219E+02
  252 2131  3.773798922323705E+02   4.05623502E+02
  253 2152  3.772965499477315E+02   1.06485453E+03
  254 2159  3.768829666441324E+02   1.72980817E+03
  255 2162  3.756029652613737E+02   9.37685608E+01
  256 2165  3.752525389125892E+02   6.22320192E+01
  257 2171  3.742443479196310E+02   1.11022177E+02
  258 2200  3.740518330396243E+02   1.09336331E+02
  259 2204  3.739617527485948E+02   4.15042297E+01
  260 2219  3.739526459712030E+02   4.12403488E+01
  261 2233  3.738875670510892E+02   4.88589852E+01
  262 2252  3.738084956253176E+02   1.10455484E+02
  263 2275  3.737149311847267E+02   1.75006701E+02
  264 2279  3.736589063576396E+02   3.54684476E+01
  265 2285  3.735679055597794E+02   3.60422070E+01
  266 2300  3.735609179543335E+02   2.27706004E+01
  267 2318  3.735573758048898E+02   2.31279293E+01
  268 2328  3.735185796875016E+02   2.56602086E+01
  269 2351  3.735116281459530E+02   1.70173215E+01
  270 2388  3.734946086473462E+02   1.92339185E+01
  271 2421  3.734794203882449E+02   3.60467291E+01
  272 2427  3.734293492014109E+02   1.87034740E+01
  273 2434  3.734293492014109E+02   1.86863470E+01
  274 2467  3.734073665819989E+02   2.00488680E+01
  275 2471  3.733919123996503E+02   1.69540186E+01
  276 2483  3.733919123996503E+02   1.69406235E+01
  277 2496  3.733397713829910E+02   5.24580370E+01
  278 2500  3.733397713829910E+02   5.24580370E+01
  278 2500  3.733397713829910E+02   5.24580370E+01
  Iteration failed to converge!
Starting an iteration with eps=0.100000, with x0 yielding 699389.723365 probes
  NIT   NF   F                       GTG
    0    1  3.791137660358755E+02   6.80370244E+02
    1   11  3.786423277690540E+02   6.30690472E+01
    2   21  3.786020815284761E+02   7.04325510E+01
    3   48  3.785824028204277E+02   9.80901467E+01
    4   58  3.785740115454328E+02   1.02326256E+02
    5   71  3.785555922244718E+02   4.49293201E+02
    6   79  3.785399485056726E+02   8.93874470E+02
    7  105  3.785144933575766E+02   1.39524746E+03
    8  109  3.784692596421700E+02   3.02062329E+03
    9  130  3.784218464428176E+02   7.72819137E+02
   10  133  3.783920632231669E+02   6.86365795E+02
   11  153  3.783554740428772E+02   8.32945971E+01
   12  162  3.783422121066850E+02   8.13421194E+01
   13  172  3.783249837671137E+02   7.84951506E+01
   14  184  3.782709140847154E+02   2.78676818E+02
   15  190  3.782185583733570E+02   3.14541150E+02
   16  216  3.781727403778867E+02   1.09615070E+03
   17  222  3.781504009825998E+02   1.10936068E+03
   18  229  3.780861767303862E+02   1.08112177E+03
   19  240  3.780009637947176E+02   3.05427432E+03
   20  254  3.779956906914034E+02   2.89375191E+03
   21  266  3.779926001820816E+02   2.78490572E+03
   22  278  3.779691132273334E+02   2.17747056E+03
   23  286  3.779611957138853E+02   1.95098069E+03
   24  296  3.779557696556265E+02   1.84378160E+03
   25  307  3.779450446835154E+02   1.58506068E+03
   26  325  3.779000487083717E+02   2.51156837E+01
   27  333  3.778586318366040E+02   2.05139150E+01
   28  343  3.778295277946963E+02   8.89960816E+01
   29  370  3.777697258188791E+02   1.19932235E+02
   30  416  3.777697257271739E+02   1.19932278E+02
   31  420  3.777441142833807E+02   1.53324982E+01
   32  427  3.777359310275892E+02   6.12460616E+01
   33  433  3.777050137745225E+02   1.01740081E+02
   34  452  3.777035619879294E+02   9.71595862E+01
   35  481  3.776786970484303E+02   1.91931389E+02
   36  512  3.776643080175594E+02   1.88896699E+02
   37  516  3.776533066028289E+02   1.32344138E+01
   38  521  3.776533066028289E+02   1.32343228E+01
   39  555  3.776525935828569E+02   1.32206889E+01
   40  568  3.776487697954159E+02   2.84608257E+01
   41  574  3.776065020557912E+02   3.53298283E+01
   42  582  3.775973575754679E+02   1.44364214E+01
   43  601  3.775971380240288E+02   1.53812082E+01
   44  623  3.775760170730991E+02   2.28061827E+02
   45  635  3.774834773189783E+02   3.69803722E+02
   46  642  3.774650980296803E+02   5.54600890E+01
   47  650  3.774650980296803E+02   5.54600350E+01
   48  658  3.774208988733801E+02   1.53290554E+01
   49  670  3.774143325736027E+02   1.40617268E+01
   50  673  3.774124111482670E+02   4.69082129E+01
   51  683  3.774124111482670E+02   4.69080854E+01
   52  727  3.774123765472959E+02   4.73328966E+01
   53  745  3.773067050846658E+02   1.00634154E+03
   54  759  3.772698189310512E+02   2.79336403E+03
   55  841  3.772598138106758E+02   2.69580927E+03
   56  846  3.772248149001082E+02   1.75194624E+02
   57  856  3.772248149001082E+02   1.75169557E+02
   58  884  3.771254576444740E+02   1.64870385E+02
   59  898  3.771203759863885E+02   4.09348193E+02
   60  915  3.770567633546752E+02   4.95379595E+02
   61  946  3.770124138552906E+02   1.23733459E+03
   62  950  3.769835512014645E+02   4.89294650E+02
   63  956  3.769644407491164E+02   2.61737742E+01
   64  973  3.769644407491164E+02   2.61735843E+01
   65  980  3.768799423189843E+02   3.78919560E+01
   66  998  3.768127536921492E+02   3.70330827E+01
   67 1028  3.767485367937311E+02   2.87994728E+01
   68 1032  3.767353012565421E+02   7.28579995E+01
   69 1042  3.767353012565421E+02   7.28577335E+01
   70 1075  3.766987311169602E+02   1.65303299E+01
   71 1079  3.766923919033983E+02   2.22945444E+01
   72 1083  3.766841973579448E+02   7.47396140E+01
   73 1092  3.766602524146869E+02   1.57138692E+01
   74 1121  3.766598767731263E+02   1.55376768E+01
   75 1175  3.766586581209974E+02   3.02595381E+01
   76 1179  3.766526572597517E+02   1.70032741E+01
   77 1194  3.766526572597517E+02   1.70030667E+01
   78 1225  3.766488923586040E+02   1.44412711E+01
   79 1235  3.766188935797665E+02   6.37604417E+01
   80 1294  3.766186208115140E+02   7.22746887E+01
   81 1319  3.766125442267466E+02   6.70523541E+01
   82 1322  3.766036074967224E+02   1.04976558E+01
   83 1332  3.765934409293872E+02   6.54031888E+00
   84 1358  3.765919131851628E+02   1.79224061E+01
   85 1366  3.765786841633388E+02   1.38508944E+01
   86 1395  3.765338363169013E+02   2.16683055E+01
   87 1435  3.765338362436230E+02   2.16683082E+01
   88 1461  3.765324443767760E+02   1.15292395E+01
   89 1465  3.765324443767760E+02   1.15265739E+01
   90 1494  3.765285732899018E+02   1.12922516E+01
   91 1499  3.765234008905747E+02   1.21676614E+01
   92 1503  3.765232171629647E+02   1.10873887E+01
   93 1511  3.765217817581108E+02   3.89118250E+00
   94 1529  3.765148924669157E+02   5.91293428E+00
   95 1557  3.765118864264883E+02   6.91626377E+00
   96 1561  3.765022300733098E+02   8.75573991E+00
   97 1570  3.765022300733098E+02   8.75563961E+00
   98 1600  3.764881680736273E+02   6.60314906E+00
   99 1606  3.764853561336755E+02   3.71368466E+00
  100 1610  3.764801483825778E+02   2.24719587E+01
  101 1636  3.764785660372743E+02   7.74821103E+00
  102 1644  3.764539533841343E+02   3.48379420E+01
  103 1650  3.764460997528643E+02   3.22868147E+01
  104 1655  3.764392763710581E+02   1.20730326E+01
  105 1662  3.764365297777642E+02   1.46285450E+01
  106 1678  3.764365297777642E+02   1.46266728E+01
  107 1707  3.764310636416328E+02   2.01500115E+02
  108 1731  3.764056549651726E+02   3.90800665E+01
  109 1735  3.763899484010761E+02   1.61510214E+01
  110 1749  3.763899484010761E+02   1.61495798E+01
  111 1765  3.763727092530492E+02   1.52504014E+02
  112 1772  3.763127356205962E+02   7.36626109E+01
  113 1781  3.762910403247870E+02   1.81817735E+02
  114 1790  3.762660208514415E+02   1.59745388E+02
  115 1794  3.762465659168645E+02   7.13563361E+01
  116 1802  3.762305609452158E+02   1.15656193E+02
  117 1854  3.762075599768911E+02   1.21061706E+02
  118 1862  3.761888930911927E+02   1.00940795E+02
  119 1866  3.761663001674473E+02   3.86296798E+01
  120 1879  3.761663001674473E+02   3.86296798E+01
  121 1888  3.761663001674473E+02   3.86295506E+01
  122 1904  3.760877846789338E+02   1.10969953E+02
  123 1919  3.760872683034447E+02   1.47412018E+02
  124 1930  3.760662128305155E+02   2.96362480E+02
  125 1936  3.760316514566018E+02   3.38866123E+02
  126 1945  3.760316514566018E+02   3.38865878E+02
  127 1975  3.760045670345763E+02   5.53365171E+02
  128 1981  3.759835167912655E+02   1.71946688E+01
  129 1999  3.759835167912655E+02   1.71945972E+01
  130 2019  3.759800803072726E+02   8.02077939E+00
  131 2063  3.759761844345595E+02   5.70595934E+00
  132 2069  3.759730763667273E+02   2.87307059E+00
  133 2075  3.759703984122140E+02   7.03164245E+00
  134 2084  3.759611870895287E+02   1.28415817E+01
  135 2095  3.759531966040415E+02   7.05776956E+01
  136 2106  3.759528660095357E+02   1.55945883E+02
  137 2111  3.759350340907412E+02   1.13441724E+02
  138 2114  3.759264516059879E+02   3.54277013E+00
  139 2122  3.759264516059879E+02   3.54124489E+00
  140 2125  3.759211987452188E+02   3.96522723E+00
  141 2146  3.759211987452188E+02   3.96391883E+00
  142 2160  3.759171560721007E+02   5.05707006E+00
  143 2197  3.759124801131046E+02   3.73236713E+00
  144 2233  3.759123776610586E+02   3.72461638E+00
  145 2286  3.759107082217693E+02   8.24694324E+00
  146 2296  3.759103796638704E+02   5.46312223E+00
  147 2322  3.759097626769181E+02   8.53659486E+00
  148 2357  3.759097626743724E+02   8.53780790E+00
  148 2399  3.759097626743724E+02   8.53780790E+00
  Iteration failed to converge!
Starting an iteration with eps=0.010000, with x0 yielding 699922.367059 probes
  NIT   NF   F                       GTG
    0    1  3.763025938386720E+02   7.25706038E+02
    1   28  3.763025938386720E+02   7.24950136E+02
    2   44  3.762344331164077E+02   1.24602574E+02
    3   71  3.762172783973964E+02   9.50602812E+01
    4  114  3.762172783973962E+02   9.50602817E+01
  Iteration was successful
##############################
Continuous parameter values:
ablv: (0.053416, 0.000000)
achimota: (0.000000, 0.000000)
aedes: (0.060287, 0.000000)
aguacate: (0.006535, 0.000000)
akabane: (0.532299, 0.000000)
alethinophid_reptarenavirus: (0.000000, 0.000000)
allpahuayo: (0.000000, 0.000000)
amapari: (0.013244, 0.000000)
ampv: (0.245307, 0.000000)
andes: (0.013394, 0.000000)
apmv: (0.506271, 0.000000)
apoi: (0.000000, 0.000000)
aravan: (0.000000, 0.000000)
aroa: (0.000000, 0.000000)
arumowot: (0.000000, 0.000000)
aspv: (0.006535, 0.000000)
avian_vornavirus: (0.000000, 0.000000)
b19: (0.468489, 0.772098)
bagaza: (0.076794, 0.000000)
banna: (0.112645, 0.000000)
bat_hepevirus: (0.000000, 0.000000)
bat_sapovirus_tlc58: (0.000000, 0.000000)
bear_canyon: (0.019165, 0.000000)
beilong: (0.000000, 0.000000)
betapapillomavirus_1: (0.058117, 0.000000)
betapapillomavirus_2: (0.172708, 0.000000)
betapapillomavirus_3: (0.000000, 0.000000)
betapapillomavirus_4: (0.000000, 0.000000)
betapapillomavirus_5: (0.000000, 0.000000)
betapapillomavirus_6: (0.000000, 0.000000)
bhanja: (0.000000, 0.000000)
bk: (0.905069, 1.445745)
bokeloh_bat: (0.000000, 0.000000)
borna_disease: (0.094420, 0.000000)
bovine_hepacivirus: (0.043119, 0.000000)
bpv_3: (0.709651, 0.000000)
brazoran: (0.000000, 0.000000)
brsv: (0.006535, 0.000000)
bunyamwera: (0.325905, 0.000000)
california_encephalitis: (0.938386, 0.000000)
candiru: (0.000000, 0.000000)
canine_distemper: (1.000592, 0.084321)
canine_pneumovirus: (0.000000, 0.000000)
cedar: (0.000000, 0.000000)
cell_fusing_agent: (0.000000, 0.000000)
cetacean_morbillivirus: (0.000000, 0.000000)
chandipura: (0.049328, 0.000000)
chaoyang: (0.039223, 0.000000)
chapare: (0.000000, 0.000000)
chikungunya: (0.999768, 4.280748)
colobus_monkey_papillomavirus: (0.000000, 0.000000)
crimean_congo: (1.482993, 23.866524)
ctfv: (0.000000, 0.000000)
cupixi: (0.000000, 0.000000)
cxfv: (0.562996, 0.000000)
dengue: (2.999601, 17.245955)
dobrava_belgrade: (0.099997, 0.000000)
donggang: (0.000000, 0.000000)
dugbe: (0.020889, 0.000000)
duvenhage: (0.163349, 0.000000)
eblv_1: (0.194110, 0.000000)
eblv_2: (0.123290, 0.000000)
ebola_nonzaire: (0.933304, 0.000000)
ebola_zaire_with_2014: (0.999613, 4.304026)
eee: (0.999667, 0.000000)
entebbe_bat: (0.000000, 0.000000)
enterovirus_a: (2.922952, 28.545044)
enterovirus_b: (0.993409, 49.999000)
enterovirus_c: (1.695405, 30.000340)
enterovirus_d: (0.999746, 0.000000)
eyach: (0.000000, 0.000000)
feline_morbillivirus: (0.168443, 0.000000)
fer_de_lance: (0.000000, 0.000000)
fitzroy_river: (0.000000, 0.000000)
flexal: (0.011944, 0.000000)
gairo: (0.000000, 0.000000)
gbv_c: (0.706802, 22.734398)
gemycircularvirus_sl1: (0.032505, 0.000000)
goose_paramyxovirus_sf02: (0.000000, 0.000000)
great_island: (0.054925, 0.000000)
guanarito: (0.087414, 0.000000)
hantaan: (0.629924, 0.000000)
hantavirus_z10: (0.026850, 0.000000)
hbov: (0.795835, 0.855356)
heartland: (0.105767, 0.000000)
hecv_4408: (0.000000, 0.000000)
hendra: (0.460295, 0.000000)
hepatitis_a: (1.236537, 2.272271)
hepatitis_b: (2.999887, 18.080330)
hepatitis_c: (5.435190, 29.999847)
hepatitis_delta: (0.536533, 0.000000)
hepatitis_e: (1.586454, 30.000178)
herpesvirus_1: (0.999747, 0.970851)
herpesvirus_2: (0.999653, 8.416823)
herpesvirus_3: (0.999519, 0.000000)
herpesvirus_4: (0.999771, 19.877088)
herpesvirus_5: (2.009256, 30.009778)
herpesvirus_6: (0.601083, 0.000000)
herpesvirus_7: (0.322431, 0.000000)
herpesvirus_8: (0.492267, 0.000000)
hervk: (0.054426, 0.000000)
hiv1_without_ltr: (5.844474, 32.660199)
hiv2_without_ltr: (0.191297, 0.000000)
hpiv_1: (0.941653, 1.819573)
hpiv_2: (0.179296, 0.000000)
hpiv_3: (1.104674, 5.240995)
hpiv_4: (0.210341, 0.000000)
hpv: (0.006632, 0.000000)
human_coronavirus_229e: (0.510470, 0.000000)
human_coronavirus_hku1: (0.971197, 0.855319)
human_coronavirus_nl63: (0.999544, 1.752763)
human_coronavirus_oc43: (0.999730, 4.501829)
human_genital_associated_circular_dna: (0.000000, 0.000000)
human_picobirnavirus: (0.000000, 0.000000)
human_smacovirus_1: (0.079687, 0.000000)
ikoma: (0.000000, 0.000000)
ilheus: (0.000000, 0.000000)
influenza_a: (2.026819, 28.812029)
influenza_b: (0.972937, 0.000000)
influenza_c: (0.000000, 0.000000)
ippy: (0.000000, 0.000000)
irkut: (0.000000, 0.000000)
j_virus: (0.000000, 0.000000)
jc: (0.999601, 2.508226)
jev: (1.859144, 0.000000)
junin: (0.261871, 0.000000)
kadipiro: (0.000000, 0.000000)
kamiti_river: (0.029889, 0.000000)
kedougou: (0.000000, 0.000000)
kfd: (0.542718, 0.397422)
khujand: (0.000000, 0.000000)
ki_polyomavirus: (0.061734, 0.037461)
kokobera: (0.016057, 0.000000)
lagos_bat: (0.114363, 0.000000)
langat: (0.020804, 0.000000)
lassa: (2.638013, 27.537427)
latino: (0.015409, 0.000000)
lcmv: (0.349028, 0.000000)
leopards_hill: (0.077428, 0.000000)
liao_ning: (0.000000, 0.000000)
lloviu_cuevavirus: (0.000000, 0.000000)
louping_ill: (0.086894, 0.000000)
lujo: (0.000000, 0.000000)
luna: (0.000000, 0.000000)
lunk_nks1: (0.000000, 0.000000)
lyssavirus_ozernoe: (0.000000, 0.000000)
machupo: (0.008055, 0.000000)
mamastrovirus: (0.300019, 0.000000)
manzanilla: (0.000000, 0.000000)
mapuera: (0.000000, 0.000000)
marburg: (0.999793, 0.000000)
mastadenovirus_a: (0.229860, 0.000000)
mastadenovirus_b: (1.683717, 6.770962)
mastadenovirus_c: (0.999802, 2.663887)
mastadenovirus_d: (1.999661, 9.321947)
mayaro: (0.088112, 0.000000)
mcv: (0.355508, 0.493521)
measles: (1.012656, 0.000000)
menangle: (0.006360, 0.000000)
mercadeo: (0.042831, 0.000000)
mers: (0.999495, 0.165550)
metapneumovirus: (1.324083, 4.476407)
mobala: (0.000000, 0.000000)
modoc: (0.000000, 0.000000)
mojiang: (0.000000, 0.000000)
mokola: (0.038466, 0.000000)
montana_myotis_leukoencephalitis: (0.000000, 0.000000)
mopeia: (0.029843, 0.000000)
mopeia_lassa_reassortant_29: (0.068483, 0.122889)
morogoro: (0.000000, 0.000000)
mossman: (0.000000, 0.000000)
mssi2_225: (0.000000, 0.000000)
mumps: (1.378602, 1.109767)
murine_pneumonia: (0.045791, 0.000000)
mvev: (0.088738, 0.000000)
nariva: (0.000000, 0.000000)
ndv: (2.782581, 30.000107)
nipah: (0.224303, 0.000000)
norwalk: (1.887721, 29.464776)
norway_rat_hepacivirus: (0.000000, 0.000000)
ntaya: (0.023380, 0.000000)
o_nyong_nyong: (0.057960, 0.000000)
oliveros: (0.000000, 0.000000)
omsk_hemorrhagiv_fever: (0.057363, 0.000000)
oropouche: (0.130089, 0.000000)
parana: (0.016007, 0.000000)
parramatta_river: (0.000000, 0.000000)
pichinde: (0.084049, 0.000000)
pirital: (0.038823, 0.000000)
piscihepevirus_a: (0.000000, 0.000000)
piv_5: (0.422656, 0.000000)
porcine: (0.000000, 0.000000)
powassan: (0.297119, 0.000000)
ppiv_1: (0.025094, 0.000000)
pprv: (1.000283, 0.000000)
ptlv_1: (0.562526, 0.291056)
ptlv_2: (0.336397, 0.000000)
punta_toro: (0.365382, 0.000000)
puumala: (0.433772, 0.000000)
quang_binh: (0.000000, 0.000000)
razdan: (0.000000, 0.000000)
reptile_bornavirus_1: (0.000000, 0.000000)
rhabdovirus: (2.543153, 0.000000)
rhinovirus_a: (0.343707, 29.999455)
rhinovirus_b: (0.200683, 0.000000)
rift_valley_fever: (1.000063, 0.000000)
rinderpest: (0.264494, 0.000000)
rio_bravo: (0.033346, 0.000000)
rodent_hepacivirus: (0.000000, 0.000000)
rodent_torque_teno: (0.025233, 0.000000)
ross_river: (0.198113, 0.000000)
rotavirus_a: (3.672859, 30.000488)
rotavirus_b: (0.113146, 0.000000)
rotavirus_c: (1.020886, 0.000000)
rotavirus_f: (0.000000, 0.000000)
rotavirus_g: (0.000000, 0.000000)
rotavirus_h: (0.127611, 0.000000)
rotavirus_i: (0.008096, 0.000000)
royal_farm: (0.015329, 0.000000)
rsv: (1.999624, 9.036632)
rubella: (1.076834, 0.000000)
sabia: (0.000000, 0.000000)
salem: (0.000000, 0.000000)
sapporo: (0.213087, 0.000000)
sars: (0.999736, 0.000000)
sathuperi: (0.066508, 0.000000)
seal_anellovirus: (0.000000, 0.000000)
sendai: (0.420172, 0.000000)
seoul: (0.829842, 0.000000)
sepik: (0.000000, 0.000000)
sfnv: (0.305991, 0.000000)
sfsv: (0.014562, 0.000000)
sfts: (1.351667, 2.065354)
shamonda: (0.050594, 0.000000)
shimoni_bat: (0.000000, 0.000000)
shuni: (0.169686, 0.000000)
simbu: (0.000000, 0.000000)
simian_41: (0.000000, 0.000000)
simian_torque_teno: (0.000000, 0.000000)
sin_nombre: (0.099495, 0.000000)
slev: (0.235404, 0.000000)
small_anellovirus: (0.000000, 0.000000)
sosuga: (0.000000, 0.000000)
spanish_goat_encephalitis: (0.000000, 0.000000)
sunshine: (0.000000, 0.000000)
sv40: (0.171719, 0.454108)
tacaribe: (0.056590, 0.000000)
tailam: (0.000000, 0.000000)
tamana_bat: (0.000000, 0.000000)
tamiami: (0.017555, 0.000000)
tbev: (1.908882, 2.272200)
tembusu: (0.999718, 0.203245)
thogoto: (0.000000, 0.000000)
thottapalayam: (0.261826, 0.000000)
tioman: (0.000000, 0.000000)
tlmv: (0.017531, 0.000000)
torque_teno: (1.003783, 0.000000)
torque_teno_canis: (0.006244, 0.000000)
torque_teno_douroucouli: (0.000000, 0.000000)
torque_teno_felis: (0.027010, 0.000000)
torque_teno_midi: (0.000000, 0.000000)
torque_teno_mini: (0.006244, 0.000000)
torque_teno_sus: (0.772472, 0.000000)
torque_teno_tamarin: (0.000000, 0.000000)
torque_teno_zalophus: (0.000000, 0.000000)
tuhoko: (0.000000, 0.000000)
tula: (0.093668, 0.000000)
tupaia: (0.000000, 0.000000)
usutu: (0.952417, 0.000000)
uukuniemi: (0.164580, 0.000000)
vaccinia: (1.000957, 11.203983)
variola: (0.999636, 0.000000)
vee: (1.072530, 0.241891)
vsiv: (0.229972, 0.000000)
wee: (0.734504, 1.236085)
wesselsbron: (0.000000, 0.000000)
west_caucasion_bat: (0.000000, 0.000000)
west_nile: (1.796329, 4.121898)
whitewater_arroyo: (0.000000, 0.000000)
wu_polyomavirus: (0.309919, 0.000000)
yellow_fever: (0.999789, 0.000000)
yokose: (0.000000, 0.000000)
ypv: (0.000000, 0.000000)
zika: (0.016254, 0.000000)
zygosaccharomyces_bailii_z: (0.000000, 0.000000)
TOTAL INTERPOLATED PROBE COUNT: 699996.878319
##############################

##############################
Rounded parameter values:
ablv: (0, 0)
achimota: (0, 0)
aedes: (0, 0)
aguacate: (0, 0)
akabane: (0, 0)
alethinophid_reptarenavirus: (0, 0)
allpahuayo: (0, 0)
amapari: (0, 0)
ampv: (0, 0)
andes: (0, 0)
apmv: (1, 0)
apoi: (0, 0)
aravan: (0, 0)
aroa: (0, 0)
arumowot: (0, 0)
aspv: (0, 0)
avian_vornavirus: (0, 0)
b19: (1, 0)
bagaza: (0, 0)
banna: (0, 0)
bat_hepevirus: (0, 0)
bat_sapovirus_tlc58: (0, 0)
bear_canyon: (0, 0)
beilong: (0, 0)
betapapillomavirus_1: (0, 0)
betapapillomavirus_2: (1, 0)
betapapillomavirus_3: (0, 0)
betapapillomavirus_4: (0, 0)
betapapillomavirus_5: (0, 0)
betapapillomavirus_6: (0, 0)
bhanja: (0, 0)
bk: (1, 10)
bokeloh_bat: (0, 0)
borna_disease: (0, 0)
bovine_hepacivirus: (0, 0)
bpv_3: (1, 0)
brazoran: (0, 0)
brsv: (0, 0)
bunyamwera: (1, 0)
california_encephalitis: (1, 0)
candiru: (0, 0)
canine_distemper: (1, 0)
canine_pneumovirus: (0, 0)
cedar: (0, 0)
cell_fusing_agent: (0, 0)
cetacean_morbillivirus: (0, 0)
chandipura: (0, 0)
chaoyang: (1, 0)
chapare: (0, 0)
chikungunya: (1, 10)
colobus_monkey_papillomavirus: (0, 0)
crimean_congo: (2, 0)
ctfv: (0, 0)
cupixi: (0, 0)
cxfv: (1, 0)
dengue: (3, 20)
dobrava_belgrade: (1, 0)
donggang: (0, 0)
dugbe: (1, 0)
duvenhage: (1, 0)
eblv_1: (1, 0)
eblv_2: (1, 0)
ebola_nonzaire: (1, 0)
ebola_zaire_with_2014: (1, 10)
eee: (1, 0)
entebbe_bat: (0, 0)
enterovirus_a: (3, 30)
enterovirus_b: (1, 30)
enterovirus_c: (2, 30)
enterovirus_d: (1, 0)
eyach: (0, 0)
feline_morbillivirus: (1, 0)
fer_de_lance: (0, 0)
fitzroy_river: (0, 0)
flexal: (0, 0)
gairo: (0, 0)
gbv_c: (1, 30)
gemycircularvirus_sl1: (1, 0)
goose_paramyxovirus_sf02: (0, 0)
great_island: (1, 0)
guanarito: (1, 0)
hantaan: (1, 0)
hantavirus_z10: (1, 0)
hbov: (1, 10)
heartland: (1, 0)
hecv_4408: (0, 0)
hendra: (1, 0)
hepatitis_a: (2, 10)
hepatitis_b: (3, 20)
hepatitis_c: (4, 30)
hepatitis_delta: (1, 0)
hepatitis_e: (2, 30)
herpesvirus_1: (1, 10)
herpesvirus_2: (1, 10)
herpesvirus_3: (1, 0)
herpesvirus_4: (1, 20)
herpesvirus_5: (2, 30)
herpesvirus_6: (1, 0)
herpesvirus_7: (1, 0)
herpesvirus_8: (1, 0)
hervk: (1, 0)
hiv1_without_ltr: (4, 30)
hiv2_without_ltr: (1, 0)
hpiv_1: (1, 10)
hpiv_2: (1, 0)
hpiv_3: (2, 10)
hpiv_4: (1, 0)
hpv: (0, 0)
human_coronavirus_229e: (1, 0)
human_coronavirus_hku1: (1, 10)
human_coronavirus_nl63: (1, 10)
human_coronavirus_oc43: (1, 10)
human_genital_associated_circular_dna: (0, 0)
human_picobirnavirus: (0, 0)
human_smacovirus_1: (1, 0)
ikoma: (0, 0)
ilheus: (0, 0)
influenza_a: (3, 30)
influenza_b: (1, 0)
influenza_c: (0, 0)
ippy: (0, 0)
irkut: (0, 0)
j_virus: (0, 0)
jc: (1, 10)
jev: (2, 0)
junin: (1, 0)
kadipiro: (0, 0)
kamiti_river: (1, 0)
kedougou: (0, 0)
kfd: (1, 0)
khujand: (0, 0)
ki_polyomavirus: (1, 0)
kokobera: (1, 0)
lagos_bat: (1, 0)
langat: (1, 0)
lassa: (3, 30)
latino: (0, 0)
lcmv: (1, 0)
leopards_hill: (1, 0)
liao_ning: (0, 0)
lloviu_cuevavirus: (0, 0)
louping_ill: (1, 0)
lujo: (0, 0)
luna: (0, 0)
lunk_nks1: (0, 0)
lyssavirus_ozernoe: (0, 0)
machupo: (0, 0)
mamastrovirus: (1, 0)
manzanilla: (0, 0)
mapuera: (0, 0)
marburg: (1, 0)
mastadenovirus_a: (1, 0)
mastadenovirus_b: (2, 10)
mastadenovirus_c: (1, 10)
mastadenovirus_d: (2, 10)
mayaro: (1, 0)
mcv: (1, 0)
measles: (2, 0)
menangle: (0, 0)
mercadeo: (1, 0)
mers: (1, 10)
metapneumovirus: (2, 10)
mobala: (0, 0)
modoc: (0, 0)
mojiang: (0, 0)
mokola: (1, 0)
montana_myotis_leukoencephalitis: (0, 0)
mopeia: (1, 0)
mopeia_lassa_reassortant_29: (1, 0)
morogoro: (0, 0)
mossman: (0, 0)
mssi2_225: (0, 0)
mumps: (2, 10)
murine_pneumonia: (1, 0)
mvev: (1, 0)
nariva: (0, 0)
ndv: (3, 30)
nipah: (1, 0)
norwalk: (2, 30)
norway_rat_hepacivirus: (0, 0)
ntaya: (1, 0)
o_nyong_nyong: (1, 0)
oliveros: (0, 0)
omsk_hemorrhagiv_fever: (1, 0)
oropouche: (1, 0)
parana: (1, 0)
parramatta_river: (0, 0)
pichinde: (1, 0)
pirital: (1, 0)
piscihepevirus_a: (0, 0)
piv_5: (1, 0)
porcine: (0, 0)
powassan: (1, 0)
ppiv_1: (1, 0)
pprv: (1, 0)
ptlv_1: (1, 0)
ptlv_2: (1, 0)
punta_toro: (1, 0)
puumala: (1, 0)
quang_binh: (0, 0)
razdan: (0, 0)
reptile_bornavirus_1: (0, 0)
rhabdovirus: (3, 0)
rhinovirus_a: (1, 30)
rhinovirus_b: (1, 0)
rift_valley_fever: (1, 0)
rinderpest: (1, 0)
rio_bravo: (1, 0)
rodent_hepacivirus: (0, 0)
rodent_torque_teno: (1, 0)
ross_river: (1, 0)
rotavirus_a: (3, 30)
rotavirus_b: (1, 0)
rotavirus_c: (2, 0)
rotavirus_f: (0, 0)
rotavirus_g: (0, 0)
rotavirus_h: (1, 0)
rotavirus_i: (0, 0)
royal_farm: (0, 0)
rsv: (2, 10)
rubella: (2, 0)
sabia: (0, 0)
salem: (0, 0)
sapporo: (1, 0)
sars: (1, 0)
sathuperi: (1, 0)
seal_anellovirus: (0, 0)
sendai: (1, 0)
seoul: (1, 0)
sepik: (0, 0)
sfnv: (1, 0)
sfsv: (1, 0)
sfts: (2, 10)
shamonda: (1, 0)
shimoni_bat: (0, 0)
shuni: (1, 0)
simbu: (0, 0)
simian_41: (0, 0)
simian_torque_teno: (0, 0)
sin_nombre: (1, 0)
slev: (1, 0)
small_anellovirus: (0, 0)
sosuga: (0, 0)
spanish_goat_encephalitis: (0, 0)
sunshine: (0, 0)
sv40: (1, 0)
tacaribe: (1, 0)
tailam: (0, 0)
tamana_bat: (0, 0)
tamiami: (1, 0)
tbev: (2, 10)
tembusu: (1, 10)
thogoto: (0, 0)
thottapalayam: (1, 0)
tioman: (0, 0)
tlmv: (1, 0)
torque_teno: (1, 0)
torque_teno_canis: (0, 0)
torque_teno_douroucouli: (0, 0)
torque_teno_felis: (1, 0)
torque_teno_midi: (0, 0)
torque_teno_mini: (0, 0)
torque_teno_sus: (1, 0)
torque_teno_tamarin: (0, 0)
torque_teno_zalophus: (0, 0)
tuhoko: (0, 0)
tula: (1, 0)
tupaia: (0, 0)
usutu: (1, 0)
uukuniemi: (1, 0)
vaccinia: (1, 20)
variola: (1, 0)
vee: (2, 0)
vsiv: (1, 0)
wee: (1, 10)
wesselsbron: (0, 0)
west_caucasion_bat: (0, 0)
west_nile: (2, 10)
whitewater_arroyo: (0, 0)
wu_polyomavirus: (1, 0)
yellow_fever: (1, 0)
yokose: (0, 0)
ypv: (0, 0)
zika: (1, 0)
zygosaccharomyces_bailii_z: (0, 0)
TOTAL PROBE COUNT: 699996
##############################
